#
# There is insufficient memory for the Java Runtime Environment to continue.
# Native memory allocation (mmap) failed to map 536870912 bytes for Failed to commit area from 0x0000000600800000 to 0x0000000620800000 of length 536870912.
# Possible reasons:
#   The system is out of physical RAM or swap space
#   The process is running with CompressedOops enabled, and the Java Heap may be blocking the growth of the native heap
# Possible solutions:
#   Reduce memory load on the system
#   Increase physical memory or swap space
#   Check if swap backing store is full
#   Decrease Java heap size (-Xmx/-Xms)
#   Decrease number of Java threads
#   Decrease Java thread stack sizes (-Xss)
#   Set larger code cache with -XX:ReservedCodeCacheSize=
# This output file may be truncated or incomplete.
#
#  Out of Memory Error (c:/tools/cygwin/home/Administrator/development/Corretto11Src/src/src/hotspot/os/windows/os_windows.cpp:3271), pid=26412, tid=8824
#
# JRE version:  (11.0.3+7) (build )
# Java VM: OpenJDK 64-Bit Server VM (11.0.3+7-LTS, mixed mode, aot, sharing, tiered, compressed oops, g1 gc, windows-amd64)
# No core dump will be written. Minidumps are not enabled by default on client versions of Windows
#

---------------  S U M M A R Y ------------

Command Line: -Xss100M ./sbt-launch.jar

Host: AMD FX(tm)-8350 Eight-Core Processor           , 8 cores, 31G,  Windows 10 , 64 bit Build 19041 (10.0.19041.1706)
Time: Tue Jun 14 22:57:02 2022 中国标准时间 elapsed time: 0 seconds (0d 0h 0m 0s)

---------------  T H R E A D  ---------------

Current thread (0x0000026bd5862800):  JavaThread "Unknown thread" [_thread_in_vm, id=8824, stack(0x000000b5db700000,0x000000b5e1b00000)]

Stack: [0x000000b5db700000,0x000000b5e1b00000]
Native frames: (J=compiled Java code, j=interpreted, Vv=VM code, C=native code)
V  [jvm.dll+0x5d6bea]
V  [jvm.dll+0x70ac5f]
V  [jvm.dll+0x70c2eb]
V  [jvm.dll+0x70c9b3]
V  [jvm.dll+0x23f608]
V  [jvm.dll+0x5d412a]
V  [jvm.dll+0x5c9025]
V  [jvm.dll+0x2f3d1c]
V  [jvm.dll+0x2f3ba2]
V  [jvm.dll+0x2f8856]
V  [jvm.dll+0x339d3f]
V  [jvm.dll+0x339770]
V  [jvm.dll+0x2d1b98]
V  [jvm.dll+0x2d2ce6]
V  [jvm.dll+0x6e6e67]
V  [jvm.dll+0x6e85bf]
V  [jvm.dll+0x346c19]
V  [jvm.dll+0x6cdca0]
V  [jvm.dll+0x3ae01f]
V  [jvm.dll+0x3b0381]
C  [java.exe+0x35fb]
C  [java.exe+0x1783c]
C  [KERNEL32.DLL+0x17034]
C  [ntdll.dll+0x52651]


---------------  P R O C E S S  ---------------

Threads class SMR info:
_java_thread_list=0x0000026bd3de36e0, length=0, elements={
}

Java Threads: ( => current thread )

Other Threads:
  0x0000026bd587d800 GCTaskThread "GC Thread#0" [stack: 0x000000b5e1b00000,0x000000b5e1c00000] [id=14848]
  0x0000026bd58fb000 ConcurrentGCThread "G1 Main Marker" [stack: 0x000000b5e1c00000,0x000000b5e1d00000] [id=16372]
  0x0000026bd58fd800 ConcurrentGCThread "G1 Conc#0" [stack: 0x000000b5e1d00000,0x000000b5e1e00000] [id=15056]

[error occurred during error reporting (printing all threads), id 0xc0000005, EXCEPTION_ACCESS_VIOLATION (0xc0000005) at pc=0x00007ffc1b4907b7]

VM state:not at safepoint (not fully initialized)

VM Mutex/Monitor currently owned by a thread:  ([mutex/lock_event])
[0x0000026bd585d2a0] Heap_lock - owner thread: 0x0000026bd5862800

Heap address: 0x0000000600800000, size: 8184 MB, Compressed Oops mode: Non-zero based: 0x0000000600800000
Narrow klass base: 0x0000000000000000, Narrow klass shift: 0

GC Heap History (0 events):
No events

Deoptimization events (0 events):
No events

Classes redefined (0 events):
No events

Internal exceptions (0 events):
No events

Events (0 events):
No events


Dynamic libraries:
0x00007ff64b000000 - 0x00007ff64b046000 	E:\x64\java\amazon-corretto-11.0.3.7.1-windows-x64\jdk11.0.3_7\bin\java.exe
0x00007ffc4ef50000 - 0x00007ffc4f145000 	C:\Windows\SYSTEM32\ntdll.dll
0x00007ffc4dd50000 - 0x00007ffc4de0d000 	C:\Windows\System32\KERNEL32.DLL
0x00007ffc4c840000 - 0x00007ffc4cb0d000 	C:\Windows\System32\KERNELBASE.dll
0x00007ffc4d1c0000 - 0x00007ffc4d360000 	C:\Windows\System32\USER32.dll
0x00007ffc4c660000 - 0x00007ffc4c682000 	C:\Windows\System32\win32u.dll
0x00007ffc4edf0000 - 0x00007ffc4ee1a000 	C:\Windows\System32\GDI32.dll
0x00007ffc4ce90000 - 0x00007ffc4cf9b000 	C:\Windows\System32\gdi32full.dll
0x00007ffc4cdf0000 - 0x00007ffc4ce8d000 	C:\Windows\System32\msvcp_win.dll
0x00007ffc4cb80000 - 0x00007ffc4cc80000 	C:\Windows\System32\ucrtbase.dll
0x00007ffc32fb0000 - 0x00007ffc3324a000 	C:\Windows\WinSxS\amd64_microsoft.windows.common-controls_6595b64144ccf1df_6.0.19041.1110_none_60b5254171f9507e\COMCTL32.dll
0x00007ffc4d000000 - 0x00007ffc4d09e000 	C:\Windows\System32\msvcrt.dll
0x00007ffc4dd20000 - 0x00007ffc4dd50000 	C:\Windows\System32\IMM32.DLL
0x0000000069ef0000 - 0x0000000069efc000 	D:\Program Files (x86)\360\360Safe557937\360Safe\safemon\SafeWrapper.dll
0x00007ffc4de90000 - 0x00007ffc4df3e000 	C:\Windows\System32\ADVAPI32.dll
0x00007ffc4d360000 - 0x00007ffc4d3fc000 	C:\Windows\System32\sechost.dll
0x00007ffc4e1b0000 - 0x00007ffc4e2d5000 	C:\Windows\System32\RPCRT4.dll
0x00007ffc3ed20000 - 0x00007ffc3edb2000 	D:\Program Files (x86)\360\360Safe557937\360Safe\safemon\libzdtp64.dll
0x00007ffc4e2e0000 - 0x00007ffc4ea24000 	C:\Windows\System32\SHELL32.dll
0x00007ffc4cfa0000 - 0x00007ffc4cff5000 	C:\Windows\System32\SHLWAPI.dll
0x00007ffc4c2e0000 - 0x00007ffc4c2ea000 	C:\Windows\SYSTEM32\VERSION.dll
0x00007ffc3cc00000 - 0x00007ffc3cc15000 	E:\x64\java\amazon-corretto-11.0.3.7.1-windows-x64\jdk11.0.3_7\bin\vcruntime140.dll
0x00007ffc29720000 - 0x00007ffc297bb000 	E:\x64\java\amazon-corretto-11.0.3.7.1-windows-x64\jdk11.0.3_7\bin\msvcp140.dll
0x00007ffc1b1b0000 - 0x00007ffc1bc63000 	E:\x64\java\amazon-corretto-11.0.3.7.1-windows-x64\jdk11.0.3_7\bin\server\jvm.dll
0x00007ffc4dfb0000 - 0x00007ffc4dfb8000 	C:\Windows\System32\PSAPI.DLL
0x00007ffc45110000 - 0x00007ffc45137000 	C:\Windows\SYSTEM32\WINMM.dll
0x00007ffc47500000 - 0x00007ffc47509000 	C:\Windows\SYSTEM32\WSOCK32.dll
0x00007ffc4df40000 - 0x00007ffc4dfab000 	C:\Windows\System32\WS2_32.dll
0x00007ffc49910000 - 0x00007ffc49922000 	C:\Windows\SYSTEM32\kernel.appcore.dll
0x00007ffc47570000 - 0x00007ffc47580000 	E:\x64\java\amazon-corretto-11.0.3.7.1-windows-x64\jdk11.0.3_7\bin\verify.dll
0x00007ffc4c080000 - 0x00007ffc4c264000 	C:\Windows\SYSTEM32\DBGHELP.DLL
0x00007ffc4be20000 - 0x00007ffc4be4c000 	C:\Windows\SYSTEM32\dbgcore.DLL
0x00007ffc4cd60000 - 0x00007ffc4cde2000 	C:\Windows\System32\bcryptPrimitives.dll
0x00007ffc3c6d0000 - 0x00007ffc3c6f8000 	E:\x64\java\amazon-corretto-11.0.3.7.1-windows-x64\jdk11.0.3_7\bin\java.dll
0x00007ffc3ac80000 - 0x00007ffc3ac96000 	E:\x64\java\amazon-corretto-11.0.3.7.1-windows-x64\jdk11.0.3_7\bin\zip.dll
0x00007ffc42000000 - 0x00007ffc4200a000 	E:\x64\java\amazon-corretto-11.0.3.7.1-windows-x64\jdk11.0.3_7\bin\jimage.dll

dbghelp: loaded successfully - version: 4.0.5 - missing functions: none
symbol engine: initialized successfully - sym options: 0x614 - pdb path: .;E:\x64\java\amazon-corretto-11.0.3.7.1-windows-x64\jdk11.0.3_7\bin;C:\Windows\SYSTEM32;C:\Windows\WinSxS\amd64_microsoft.windows.common-controls_6595b64144ccf1df_6.0.19041.1110_none_60b5254171f9507e;D:\Program Files (x86)\360\360Safe557937\360Safe\safemon;E:\x64\java\amazon-corretto-11.0.3.7.1-windows-x64\jdk11.0.3_7\bin\server

VM Arguments:
jvm_args: -Xss100M 
java_command: ./sbt-launch.jar
java_class_path (initial): ./sbt-launch.jar
Launcher Type: SUN_STANDARD

[Global flags]
     intx CICompilerCount                          = 4                                         {product} {ergonomic}
     uint ConcGCThreads                            = 2                                         {product} {ergonomic}
     uint G1ConcRefinementThreads                  = 8                                         {product} {ergonomic}
   size_t G1HeapRegionSize                         = 2097152                                   {product} {ergonomic}
    uintx GCDrainStackTargetSize                   = 64                                        {product} {ergonomic}
   size_t InitialHeapSize                          = 536870912                                 {product} {ergonomic}
   size_t MarkStackSize                            = 4194304                                   {product} {ergonomic}
   size_t MaxHeapSize                              = 8581545984                                {product} {ergonomic}
   size_t MinHeapDeltaBytes                        = 2097152                                   {product} {ergonomic}
    uintx NonNMethodCodeHeapSize                   = 5835340                                {pd product} {ergonomic}
    uintx NonProfiledCodeHeapSize                  = 122911450                              {pd product} {ergonomic}
    uintx ProfiledCodeHeapSize                     = 122911450                              {pd product} {ergonomic}
    uintx ReservedCodeCacheSize                    = 251658240                              {pd product} {ergonomic}
     bool SegmentedCodeCache                       = true                                      {product} {ergonomic}
     intx ThreadStackSize                          = 102400                                 {pd product} {command line}
     bool UseCompressedClassPointers               = true                                 {lp64_product} {ergonomic}
     bool UseCompressedOops                        = true                                 {lp64_product} {ergonomic}
     bool UseG1GC                                  = true                                      {product} {ergonomic}
     bool UseLargePagesIndividualAllocation        = false                                  {pd product} {ergonomic}

Logging:
Log output configuration:
 #0: stdout all=warning uptime,level,tags
 #1: stderr all=off uptime,level,tags

Environment Variables:
JAVA_HOME=E:\x64\java\amazon-corretto-11.0.3.7.1-windows-x64\jdk11.0.3_7
PATH=C:\Python27\Scripts\;C:\Python27\;C:\Windows\system32;C:\Windows;C:\Windows\System32\Wbem;C:\Windows\System32\WindowsPowerShell\v1.0\;C:\Program Files\Git\cmd;C:\Program Files\nodejs\;C:\ProgramData\chocolatey\bin;E:\x64\Microsoft VS Code\bin;C:\Program Files\Git\usr\bin;C:\HashiCorp\Vagrant\bin;C:\Users\Administrator\AppData\Local\Microsoft\WindowsApps;E:\x64\java\amazon-corretto-11.0.3.7.1-windows-x64\jdk11.0.3_7\bin;C:\Users\Administrator\AppData\Roaming\npm;E:\x64\flutter\3.0.1\bin;
USERNAME=Administrator
OS=Windows_NT
PROCESSOR_IDENTIFIER=AMD64 Family 21 Model 2 Stepping 0, AuthenticAMD



---------------  S Y S T E M  ---------------

OS: Windows 10 , 64 bit Build 19041 (10.0.19041.1706)

CPU:total 8 (initial active 8) (8 cores per cpu, 1 threads per core) family 21 model 2 stepping 0, cmov, cx8, fxsr, mmx, sse, sse2, sse3, ssse3, sse4.1, sse4.2, popcnt, avx, aes, clmul, mmxext, 3dnowpref, lzcnt, sse4a, tsc, tscinvbit, tscinv, bmi1, fma

Memory: 4k page, system-wide physical 32732M (14072M free)
TotalPageFile size 58332M (AvailPageFile size 303M)
current process WorkingSet (physical memory assigned to process): 11M, peak: 11M
current process commit charge ("private bytes"): 61M, peak: 573M

vm_info: OpenJDK 64-Bit Server VM (11.0.3+7-LTS) for windows-amd64 JRE (11.0.3+7-LTS), built on Apr  6 2019 05:21:17 by "Administrator" with unknown MS VC++:1916

END.
