#
# A fatal error has been detected by the Java Runtime Environment:
#
#  EXCEPTION_ACCESS_VIOLATION (0xc0000005) at pc=0x00007ff8bb8cfba0, pid=11684, tid=1792
#
# JRE version: OpenJDK Runtime Environment (11.0.3+7) (build 11.0.3+7-LTS)
# Java VM: OpenJDK 64-Bit Server VM (11.0.3+7-LTS, mixed mode, tiered, compressed oops, g1 gc, windows-amd64)
# Problematic frame:
# C  0x00007ff8bb8cfba0
#
# No core dump will be written. Minidumps are not enabled by default on client versions of Windows
#
# If you would like to submit a bug report, please visit:
#   http://bugreport.java.com/bugreport/crash.jsp
# The crash happened outside the Java Virtual Machine in native code.
# See problematic frame for where to report the bug.
#

---------------  S U M M A R Y ------------

Command Line: gd.robot.akka.mainapp.HttpServerRoutingMinimal

Host: AMD FX(tm)-8350 Eight-Core Processor           , 8 cores, 31G,  Windows 10 , 64 bit Build 19041 (10.0.19041.1151)
Time: Tue Nov 16 00:35:37 2021 中国标准时间 elapsed time: 108 seconds (0d 0h 1m 48s)

---------------  T H R E A D  ---------------

Current thread (0x0000025aa94ee000):  JavaThread "my-system-akka.actor.default-blocking-io-dispatcher-37" [_thread_in_native, id=1792, stack(0x000000ff10f00000,0x000000ff11000000)]

Stack: [0x000000ff10f00000,0x000000ff11000000],  sp=0x000000ff10ffcca0,  free space=1011k
Native frames: (J=compiled Java code, j=interpreted, Vv=VM code, C=native code)
C  0x00007ff8bb8cfba0

Java frames: (J=compiled Java code, j=interpreted, Vv=VM code)
J 3987  org.bytedeco.opencv.global.opencv_imgproc.cvMatchTemplate(Lorg/bytedeco/opencv/opencv_core/CvArr;Lorg/bytedeco/opencv/opencv_core/CvArr;Lorg/bytedeco/opencv/opencv_core/CvArr;I)V (0 bytes) @ 0x0000025a87d58c54 [0x0000025a87d58bc0+0x0000000000000094]
J 3985 c1 gd.robot.akka.utils.ImageUtils$.$anonfun$matchImg$4(Lorg/bytedeco/opencv/opencv_core/IplImage;Lorg/bytedeco/opencv/opencv_core/IplImage;Lorg/bytedeco/opencv/opencv_core/IplImage;)Lscala/Option; (57 bytes) @ 0x0000025a80e15c04 [0x0000025a80e15b60+0x00000000000000a4]
J 3984 c1 gd.robot.akka.utils.ImageUtils$$$Lambda$563.apply(Ljava/lang/Object;)Ljava/lang/Object; (16 bytes) @ 0x0000025a80e15664 [0x0000025a80e154e0+0x0000000000000184]
J 3656 c1 scala.util.Using$.resource(Ljava/lang/Object;Lscala/Function1;Lscala/util/Using$Releasable;)Ljava/lang/Object; (137 bytes) @ 0x0000025a80d664dc [0x0000025a80d66380+0x000000000000015c]
J 3803 c1 gd.robot.akka.utils.ImageUtils$$$Lambda$562.apply(Ljava/lang/Object;Ljava/lang/Object;)Ljava/lang/Object; (12 bytes) @ 0x0000025a80db1b8c [0x0000025a80db1380+0x000000000000080c]
J 4052 c1 scala.util.Using$.resources(Ljava/lang/Object;Lscala/Function0;Lscala/Function2;Lscala/util/Using$Releasable;Lscala/util/Using$Releasable;)Ljava/lang/Object; (305 bytes) @ 0x0000025a80e3923c [0x0000025a80e38fe0+0x000000000000025c]
J 3981 c1 gd.robot.akka.utils.ImageUtils$.matchImg([B[B)Lscala/Option; (50 bytes) @ 0x0000025a80e140d4 [0x0000025a80e13960+0x0000000000000774]
J 3816 c1 gd.robot.akka.utils.ImageUtils$$Lambda$554.apply()Ljava/lang/Object; (12 bytes) @ 0x0000025a80db6fac [0x0000025a80db6ee0+0x00000000000000cc]
J 3721 c1 scala.concurrent.Future$$$Lambda$460.apply(Ljava/lang/Object;)Ljava/lang/Object; (12 bytes) @ 0x0000025a80d8d41c [0x0000025a80d8d1e0+0x000000000000023c]
J 3376 c1 scala.concurrent.impl.Promise$Transformation.run()V (527 bytes) @ 0x0000025a80cd6434 [0x0000025a80cd31e0+0x0000000000003254]
J 3526 c1 akka.dispatch.BatchingExecutor$AbstractBatch.processBatch(Lakka/dispatch/BatchingExecutor$AbstractBatch;)V (48 bytes) @ 0x0000025a80d33a6c [0x0000025a80d33540+0x000000000000052c]
J 3525 c1 akka.dispatch.BatchingExecutor$BlockableBatch.$anonfun$run$1(Lakka/dispatch/BatchingExecutor$BlockableBatch;Z)V (82 bytes) @ 0x0000025a80d364e4 [0x0000025a80d36480+0x0000000000000064]
J 3524 c1 akka.dispatch.BatchingExecutor$BlockableBatch$$Lambda$462.apply$mcV$sp()V (12 bytes) @ 0x0000025a80d36044 [0x0000025a80d35fc0+0x0000000000000084]
J 3426 c1 scala.runtime.java8.JFunction0$mcV$sp.apply()Ljava/lang/Object; (10 bytes) @ 0x0000025a80cf60e4 [0x0000025a80cf5fe0+0x0000000000000104]
J 3523 c1 scala.concurrent.BlockContext$.withBlockContext(Lscala/concurrent/BlockContext;Lscala/Function0;)Ljava/lang/Object; (58 bytes) @ 0x0000025a80d34bdc [0x0000025a80d344e0+0x00000000000006fc]
J 3462 c1 akka.dispatch.BatchingExecutor$BlockableBatch.run()V (101 bytes) @ 0x0000025a80d0c77c [0x0000025a80d0b720+0x000000000000105c]
J 3507 c1 akka.dispatch.TaskInvocation.run()V (115 bytes) @ 0x0000025a80d24e6c [0x0000025a80d24d40+0x000000000000012c]
j  java.util.concurrent.ThreadPoolExecutor.runWorker(Ljava/util/concurrent/ThreadPoolExecutor$Worker;)V+92 java.base@11.0.3
j  java.util.concurrent.ThreadPoolExecutor$Worker.run()V+5 java.base@11.0.3
j  java.lang.Thread.run()V+11 java.base@11.0.3
v  ~StubRoutines::call_stub

siginfo: EXCEPTION_ACCESS_VIOLATION (0xc0000005), reading address 0x0000025af35d6002


Register to memory mapping:

RIP=0x00007ff8bb8cfba0 points into unknown readable memory: 41 0f b6 08 43 0f b6 14
RAX=0x0000025aa72162c4 points into unknown readable memory: 32 31 41 44
RBX=0x0000000000000006 is an unknown value
RCX=0x0000000000000019 is an unknown value
RDX=0x0000000000000018 is an unknown value
RSP=0x000000ff10ffcca0 is pointing into the stack for thread: 0x0000025aa94ee000
RBP=0x00000000000000aa is an unknown value
RSI=0x000000ff10ffce10 is pointing into the stack for thread: 0x0000025aa94ee000
RDI=0x0000000000000002 is an unknown value
R8 =0x0000025af35d6002 is an unknown value
R9 =0x0000000000000001 is an unknown value
R10=0x000000000000002d is an unknown value
R11=0x0000000000000003 is an unknown value
R12=0x0000000000000001 is an unknown value
R13=0x00000000000000a8 is an unknown value
R14=0x000000ff10ffce28 is pointing into the stack for thread: 0x0000025aa94ee000
R15=0x00000000000000aa is an unknown value


Registers:
RAX=0x0000025aa72162c4, RBX=0x0000000000000006, RCX=0x0000000000000019, RDX=0x0000000000000018
RSP=0x000000ff10ffcca0, RBP=0x00000000000000aa, RSI=0x000000ff10ffce10, RDI=0x0000000000000002
R8 =0x0000025af35d6002, R9 =0x0000000000000001, R10=0x000000000000002d, R11=0x0000000000000003
R12=0x0000000000000001, R13=0x00000000000000a8, R14=0x000000ff10ffce28, R15=0x00000000000000aa
RIP=0x00007ff8bb8cfba0, EFLAGS=0x0000000000010206

Top of Stack: (sp=0x000000ff10ffcca0)
0x000000ff10ffcca0:   0000000000000004 00000000000000aa
0x000000ff10ffccb0:   000000ff10ffcde0 00000000000000aa
0x000000ff10ffccc0:   0000000000000000 0000000000000008
0x000000ff10ffccd0:   0000000000000001 00007ff8bb8d07db
0x000000ff10ffcce0:   fffffffffffffff8 00000000000000aa
0x000000ff10ffccf0:   000000ff10ffd710 0000000000000004
0x000000ff10ffcd00:   00000000000000aa 000000ff00000001
0x000000ff10ffcd10:   0000000200000000 00007ff8bb8cfb10
0x000000ff10ffcd20:   0000000000000002 000000ff10ffdb90
0x000000ff10ffcd30:   000000ff10ffd710 000000ff10ffce08
0x000000ff10ffcd40:   0000000000000001 000000ff10ffce28
0x000000ff10ffcd50:   000000ff10ffcdf0 0000000000000000
0x000000ff10ffcd60:   0000000000000000 000000ff10ffcde0
0x000000ff10ffcd70:   000000ff10ffcde0 0000000000000000
0x000000ff10ffcd80:   000000ff10ffcdf0 0000000000000002
0x000000ff10ffcd90:   0000000000000064 00000000000000aa 

Instructions: (pc=0x00007ff8bb8cfba0)
0x00007ff8bb8cfb80:   4c 8b d9 03 c9 49 d1 ea 48 63 d9 8d 0c 12 48 63
0x00007ff8bb8cfb90:   f9 43 8d 2c 12 66 66 66 0f 1f 84 00 00 00 00 00
0x00007ff8bb8cfba0:   41 0f b6 08 43 0f b6 14 03 4c 03 c3 88 08 41 88
0x00007ff8bb8cfbb0:   14 01 48 03 c7 49 83 ea 01 75 e5 41 3b ef 7d 39 


Stack slot to memory mapping:
stack at sp + 0 slots: 0x0000000000000004 is an unknown value
stack at sp + 1 slots: 0x00000000000000aa is an unknown value
stack at sp + 2 slots: 0x000000ff10ffcde0 is pointing into the stack for thread: 0x0000025aa94ee000
stack at sp + 3 slots: 0x00000000000000aa is an unknown value
stack at sp + 4 slots: 0x0 is NULL
stack at sp + 5 slots: 0x0000000000000008 is an unknown value
stack at sp + 6 slots: 0x0000000000000001 is an unknown value
stack at sp + 7 slots: 0x00007ff8bb8d07db points into unknown readable memory: 44 03 f3 45 3b


---------------  P R O C E S S  ---------------

Threads class SMR info:
_java_thread_list=0x0000025aabf66d50, length=77, elements={
0x0000025aa4d47800, 0x0000025aa4d48800, 0x0000025aa4de6800, 0x0000025aa4de7800,
0x0000025aa4de9000, 0x0000025aa4dee000, 0x0000025aa4df2800, 0x0000025aa4ffe000,
0x0000025aa4f49800, 0x0000025aa7203800, 0x0000025aa7e59000, 0x0000025aa691c000,
0x0000025aa64b3000, 0x0000025aa6353800, 0x0000025aa8508800, 0x0000025aa850e000,
0x0000025aa850f000, 0x0000025aa850a800, 0x0000025aa850a000, 0x0000025aa850b800,
0x0000025aa8509000, 0x0000025aa850c800, 0x0000025aa850d000, 0x0000025aa93f9000,
0x0000025aa93f7800, 0x0000025aa93f6000, 0x0000025aa93fa000, 0x0000025aa93f6800,
0x0000025aa93f8000, 0x0000025aa93fb800, 0x0000025aa9400800, 0x0000025aa9402000,
0x0000025aa93ff800, 0x0000025aa93fa800, 0x0000025aa93f5000, 0x0000025aa93fc800,
0x0000025aa9401000, 0x0000025aa9403000, 0x0000025aa93fd000, 0x0000025aa9403800,
0x0000025aa93fe000, 0x0000025aa93fe800, 0x0000025aa94e9800, 0x0000025aa94ec000,
0x0000025aa94e8000, 0x0000025aa94eb800, 0x0000025aa94e6800, 0x0000025aa94e7800,
0x0000025aa94ee000, 0x0000025aa94ea800, 0x0000025aa94ed000, 0x0000025aa94ee800,
0x0000025aa94e9000, 0x0000025aa94f2000, 0x0000025aa94f0800, 0x0000025aa94ef800,
0x0000025aa94f2800, 0x0000025aa94f1000, 0x0000025aa94f3800, 0x0000025aa94f4800,
0x0000025aa94f5000, 0x0000025aac507800, 0x0000025aac508800, 0x0000025aac506800,
0x0000025aac50c800, 0x0000025aac50d000, 0x0000025aac50e000, 0x0000025aac50f000,
0x0000025aac509000, 0x0000025aac50a000, 0x0000025aac50a800, 0x0000025aac511000,
0x0000025aac50b800, 0x0000025aac50f800, 0x0000025aac512000, 0x0000025aac510800,
0x0000025aac513000
}

Java Threads: ( => current thread )
  0x0000025aa4d47800 JavaThread "Reference Handler" daemon [_thread_blocked, id=9884, stack(0x000000ff0ba00000,0x000000ff0bb00000)]
  0x0000025aa4d48800 JavaThread "Finalizer" daemon [_thread_blocked, id=1784, stack(0x000000ff0bb00000,0x000000ff0bc00000)]
  0x0000025aa4de6800 JavaThread "Signal Dispatcher" daemon [_thread_blocked, id=2496, stack(0x000000ff0bc00000,0x000000ff0bd00000)]
  0x0000025aa4de7800 JavaThread "Attach Listener" daemon [_thread_blocked, id=12292, stack(0x000000ff0bd00000,0x000000ff0be00000)]
  0x0000025aa4de9000 JavaThread "C2 CompilerThread0" daemon [_thread_blocked, id=11032, stack(0x000000ff0be00000,0x000000ff0bf00000)]
  0x0000025aa4dee000 JavaThread "C1 CompilerThread0" daemon [_thread_blocked, id=11480, stack(0x000000ff0bf00000,0x000000ff0c000000)]
  0x0000025aa4df2800 JavaThread "Sweeper thread" daemon [_thread_blocked, id=11232, stack(0x000000ff0c000000,0x000000ff0c100000)]
  0x0000025aa4ffe000 JavaThread "Service Thread" daemon [_thread_blocked, id=8232, stack(0x000000ff0c100000,0x000000ff0c200000)]
  0x0000025aa4f49800 JavaThread "Common-Cleaner" daemon [_thread_blocked, id=3580, stack(0x000000ff0c300000,0x000000ff0c400000)]
  0x0000025aa7203800 JavaThread "my-system-scheduler-1" [_thread_blocked, id=11520, stack(0x000000ff0cd00000,0x000000ff0ce00000)]
  0x0000025aa7e59000 JavaThread "my-system-akka.actor.internal-dispatcher-2" [_thread_blocked, id=11528, stack(0x000000ff0ce00000,0x000000ff0cf00000)]
  0x0000025aa691c000 JavaThread "my-system-akka.actor.default-dispatcher-3" [_thread_blocked, id=8024, stack(0x000000ff0cf00000,0x000000ff0d000000)]
  0x0000025aa64b3000 JavaThread "my-system-akka.actor.internal-dispatcher-5" [_thread_blocked, id=11604, stack(0x000000ff0d100000,0x000000ff0d200000)]
  0x0000025aa6353800 JavaThread "my-system-akka.actor.default-dispatcher-6" [_thread_blocked, id=8304, stack(0x000000ff0d200000,0x000000ff0d300000)]
  0x0000025aa8508800 JavaThread "my-system-akka.io.pinned-dispatcher-7" [_thread_in_native, id=9304, stack(0x000000ff0d400000,0x000000ff0d500000)]
  0x0000025aa850e000 JavaThread "DestroyJavaVM" [_thread_blocked, id=1068, stack(0x000000ff0b300000,0x000000ff0b400000)]
  0x0000025aa850f000 JavaThread "my-system-akka.actor.default-dispatcher-8" [_thread_blocked, id=1104, stack(0x000000ff0d500000,0x000000ff0d600000)]
  0x0000025aa850a800 JavaThread "my-system-akka.actor.default-dispatcher-9" [_thread_blocked, id=5068, stack(0x000000ff0d600000,0x000000ff0d700000)]
  0x0000025aa850a000 JavaThread "my-system-akka.actor.default-dispatcher-10" [_thread_blocked, id=148, stack(0x000000ff0d700000,0x000000ff0d800000)]
  0x0000025aa850b800 JavaThread "my-system-akka.actor.default-dispatcher-11" [_thread_blocked, id=4552, stack(0x000000ff0d800000,0x000000ff0d900000)]
  0x0000025aa8509000 JavaThread "my-system-akka.actor.default-blocking-io-dispatcher-12" [_thread_blocked, id=8008, stack(0x000000ff0d900000,0x000000ff0da00000)]
  0x0000025aa850c800 JavaThread "my-system-akka.actor.default-dispatcher-13" [_thread_blocked, id=11208, stack(0x000000ff0da00000,0x000000ff0db00000)]
  0x0000025aa850d000 JavaThread "Thread-0" [_thread_in_native, id=1192, stack(0x000000ff0db00000,0x000000ff0dc00000)]
  0x0000025aa93f9000 JavaThread "my-system-akka.actor.default-blocking-io-dispatcher-15" [_thread_blocked, id=11500, stack(0x000000ff0dd00000,0x000000ff0de00000)]
  0x0000025aa93f7800 JavaThread "QuantumRenderer-0" daemon [_thread_blocked, id=7776, stack(0x000000ff0de00000,0x000000ff0df00000)]
  0x0000025aa93f6000 JavaThread "InvokeLaterDispatcher" daemon [_thread_blocked, id=13288, stack(0x000000ff0e100000,0x000000ff0e200000)]
  0x0000025aa93fa000 JavaThread "JavaFX Application Thread" [_thread_in_native, id=10988, stack(0x000000ff0e200000,0x000000ff0e300000)]
  0x0000025aa93f6800 JavaThread "Thread-2" daemon [_thread_in_native, id=11924, stack(0x000000ff0ea00000,0x000000ff0eb00000)]
  0x0000025aa93f8000 JavaThread "Java2D Disposer" daemon [_thread_blocked, id=12128, stack(0x000000ff0ec00000,0x000000ff0ed00000)]
  0x0000025aa93fb800 JavaThread "AWT-Windows" daemon [_thread_in_native, id=11388, stack(0x000000ff0ee00000,0x000000ff0ef00000)]
  0x0000025aa9400800 JavaThread "my-system-akka.actor.default-blocking-io-dispatcher-19" [_thread_blocked, id=5128, stack(0x000000ff0f500000,0x000000ff0f600000)]
  0x0000025aa9402000 JavaThread "my-system-akka.actor.default-blocking-io-dispatcher-21" [_thread_blocked, id=4628, stack(0x000000ff0f700000,0x000000ff0f800000)]
  0x0000025aa93ff800 JavaThread "JavaCPP Deallocator" daemon [_thread_blocked, id=10656, stack(0x000000ff0f800000,0x000000ff0f900000)]
  0x0000025aa93fa800 JavaThread "my-system-desu-dispatcher-22" [_thread_blocked, id=11596, stack(0x000000ff0c400000,0x000000ff0c500000)]
  0x0000025aa93f5000 JavaThread "my-system-desu-dispatcher-23" [_thread_blocked, id=9300, stack(0x000000ff10000000,0x000000ff10100000)]
  0x0000025aa93fc800 JavaThread "my-system-desu-dispatcher-24" [_thread_blocked, id=9564, stack(0x000000ff10100000,0x000000ff10200000)]
  0x0000025aa9401000 JavaThread "my-system-akka.actor.default-blocking-io-dispatcher-25" [_thread_blocked, id=10836, stack(0x000000ff10200000,0x000000ff10300000)]
  0x0000025aa9403000 JavaThread "my-system-desu-dispatcher-26" [_thread_blocked, id=4016, stack(0x000000ff10400000,0x000000ff10500000)]
  0x0000025aa93fd000 JavaThread "my-system-akka.actor.default-blocking-io-dispatcher-27" [_thread_blocked, id=1584, stack(0x000000ff10500000,0x000000ff10600000)]
  0x0000025aa9403800 JavaThread "my-system-desu-dispatcher-28" [_thread_blocked, id=10924, stack(0x000000ff10600000,0x000000ff10700000)]
  0x0000025aa93fe000 JavaThread "my-system-desu-dispatcher-29" [_thread_blocked, id=9840, stack(0x000000ff10700000,0x000000ff10800000)]
  0x0000025aa93fe800 JavaThread "my-system-desu-dispatcher-30" [_thread_blocked, id=11512, stack(0x000000ff10800000,0x000000ff10900000)]
  0x0000025aa94e9800 JavaThread "my-system-akka.actor.default-blocking-io-dispatcher-31" [_thread_blocked, id=10068, stack(0x000000ff10900000,0x000000ff10a00000)]
  0x0000025aa94ec000 JavaThread "my-system-desu-dispatcher-32" [_thread_blocked, id=9500, stack(0x000000ff10a00000,0x000000ff10b00000)]
  0x0000025aa94e8000 JavaThread "my-system-akka.actor.default-blocking-io-dispatcher-33" [_thread_blocked, id=10420, stack(0x000000ff10b00000,0x000000ff10c00000)]
  0x0000025aa94eb800 JavaThread "my-system-desu-dispatcher-34" [_thread_blocked, id=11804, stack(0x000000ff10c00000,0x000000ff10d00000)]
  0x0000025aa94e6800 JavaThread "my-system-desu-dispatcher-35" [_thread_blocked, id=9412, stack(0x000000ff10d00000,0x000000ff10e00000)]
  0x0000025aa94e7800 JavaThread "my-system-desu-dispatcher-36" [_thread_blocked, id=11988, stack(0x000000ff10e00000,0x000000ff10f00000)]
=>0x0000025aa94ee000 JavaThread "my-system-akka.actor.default-blocking-io-dispatcher-37" [_thread_in_native, id=1792, stack(0x000000ff10f00000,0x000000ff11000000)]
  0x0000025aa94ea800 JavaThread "my-system-desu-dispatcher-38" [_thread_blocked, id=10200, stack(0x000000ff10300000,0x000000ff10400000)]
  0x0000025aa94ed000 JavaThread "my-system-akka.actor.default-blocking-io-dispatcher-39" [_thread_blocked, id=10828, stack(0x000000ff11000000,0x000000ff11100000)]
  0x0000025aa94ee800 JavaThread "my-system-desu-dispatcher-40" [_thread_blocked, id=9452, stack(0x000000ff11100000,0x000000ff11200000)]
  0x0000025aa94e9000 JavaThread "my-system-desu-dispatcher-41" [_thread_blocked, id=11168, stack(0x000000ff11200000,0x000000ff11300000)]
  0x0000025aa94f2000 JavaThread "my-system-desu-dispatcher-42" [_thread_blocked, id=10508, stack(0x000000ff11300000,0x000000ff11400000)]
  0x0000025aa94f0800 JavaThread "my-system-akka.actor.default-blocking-io-dispatcher-43" [_thread_blocked, id=10976, stack(0x000000ff11400000,0x000000ff11500000)]
  0x0000025aa94ef800 JavaThread "my-system-desu-dispatcher-44" [_thread_blocked, id=11016, stack(0x000000ff11500000,0x000000ff11600000)]
  0x0000025aa94f2800 JavaThread "my-system-akka.actor.default-blocking-io-dispatcher-45" [_thread_blocked, id=2668, stack(0x000000ff11600000,0x000000ff11700000)]
  0x0000025aa94f1000 JavaThread "my-system-desu-dispatcher-46" [_thread_blocked, id=13220, stack(0x000000ff11700000,0x000000ff11800000)]
  0x0000025aa94f3800 JavaThread "my-system-desu-dispatcher-47" [_thread_blocked, id=320, stack(0x000000ff11800000,0x000000ff11900000)]
  0x0000025aa94f4800 JavaThread "my-system-desu-dispatcher-48" [_thread_blocked, id=9072, stack(0x000000ff11900000,0x000000ff11a00000)]
  0x0000025aa94f5000 JavaThread "my-system-akka.actor.default-blocking-io-dispatcher-49" [_thread_blocked, id=13140, stack(0x000000ff11a00000,0x000000ff11b00000)]
  0x0000025aac507800 JavaThread "my-system-desu-dispatcher-50" [_thread_blocked, id=10304, stack(0x000000ff11b00000,0x000000ff11c00000)]
  0x0000025aac508800 JavaThread "my-system-akka.actor.default-blocking-io-dispatcher-51" [_thread_blocked, id=12832, stack(0x000000ff11c00000,0x000000ff11d00000)]
  0x0000025aac506800 JavaThread "my-system-desu-dispatcher-52" [_thread_blocked, id=1224, stack(0x000000ff11d00000,0x000000ff11e00000)]
  0x0000025aac50c800 JavaThread "my-system-desu-dispatcher-53" [_thread_blocked, id=2188, stack(0x000000ff11e00000,0x000000ff11f00000)]
  0x0000025aac50d000 JavaThread "my-system-desu-dispatcher-54" [_thread_blocked, id=13164, stack(0x000000ff11f00000,0x000000ff12000000)]
  0x0000025aac50e000 JavaThread "my-system-akka.actor.default-blocking-io-dispatcher-55" [_thread_blocked, id=12392, stack(0x000000ff12000000,0x000000ff12100000)]
  0x0000025aac50f000 JavaThread "my-system-desu-dispatcher-56" [_thread_blocked, id=7440, stack(0x000000ff12100000,0x000000ff12200000)]
  0x0000025aac509000 JavaThread "my-system-akka.actor.default-blocking-io-dispatcher-57" [_thread_blocked, id=3616, stack(0x000000ff12200000,0x000000ff12300000)]
  0x0000025aac50a000 JavaThread "my-system-desu-dispatcher-58" [_thread_blocked, id=13108, stack(0x000000ff12300000,0x000000ff12400000)]
  0x0000025aac50a800 JavaThread "my-system-desu-dispatcher-59" [_thread_blocked, id=12404, stack(0x000000ff12400000,0x000000ff12500000)]
  0x0000025aac511000 JavaThread "my-system-desu-dispatcher-60" [_thread_blocked, id=13224, stack(0x000000ff12500000,0x000000ff12600000)]
  0x0000025aac50b800 JavaThread "my-system-desu-dispatcher-61" [_thread_blocked, id=12940, stack(0x000000ff12600000,0x000000ff12700000)]
  0x0000025aac50f800 JavaThread "my-system-desu-dispatcher-62" [_thread_blocked, id=11444, stack(0x000000ff12700000,0x000000ff12800000)]
  0x0000025aac512000 JavaThread "my-system-desu-dispatcher-63" [_thread_blocked, id=12928, stack(0x000000ff12800000,0x000000ff12900000)]
  0x0000025aac510800 JavaThread "my-system-desu-dispatcher-64" [_thread_blocked, id=12428, stack(0x000000ff12900000,0x000000ff12a00000)]
  0x0000025aac513000 JavaThread "my-system-desu-dispatcher-65" [_thread_blocked, id=11320, stack(0x000000ff12a00000,0x000000ff12b00000)]

Other Threads:
  0x0000025aa4d46800 VMThread "VM Thread" [stack: 0x000000ff0b900000,0x000000ff0ba00000] [id=7960]
  0x0000025aa50ca000 WatcherThread [stack: 0x000000ff0c200000,0x000000ff0c300000] [id=5476]
  0x0000025af6f92800 GCTaskThread "GC Thread#0" [stack: 0x000000ff0b400000,0x000000ff0b500000] [id=3348]
  0x0000025aa5b26000 GCTaskThread "GC Thread#1" [stack: 0x000000ff0c500000,0x000000ff0c600000] [id=11276]
  0x0000025aa5c35800 GCTaskThread "GC Thread#2" [stack: 0x000000ff0c600000,0x000000ff0c700000] [id=11896]
  0x0000025aa5736000 GCTaskThread "GC Thread#3" [stack: 0x000000ff0c700000,0x000000ff0c800000] [id=10824]
  0x0000025aa5737000 GCTaskThread "GC Thread#4" [stack: 0x000000ff0c800000,0x000000ff0c900000] [id=12272]
  0x0000025aa57fd800 GCTaskThread "GC Thread#5" [stack: 0x000000ff0c900000,0x000000ff0ca00000] [id=7032]
  0x0000025aa57fe800 GCTaskThread "GC Thread#6" [stack: 0x000000ff0ca00000,0x000000ff0cb00000] [id=11612]
  0x0000025aa565f000 GCTaskThread "GC Thread#7" [stack: 0x000000ff0cb00000,0x000000ff0cc00000] [id=8128]
  0x0000025af7012000 ConcurrentGCThread "G1 Main Marker" [stack: 0x000000ff0b500000,0x000000ff0b600000] [id=12136]
  0x0000025af7014000 ConcurrentGCThread "G1 Conc#0" [stack: 0x000000ff0b600000,0x000000ff0b700000] [id=9860]
  0x0000025aa7c59000 ConcurrentGCThread "G1 Conc#1" [stack: 0x000000ff0d300000,0x000000ff0d400000] [id=11172]
  0x0000025affd3b800 ConcurrentGCThread "G1 Refine#0" [stack: 0x000000ff0b700000,0x000000ff0b800000] [id=11180]
  0x0000025affd3c800 ConcurrentGCThread "G1 Young RemSet Sampling" [stack: 0x000000ff0b800000,0x000000ff0b900000] [id=12184]

Threads with active compile tasks:

VM state:not at safepoint (normal execution)

VM Mutex/Monitor currently owned by a thread: None

Heap address: 0x0000000600800000, size: 8184 MB, Compressed Oops mode: Zero based, Oop shift amount: 3
Narrow klass base: 0x0000000800000000, Narrow klass shift: 0
Compressed class space size: 1073741824 Address: 0x0000000800000000

Heap:
 garbage-first heap   total 643072K, used 25176K [0x0000000600800000, 0x0000000800000000)
  region size 2048K, 6 young (12288K), 3 survivors (6144K)
 Metaspace       used 50526K, capacity 51807K, committed 51964K, reserved 1095680K
  class space    used 5448K, capacity 6078K, committed 6140K, reserved 1048576K
Heap Regions: E=young(eden), S=young(survivor), O=old, HS=humongous(starts), HC=humongous(continues), CS=collection set, F=free, A=archive, TAMS=top-at-mark-start (previous, next)
|   0|0x0000000600800000, 0x0000000600a00000, 0x0000000600a00000|100%| O|  |TAMS 0x0000000600a00000, 0x0000000600800000| Untracked 
|   1|0x0000000600a00000, 0x0000000600c00000, 0x0000000600c00000|100%| O|  |TAMS 0x0000000600c00000, 0x0000000600a00000| Untracked 
|   2|0x0000000600c00000, 0x0000000600e00000, 0x0000000600e00000|100%| O|  |TAMS 0x0000000600e00000, 0x0000000600c00000| Untracked 
|   3|0x0000000600e00000, 0x0000000601000000, 0x0000000601000000|100%| O|  |TAMS 0x0000000601000000, 0x0000000600e00000| Untracked 
|   4|0x0000000601000000, 0x0000000601200000, 0x0000000601200000|100%| O|  |TAMS 0x0000000601200000, 0x0000000601000000| Untracked 
|   5|0x0000000601200000, 0x0000000601400000, 0x0000000601400000|100%| O|  |TAMS 0x0000000601400000, 0x0000000601200000| Untracked 
|   6|0x0000000601400000, 0x0000000601600000, 0x0000000601600000|100%| O|  |TAMS 0x0000000601492e00, 0x0000000601400000| Untracked 
|   7|0x0000000601600000, 0x000000060173aa00, 0x0000000601800000| 61%| O|  |TAMS 0x0000000601600000, 0x0000000601600000| Untracked 
|   8|0x0000000601800000, 0x0000000601800000, 0x0000000601a00000|  0%| F|  |TAMS 0x0000000601800000, 0x0000000601800000| Untracked 
|   9|0x0000000601a00000, 0x0000000601a00000, 0x0000000601c00000|  0%| F|  |TAMS 0x0000000601a00000, 0x0000000601a00000| Untracked 
|  10|0x0000000601c00000, 0x0000000601c00000, 0x0000000601e00000|  0%| F|  |TAMS 0x0000000601c00000, 0x0000000601c00000| Untracked 
|  11|0x0000000601e00000, 0x0000000601e00000, 0x0000000602000000|  0%| F|  |TAMS 0x0000000601e00000, 0x0000000601e00000| Untracked 
|  12|0x0000000602000000, 0x0000000602000000, 0x0000000602200000|  0%| F|  |TAMS 0x0000000602000000, 0x0000000602000000| Untracked 
|  13|0x0000000602200000, 0x0000000602200000, 0x0000000602400000|  0%| F|  |TAMS 0x0000000602200000, 0x0000000602200000| Untracked 
|  14|0x0000000602400000, 0x0000000602400000, 0x0000000602600000|  0%| F|  |TAMS 0x0000000602400000, 0x0000000602400000| Untracked 
|  15|0x0000000602600000, 0x0000000602600000, 0x0000000602800000|  0%| F|  |TAMS 0x0000000602600000, 0x0000000602600000| Untracked 
|  16|0x0000000602800000, 0x0000000602800000, 0x0000000602a00000|  0%| F|  |TAMS 0x0000000602800000, 0x0000000602800000| Untracked 
|  17|0x0000000602a00000, 0x0000000602a00000, 0x0000000602c00000|  0%| F|  |TAMS 0x0000000602a00000, 0x0000000602a00000| Untracked 
|  18|0x0000000602c00000, 0x0000000602c00000, 0x0000000602e00000|  0%| F|  |TAMS 0x0000000602c00000, 0x0000000602c00000| Untracked 
|  19|0x0000000602e00000, 0x0000000602e00000, 0x0000000603000000|  0%| F|  |TAMS 0x0000000602e00000, 0x0000000602e00000| Untracked 
|  20|0x0000000603000000, 0x0000000603000000, 0x0000000603200000|  0%| F|  |TAMS 0x0000000603000000, 0x0000000603000000| Untracked 
|  21|0x0000000603200000, 0x0000000603200000, 0x0000000603400000|  0%| F|  |TAMS 0x0000000603200000, 0x0000000603200000| Untracked 
|  22|0x0000000603400000, 0x0000000603400000, 0x0000000603600000|  0%| F|  |TAMS 0x0000000603400000, 0x0000000603400000| Untracked 
|  23|0x0000000603600000, 0x0000000603600000, 0x0000000603800000|  0%| F|  |TAMS 0x0000000603600000, 0x0000000603600000| Untracked 
|  24|0x0000000603800000, 0x0000000603800000, 0x0000000603a00000|  0%| F|  |TAMS 0x0000000603800000, 0x0000000603800000| Untracked 
|  25|0x0000000603a00000, 0x0000000603a00000, 0x0000000603c00000|  0%| F|  |TAMS 0x0000000603a00000, 0x0000000603a00000| Untracked 
|  26|0x0000000603c00000, 0x0000000603c00000, 0x0000000603e00000|  0%| F|  |TAMS 0x0000000603c00000, 0x0000000603c00000| Untracked 
|  27|0x0000000603e00000, 0x0000000603e00000, 0x0000000604000000|  0%| F|  |TAMS 0x0000000603e00000, 0x0000000603e00000| Untracked 
|  28|0x0000000604000000, 0x0000000604000000, 0x0000000604200000|  0%| F|  |TAMS 0x0000000604000000, 0x0000000604000000| Untracked 
|  29|0x0000000604200000, 0x0000000604200000, 0x0000000604400000|  0%| F|  |TAMS 0x0000000604200000, 0x0000000604200000| Untracked 
|  30|0x0000000604400000, 0x0000000604400000, 0x0000000604600000|  0%| F|  |TAMS 0x0000000604400000, 0x0000000604400000| Untracked 
|  31|0x0000000604600000, 0x0000000604600000, 0x0000000604800000|  0%| F|  |TAMS 0x0000000604600000, 0x0000000604600000| Untracked 
|  32|0x0000000604800000, 0x0000000604800000, 0x0000000604a00000|  0%| F|  |TAMS 0x0000000604800000, 0x0000000604800000| Untracked 
|  33|0x0000000604a00000, 0x0000000604a00000, 0x0000000604c00000|  0%| F|  |TAMS 0x0000000604a00000, 0x0000000604a00000| Untracked 
|  34|0x0000000604c00000, 0x0000000604c00000, 0x0000000604e00000|  0%| F|  |TAMS 0x0000000604c00000, 0x0000000604c00000| Untracked 
|  35|0x0000000604e00000, 0x0000000604e00000, 0x0000000605000000|  0%| F|  |TAMS 0x0000000604e00000, 0x0000000604e00000| Untracked 
|  36|0x0000000605000000, 0x0000000605000000, 0x0000000605200000|  0%| F|  |TAMS 0x0000000605000000, 0x0000000605000000| Untracked 
|  37|0x0000000605200000, 0x0000000605200000, 0x0000000605400000|  0%| F|  |TAMS 0x0000000605200000, 0x0000000605200000| Untracked 
|  38|0x0000000605400000, 0x0000000605400000, 0x0000000605600000|  0%| F|  |TAMS 0x0000000605400000, 0x0000000605400000| Untracked 
|  39|0x0000000605600000, 0x0000000605600000, 0x0000000605800000|  0%| F|  |TAMS 0x0000000605600000, 0x0000000605600000| Untracked 
|  40|0x0000000605800000, 0x0000000605800000, 0x0000000605a00000|  0%| F|  |TAMS 0x0000000605800000, 0x0000000605800000| Untracked 
|  41|0x0000000605a00000, 0x0000000605a00000, 0x0000000605c00000|  0%| F|  |TAMS 0x0000000605a00000, 0x0000000605a00000| Untracked 
|  42|0x0000000605c00000, 0x0000000605c00000, 0x0000000605e00000|  0%| F|  |TAMS 0x0000000605c00000, 0x0000000605c00000| Untracked 
|  43|0x0000000605e00000, 0x0000000605e00000, 0x0000000606000000|  0%| F|  |TAMS 0x0000000605e00000, 0x0000000605e00000| Untracked 
|  44|0x0000000606000000, 0x0000000606000000, 0x0000000606200000|  0%| F|  |TAMS 0x0000000606000000, 0x0000000606000000| Untracked 
|  45|0x0000000606200000, 0x0000000606200000, 0x0000000606400000|  0%| F|  |TAMS 0x0000000606200000, 0x0000000606200000| Untracked 
|  46|0x0000000606400000, 0x0000000606400000, 0x0000000606600000|  0%| F|  |TAMS 0x0000000606400000, 0x0000000606400000| Untracked 
|  47|0x0000000606600000, 0x0000000606600000, 0x0000000606800000|  0%| F|  |TAMS 0x0000000606600000, 0x0000000606600000| Untracked 
|  48|0x0000000606800000, 0x0000000606800000, 0x0000000606a00000|  0%| F|  |TAMS 0x0000000606800000, 0x0000000606800000| Untracked 
|  49|0x0000000606a00000, 0x0000000606a00000, 0x0000000606c00000|  0%| F|  |TAMS 0x0000000606a00000, 0x0000000606a00000| Untracked 
|  50|0x0000000606c00000, 0x0000000606c00000, 0x0000000606e00000|  0%| F|  |TAMS 0x0000000606c00000, 0x0000000606c00000| Untracked 
|  51|0x0000000606e00000, 0x0000000606e00000, 0x0000000607000000|  0%| F|  |TAMS 0x0000000606e00000, 0x0000000606e00000| Untracked 
|  52|0x0000000607000000, 0x0000000607000000, 0x0000000607200000|  0%| F|  |TAMS 0x0000000607000000, 0x0000000607000000| Untracked 
|  53|0x0000000607200000, 0x0000000607200000, 0x0000000607400000|  0%| F|  |TAMS 0x0000000607200000, 0x0000000607200000| Untracked 
|  54|0x0000000607400000, 0x0000000607400000, 0x0000000607600000|  0%| F|  |TAMS 0x0000000607400000, 0x0000000607400000| Untracked 
|  55|0x0000000607600000, 0x0000000607600000, 0x0000000607800000|  0%| F|  |TAMS 0x0000000607600000, 0x0000000607600000| Untracked 
|  56|0x0000000607800000, 0x0000000607800000, 0x0000000607a00000|  0%| F|  |TAMS 0x0000000607800000, 0x0000000607800000| Untracked 
|  57|0x0000000607a00000, 0x0000000607a00000, 0x0000000607c00000|  0%| F|  |TAMS 0x0000000607a00000, 0x0000000607a00000| Untracked 
|  58|0x0000000607c00000, 0x0000000607c00000, 0x0000000607e00000|  0%| F|  |TAMS 0x0000000607c00000, 0x0000000607c00000| Untracked 
|  59|0x0000000607e00000, 0x0000000607e00000, 0x0000000608000000|  0%| F|  |TAMS 0x0000000607e00000, 0x0000000607e00000| Untracked 
|  60|0x0000000608000000, 0x0000000608000000, 0x0000000608200000|  0%| F|  |TAMS 0x0000000608000000, 0x0000000608000000| Untracked 
|  61|0x0000000608200000, 0x0000000608200000, 0x0000000608400000|  0%| F|  |TAMS 0x0000000608200000, 0x0000000608200000| Untracked 
|  62|0x0000000608400000, 0x0000000608400000, 0x0000000608600000|  0%| F|  |TAMS 0x0000000608400000, 0x0000000608400000| Untracked 
|  63|0x0000000608600000, 0x0000000608600000, 0x0000000608800000|  0%| F|  |TAMS 0x0000000608600000, 0x0000000608600000| Untracked 
|  64|0x0000000608800000, 0x0000000608800000, 0x0000000608a00000|  0%| F|  |TAMS 0x0000000608800000, 0x0000000608800000| Untracked 
|  65|0x0000000608a00000, 0x0000000608a00000, 0x0000000608c00000|  0%| F|  |TAMS 0x0000000608a00000, 0x0000000608a00000| Untracked 
|  66|0x0000000608c00000, 0x0000000608c00000, 0x0000000608e00000|  0%| F|  |TAMS 0x0000000608c00000, 0x0000000608c00000| Untracked 
|  67|0x0000000608e00000, 0x0000000608e00000, 0x0000000609000000|  0%| F|  |TAMS 0x0000000608e00000, 0x0000000608e00000| Untracked 
|  68|0x0000000609000000, 0x0000000609000000, 0x0000000609200000|  0%| F|  |TAMS 0x0000000609000000, 0x0000000609000000| Untracked 
|  69|0x0000000609200000, 0x0000000609200000, 0x0000000609400000|  0%| F|  |TAMS 0x0000000609200000, 0x0000000609200000| Untracked 
|  70|0x0000000609400000, 0x0000000609400000, 0x0000000609600000|  0%| F|  |TAMS 0x0000000609400000, 0x0000000609400000| Untracked 
|  71|0x0000000609600000, 0x0000000609600000, 0x0000000609800000|  0%| F|  |TAMS 0x0000000609600000, 0x0000000609600000| Untracked 
|  72|0x0000000609800000, 0x0000000609800000, 0x0000000609a00000|  0%| F|  |TAMS 0x0000000609800000, 0x0000000609800000| Untracked 
|  73|0x0000000609a00000, 0x0000000609a00000, 0x0000000609c00000|  0%| F|  |TAMS 0x0000000609a00000, 0x0000000609a00000| Untracked 
|  74|0x0000000609c00000, 0x0000000609c00000, 0x0000000609e00000|  0%| F|  |TAMS 0x0000000609c00000, 0x0000000609c00000| Untracked 
|  75|0x0000000609e00000, 0x0000000609e00000, 0x000000060a000000|  0%| F|  |TAMS 0x0000000609e00000, 0x0000000609e00000| Untracked 
|  76|0x000000060a000000, 0x000000060a000000, 0x000000060a200000|  0%| F|  |TAMS 0x000000060a000000, 0x000000060a000000| Untracked 
|  77|0x000000060a200000, 0x000000060a200000, 0x000000060a400000|  0%| F|  |TAMS 0x000000060a200000, 0x000000060a200000| Untracked 
|  78|0x000000060a400000, 0x000000060a400000, 0x000000060a600000|  0%| F|  |TAMS 0x000000060a400000, 0x000000060a400000| Untracked 
|  79|0x000000060a600000, 0x000000060a600000, 0x000000060a800000|  0%| F|  |TAMS 0x000000060a600000, 0x000000060a600000| Untracked 
|  80|0x000000060a800000, 0x000000060a800000, 0x000000060aa00000|  0%| F|  |TAMS 0x000000060a800000, 0x000000060a800000| Untracked 
|  81|0x000000060aa00000, 0x000000060aa00000, 0x000000060ac00000|  0%| F|  |TAMS 0x000000060aa00000, 0x000000060aa00000| Untracked 
|  82|0x000000060ac00000, 0x000000060ac00000, 0x000000060ae00000|  0%| F|  |TAMS 0x000000060ac00000, 0x000000060ac00000| Untracked 
|  83|0x000000060ae00000, 0x000000060ae00000, 0x000000060b000000|  0%| F|  |TAMS 0x000000060ae00000, 0x000000060ae00000| Untracked 
|  84|0x000000060b000000, 0x000000060b000000, 0x000000060b200000|  0%| F|  |TAMS 0x000000060b000000, 0x000000060b000000| Untracked 
|  85|0x000000060b200000, 0x000000060b200000, 0x000000060b400000|  0%| F|  |TAMS 0x000000060b200000, 0x000000060b200000| Untracked 
|  86|0x000000060b400000, 0x000000060b400000, 0x000000060b600000|  0%| F|  |TAMS 0x000000060b400000, 0x000000060b400000| Untracked 
|  87|0x000000060b600000, 0x000000060b600000, 0x000000060b800000|  0%| F|  |TAMS 0x000000060b600000, 0x000000060b600000| Untracked 
|  88|0x000000060b800000, 0x000000060b800000, 0x000000060ba00000|  0%| F|  |TAMS 0x000000060b800000, 0x000000060b800000| Untracked 
|  89|0x000000060ba00000, 0x000000060ba00000, 0x000000060bc00000|  0%| F|  |TAMS 0x000000060ba00000, 0x000000060ba00000| Untracked 
|  90|0x000000060bc00000, 0x000000060bc00000, 0x000000060be00000|  0%| F|  |TAMS 0x000000060bc00000, 0x000000060bc00000| Untracked 
|  91|0x000000060be00000, 0x000000060be00000, 0x000000060c000000|  0%| F|  |TAMS 0x000000060be00000, 0x000000060be00000| Untracked 
|  92|0x000000060c000000, 0x000000060c000000, 0x000000060c200000|  0%| F|  |TAMS 0x000000060c000000, 0x000000060c000000| Untracked 
|  93|0x000000060c200000, 0x000000060c200000, 0x000000060c400000|  0%| F|  |TAMS 0x000000060c200000, 0x000000060c200000| Untracked 
|  94|0x000000060c400000, 0x000000060c400000, 0x000000060c600000|  0%| F|  |TAMS 0x000000060c400000, 0x000000060c400000| Untracked 
|  95|0x000000060c600000, 0x000000060c600000, 0x000000060c800000|  0%| F|  |TAMS 0x000000060c600000, 0x000000060c600000| Untracked 
|  96|0x000000060c800000, 0x000000060c800000, 0x000000060ca00000|  0%| F|  |TAMS 0x000000060c800000, 0x000000060c800000| Untracked 
|  97|0x000000060ca00000, 0x000000060ca00000, 0x000000060cc00000|  0%| F|  |TAMS 0x000000060ca00000, 0x000000060ca00000| Untracked 
|  98|0x000000060cc00000, 0x000000060cc00000, 0x000000060ce00000|  0%| F|  |TAMS 0x000000060cc00000, 0x000000060cc00000| Untracked 
|  99|0x000000060ce00000, 0x000000060ce00000, 0x000000060d000000|  0%| F|  |TAMS 0x000000060ce00000, 0x000000060ce00000| Untracked 
| 100|0x000000060d000000, 0x000000060d000000, 0x000000060d200000|  0%| F|  |TAMS 0x000000060d000000, 0x000000060d000000| Untracked 
| 101|0x000000060d200000, 0x000000060d200000, 0x000000060d400000|  0%| F|  |TAMS 0x000000060d200000, 0x000000060d200000| Untracked 
| 102|0x000000060d400000, 0x000000060d400000, 0x000000060d600000|  0%| F|  |TAMS 0x000000060d400000, 0x000000060d400000| Untracked 
| 103|0x000000060d600000, 0x000000060d600000, 0x000000060d800000|  0%| F|  |TAMS 0x000000060d600000, 0x000000060d600000| Untracked 
| 104|0x000000060d800000, 0x000000060d800000, 0x000000060da00000|  0%| F|  |TAMS 0x000000060d800000, 0x000000060d800000| Untracked 
| 105|0x000000060da00000, 0x000000060da00000, 0x000000060dc00000|  0%| F|  |TAMS 0x000000060da00000, 0x000000060da00000| Untracked 
| 106|0x000000060dc00000, 0x000000060dc00000, 0x000000060de00000|  0%| F|  |TAMS 0x000000060dc00000, 0x000000060dc00000| Untracked 
| 107|0x000000060de00000, 0x000000060de00000, 0x000000060e000000|  0%| F|  |TAMS 0x000000060de00000, 0x000000060de00000| Untracked 
| 108|0x000000060e000000, 0x000000060e000000, 0x000000060e200000|  0%| F|  |TAMS 0x000000060e000000, 0x000000060e000000| Untracked 
| 109|0x000000060e200000, 0x000000060e200000, 0x000000060e400000|  0%| F|  |TAMS 0x000000060e200000, 0x000000060e200000| Untracked 
| 110|0x000000060e400000, 0x000000060e400000, 0x000000060e600000|  0%| F|  |TAMS 0x000000060e400000, 0x000000060e400000| Untracked 
| 111|0x000000060e600000, 0x000000060e600000, 0x000000060e800000|  0%| F|  |TAMS 0x000000060e600000, 0x000000060e600000| Untracked 
| 112|0x000000060e800000, 0x000000060e800000, 0x000000060ea00000|  0%| F|  |TAMS 0x000000060e800000, 0x000000060e800000| Untracked 
| 113|0x000000060ea00000, 0x000000060ea00000, 0x000000060ec00000|  0%| F|  |TAMS 0x000000060ea00000, 0x000000060ea00000| Untracked 
| 114|0x000000060ec00000, 0x000000060ec00000, 0x000000060ee00000|  0%| F|  |TAMS 0x000000060ec00000, 0x000000060ec00000| Untracked 
| 115|0x000000060ee00000, 0x000000060ee00000, 0x000000060f000000|  0%| F|  |TAMS 0x000000060ee00000, 0x000000060ee00000| Untracked 
| 116|0x000000060f000000, 0x000000060f000000, 0x000000060f200000|  0%| F|  |TAMS 0x000000060f000000, 0x000000060f000000| Untracked 
| 117|0x000000060f200000, 0x000000060f200000, 0x000000060f400000|  0%| F|  |TAMS 0x000000060f200000, 0x000000060f200000| Untracked 
| 118|0x000000060f400000, 0x000000060f400000, 0x000000060f600000|  0%| F|  |TAMS 0x000000060f400000, 0x000000060f400000| Untracked 
| 119|0x000000060f600000, 0x000000060f600000, 0x000000060f800000|  0%| F|  |TAMS 0x000000060f600000, 0x000000060f600000| Untracked 
| 120|0x000000060f800000, 0x000000060f800000, 0x000000060fa00000|  0%| F|  |TAMS 0x000000060f800000, 0x000000060f800000| Untracked 
| 121|0x000000060fa00000, 0x000000060fa00000, 0x000000060fc00000|  0%| F|  |TAMS 0x000000060fa00000, 0x000000060fa00000| Untracked 
| 122|0x000000060fc00000, 0x000000060fc00000, 0x000000060fe00000|  0%| F|  |TAMS 0x000000060fc00000, 0x000000060fc00000| Untracked 
| 123|0x000000060fe00000, 0x000000060fe00000, 0x0000000610000000|  0%| F|  |TAMS 0x000000060fe00000, 0x000000060fe00000| Untracked 
| 124|0x0000000610000000, 0x000000061015b760, 0x0000000610200000| 67%| S|CS|TAMS 0x0000000610000000, 0x0000000610000000| Complete 
| 125|0x0000000610200000, 0x0000000610400000, 0x0000000610400000|100%| S|CS|TAMS 0x0000000610200000, 0x0000000610200000| Complete 
| 126|0x0000000610400000, 0x0000000610400000, 0x0000000610600000|  0%| F|  |TAMS 0x0000000610400000, 0x0000000610400000| Untracked 
| 127|0x0000000610600000, 0x0000000610600000, 0x0000000610800000|  0%| F|  |TAMS 0x0000000610600000, 0x0000000610600000| Untracked 
| 128|0x0000000610800000, 0x0000000610800000, 0x0000000610a00000|  0%| F|  |TAMS 0x0000000610800000, 0x0000000610800000| Untracked 
| 129|0x0000000610a00000, 0x0000000610a00000, 0x0000000610c00000|  0%| F|  |TAMS 0x0000000610a00000, 0x0000000610a00000| Untracked 
| 130|0x0000000610c00000, 0x0000000610e00000, 0x0000000610e00000|100%| S|CS|TAMS 0x0000000610c00000, 0x0000000610c00000| Complete 
| 131|0x0000000610e00000, 0x0000000610e00000, 0x0000000611000000|  0%| F|  |TAMS 0x0000000610e00000, 0x0000000610e00000| Untracked 
| 132|0x0000000611000000, 0x0000000611000000, 0x0000000611200000|  0%| F|  |TAMS 0x0000000611000000, 0x0000000611000000| Untracked 
| 133|0x0000000611200000, 0x0000000611200000, 0x0000000611400000|  0%| F|  |TAMS 0x0000000611200000, 0x0000000611200000| Untracked 
| 134|0x0000000611400000, 0x0000000611400000, 0x0000000611600000|  0%| F|  |TAMS 0x0000000611400000, 0x0000000611400000| Untracked 
| 135|0x0000000611600000, 0x0000000611600000, 0x0000000611800000|  0%| F|  |TAMS 0x0000000611600000, 0x0000000611600000| Untracked 
| 136|0x0000000611800000, 0x0000000611800000, 0x0000000611a00000|  0%| F|  |TAMS 0x0000000611800000, 0x0000000611800000| Untracked 
| 137|0x0000000611a00000, 0x0000000611a00000, 0x0000000611c00000|  0%| F|  |TAMS 0x0000000611a00000, 0x0000000611a00000| Untracked 
| 138|0x0000000611c00000, 0x0000000611c00000, 0x0000000611e00000|  0%| F|  |TAMS 0x0000000611c00000, 0x0000000611c00000| Untracked 
| 139|0x0000000611e00000, 0x0000000611e00000, 0x0000000612000000|  0%| F|  |TAMS 0x0000000611e00000, 0x0000000611e00000| Untracked 
| 140|0x0000000612000000, 0x0000000612000000, 0x0000000612200000|  0%| F|  |TAMS 0x0000000612000000, 0x0000000612000000| Untracked 
| 141|0x0000000612200000, 0x0000000612200000, 0x0000000612400000|  0%| F|  |TAMS 0x0000000612200000, 0x0000000612200000| Untracked 
| 142|0x0000000612400000, 0x0000000612400000, 0x0000000612600000|  0%| F|  |TAMS 0x0000000612400000, 0x0000000612400000| Untracked 
| 143|0x0000000612600000, 0x0000000612600000, 0x0000000612800000|  0%| F|  |TAMS 0x0000000612600000, 0x0000000612600000| Untracked 
| 144|0x0000000612800000, 0x0000000612800000, 0x0000000612a00000|  0%| F|  |TAMS 0x0000000612800000, 0x0000000612800000| Untracked 
| 145|0x0000000612a00000, 0x0000000612a00000, 0x0000000612c00000|  0%| F|  |TAMS 0x0000000612a00000, 0x0000000612a00000| Untracked 
| 146|0x0000000612c00000, 0x0000000612c00000, 0x0000000612e00000|  0%| F|  |TAMS 0x0000000612c00000, 0x0000000612c00000| Untracked 
| 147|0x0000000612e00000, 0x0000000612e00000, 0x0000000613000000|  0%| F|  |TAMS 0x0000000612e00000, 0x0000000612e00000| Untracked 
| 148|0x0000000613000000, 0x0000000613000000, 0x0000000613200000|  0%| F|  |TAMS 0x0000000613000000, 0x0000000613000000| Untracked 
| 149|0x0000000613200000, 0x0000000613200000, 0x0000000613400000|  0%| F|  |TAMS 0x0000000613200000, 0x0000000613200000| Untracked 
| 150|0x0000000613400000, 0x0000000613400000, 0x0000000613600000|  0%| F|  |TAMS 0x0000000613400000, 0x0000000613400000| Untracked 
| 151|0x0000000613600000, 0x0000000613600000, 0x0000000613800000|  0%| F|  |TAMS 0x0000000613600000, 0x0000000613600000| Untracked 
| 152|0x0000000613800000, 0x0000000613800000, 0x0000000613a00000|  0%| F|  |TAMS 0x0000000613800000, 0x0000000613800000| Untracked 
| 153|0x0000000613a00000, 0x0000000613a00000, 0x0000000613c00000|  0%| F|  |TAMS 0x0000000613a00000, 0x0000000613a00000| Untracked 
| 154|0x0000000613c00000, 0x0000000613c00000, 0x0000000613e00000|  0%| F|  |TAMS 0x0000000613c00000, 0x0000000613c00000| Untracked 
| 155|0x0000000613e00000, 0x0000000613e00000, 0x0000000614000000|  0%| F|  |TAMS 0x0000000613e00000, 0x0000000613e00000| Untracked 
| 156|0x0000000614000000, 0x0000000614000000, 0x0000000614200000|  0%| F|  |TAMS 0x0000000614000000, 0x0000000614000000| Untracked 
| 157|0x0000000614200000, 0x0000000614200000, 0x0000000614400000|  0%| F|  |TAMS 0x0000000614200000, 0x0000000614200000| Untracked 
| 158|0x0000000614400000, 0x0000000614400000, 0x0000000614600000|  0%| F|  |TAMS 0x0000000614400000, 0x0000000614400000| Untracked 
| 159|0x0000000614600000, 0x0000000614600000, 0x0000000614800000|  0%| F|  |TAMS 0x0000000614600000, 0x0000000614600000| Untracked 
| 160|0x0000000614800000, 0x0000000614800000, 0x0000000614a00000|  0%| F|  |TAMS 0x0000000614800000, 0x0000000614800000| Untracked 
| 161|0x0000000614a00000, 0x0000000614a00000, 0x0000000614c00000|  0%| F|  |TAMS 0x0000000614a00000, 0x0000000614a00000| Untracked 
| 162|0x0000000614c00000, 0x0000000614c00000, 0x0000000614e00000|  0%| F|  |TAMS 0x0000000614c00000, 0x0000000614c00000| Untracked 
| 163|0x0000000614e00000, 0x0000000614e00000, 0x0000000615000000|  0%| F|  |TAMS 0x0000000614e00000, 0x0000000614e00000| Untracked 
| 164|0x0000000615000000, 0x0000000615000000, 0x0000000615200000|  0%| F|  |TAMS 0x0000000615000000, 0x0000000615000000| Untracked 
| 165|0x0000000615200000, 0x0000000615200000, 0x0000000615400000|  0%| F|  |TAMS 0x0000000615200000, 0x0000000615200000| Untracked 
| 166|0x0000000615400000, 0x0000000615400000, 0x0000000615600000|  0%| F|  |TAMS 0x0000000615400000, 0x0000000615400000| Untracked 
| 167|0x0000000615600000, 0x0000000615600000, 0x0000000615800000|  0%| F|  |TAMS 0x0000000615600000, 0x0000000615600000| Untracked 
| 168|0x0000000615800000, 0x0000000615800000, 0x0000000615a00000|  0%| F|  |TAMS 0x0000000615800000, 0x0000000615800000| Untracked 
| 169|0x0000000615a00000, 0x0000000615a00000, 0x0000000615c00000|  0%| F|  |TAMS 0x0000000615a00000, 0x0000000615a00000| Untracked 
| 170|0x0000000615c00000, 0x0000000615c00000, 0x0000000615e00000|  0%| F|  |TAMS 0x0000000615c00000, 0x0000000615c00000| Untracked 
| 171|0x0000000615e00000, 0x0000000615e00000, 0x0000000616000000|  0%| F|  |TAMS 0x0000000615e00000, 0x0000000615e00000| Untracked 
| 172|0x0000000616000000, 0x0000000616000000, 0x0000000616200000|  0%| F|  |TAMS 0x0000000616000000, 0x0000000616000000| Untracked 
| 173|0x0000000616200000, 0x0000000616200000, 0x0000000616400000|  0%| F|  |TAMS 0x0000000616200000, 0x0000000616200000| Untracked 
| 174|0x0000000616400000, 0x0000000616400000, 0x0000000616600000|  0%| F|  |TAMS 0x0000000616400000, 0x0000000616400000| Untracked 
| 175|0x0000000616600000, 0x0000000616600000, 0x0000000616800000|  0%| F|  |TAMS 0x0000000616600000, 0x0000000616600000| Untracked 
| 176|0x0000000616800000, 0x0000000616800000, 0x0000000616a00000|  0%| F|  |TAMS 0x0000000616800000, 0x0000000616800000| Untracked 
| 177|0x0000000616a00000, 0x0000000616a00000, 0x0000000616c00000|  0%| F|  |TAMS 0x0000000616a00000, 0x0000000616a00000| Untracked 
| 178|0x0000000616c00000, 0x0000000616c00000, 0x0000000616e00000|  0%| F|  |TAMS 0x0000000616c00000, 0x0000000616c00000| Untracked 
| 179|0x0000000616e00000, 0x0000000616e00000, 0x0000000617000000|  0%| F|  |TAMS 0x0000000616e00000, 0x0000000616e00000| Untracked 
| 180|0x0000000617000000, 0x0000000617000000, 0x0000000617200000|  0%| F|  |TAMS 0x0000000617000000, 0x0000000617000000| Untracked 
| 181|0x0000000617200000, 0x0000000617200000, 0x0000000617400000|  0%| F|  |TAMS 0x0000000617200000, 0x0000000617200000| Untracked 
| 182|0x0000000617400000, 0x0000000617400000, 0x0000000617600000|  0%| F|  |TAMS 0x0000000617400000, 0x0000000617400000| Untracked 
| 183|0x0000000617600000, 0x0000000617600000, 0x0000000617800000|  0%| F|  |TAMS 0x0000000617600000, 0x0000000617600000| Untracked 
| 184|0x0000000617800000, 0x0000000617800000, 0x0000000617a00000|  0%| F|  |TAMS 0x0000000617800000, 0x0000000617800000| Untracked 
| 185|0x0000000617a00000, 0x0000000617a00000, 0x0000000617c00000|  0%| F|  |TAMS 0x0000000617a00000, 0x0000000617a00000| Untracked 
| 186|0x0000000617c00000, 0x0000000617c00000, 0x0000000617e00000|  0%| F|  |TAMS 0x0000000617c00000, 0x0000000617c00000| Untracked 
| 187|0x0000000617e00000, 0x0000000617e00000, 0x0000000618000000|  0%| F|  |TAMS 0x0000000617e00000, 0x0000000617e00000| Untracked 
| 188|0x0000000618000000, 0x0000000618000000, 0x0000000618200000|  0%| F|  |TAMS 0x0000000618000000, 0x0000000618000000| Untracked 
| 189|0x0000000618200000, 0x0000000618200000, 0x0000000618400000|  0%| F|  |TAMS 0x0000000618200000, 0x0000000618200000| Untracked 
| 190|0x0000000618400000, 0x0000000618400000, 0x0000000618600000|  0%| F|  |TAMS 0x0000000618400000, 0x0000000618400000| Untracked 
| 191|0x0000000618600000, 0x0000000618600000, 0x0000000618800000|  0%| F|  |TAMS 0x0000000618600000, 0x0000000618600000| Untracked 
| 192|0x0000000618800000, 0x0000000618800000, 0x0000000618a00000|  0%| F|  |TAMS 0x0000000618800000, 0x0000000618800000| Untracked 
| 193|0x0000000618a00000, 0x0000000618a00000, 0x0000000618c00000|  0%| F|  |TAMS 0x0000000618a00000, 0x0000000618a00000| Untracked 
| 194|0x0000000618c00000, 0x0000000618c00000, 0x0000000618e00000|  0%| F|  |TAMS 0x0000000618c00000, 0x0000000618c00000| Untracked 
| 195|0x0000000618e00000, 0x0000000618e00000, 0x0000000619000000|  0%| F|  |TAMS 0x0000000618e00000, 0x0000000618e00000| Untracked 
| 196|0x0000000619000000, 0x0000000619000000, 0x0000000619200000|  0%| F|  |TAMS 0x0000000619000000, 0x0000000619000000| Untracked 
| 197|0x0000000619200000, 0x0000000619200000, 0x0000000619400000|  0%| F|  |TAMS 0x0000000619200000, 0x0000000619200000| Untracked 
| 198|0x0000000619400000, 0x0000000619400000, 0x0000000619600000|  0%| F|  |TAMS 0x0000000619400000, 0x0000000619400000| Untracked 
| 199|0x0000000619600000, 0x0000000619600000, 0x0000000619800000|  0%| F|  |TAMS 0x0000000619600000, 0x0000000619600000| Untracked 
| 200|0x0000000619800000, 0x0000000619800000, 0x0000000619a00000|  0%| F|  |TAMS 0x0000000619800000, 0x0000000619800000| Untracked 
| 201|0x0000000619a00000, 0x0000000619a00000, 0x0000000619c00000|  0%| F|  |TAMS 0x0000000619a00000, 0x0000000619a00000| Untracked 
| 202|0x0000000619c00000, 0x0000000619c00000, 0x0000000619e00000|  0%| F|  |TAMS 0x0000000619c00000, 0x0000000619c00000| Untracked 
| 203|0x0000000619e00000, 0x0000000619e00000, 0x000000061a000000|  0%| F|  |TAMS 0x0000000619e00000, 0x0000000619e00000| Untracked 
| 204|0x000000061a000000, 0x000000061a000000, 0x000000061a200000|  0%| F|  |TAMS 0x000000061a000000, 0x000000061a000000| Untracked 
| 205|0x000000061a200000, 0x000000061a200000, 0x000000061a400000|  0%| F|  |TAMS 0x000000061a200000, 0x000000061a200000| Untracked 
| 206|0x000000061a400000, 0x000000061a400000, 0x000000061a600000|  0%| F|  |TAMS 0x000000061a400000, 0x000000061a400000| Untracked 
| 207|0x000000061a600000, 0x000000061a600000, 0x000000061a800000|  0%| F|  |TAMS 0x000000061a600000, 0x000000061a600000| Untracked 
| 208|0x000000061a800000, 0x000000061a800000, 0x000000061aa00000|  0%| F|  |TAMS 0x000000061a800000, 0x000000061a800000| Untracked 
| 209|0x000000061aa00000, 0x000000061aa00000, 0x000000061ac00000|  0%| F|  |TAMS 0x000000061aa00000, 0x000000061aa00000| Untracked 
| 210|0x000000061ac00000, 0x000000061ac00000, 0x000000061ae00000|  0%| F|  |TAMS 0x000000061ac00000, 0x000000061ac00000| Untracked 
| 211|0x000000061ae00000, 0x000000061ae00000, 0x000000061b000000|  0%| F|  |TAMS 0x000000061ae00000, 0x000000061ae00000| Untracked 
| 212|0x000000061b000000, 0x000000061b000000, 0x000000061b200000|  0%| F|  |TAMS 0x000000061b000000, 0x000000061b000000| Untracked 
| 213|0x000000061b200000, 0x000000061b200000, 0x000000061b400000|  0%| F|  |TAMS 0x000000061b200000, 0x000000061b200000| Untracked 
| 214|0x000000061b400000, 0x000000061b400000, 0x000000061b600000|  0%| F|  |TAMS 0x000000061b400000, 0x000000061b400000| Untracked 
| 215|0x000000061b600000, 0x000000061b600000, 0x000000061b800000|  0%| F|  |TAMS 0x000000061b600000, 0x000000061b600000| Untracked 
| 216|0x000000061b800000, 0x000000061b800000, 0x000000061ba00000|  0%| F|  |TAMS 0x000000061b800000, 0x000000061b800000| Untracked 
| 217|0x000000061ba00000, 0x000000061ba00000, 0x000000061bc00000|  0%| F|  |TAMS 0x000000061ba00000, 0x000000061ba00000| Untracked 
| 218|0x000000061bc00000, 0x000000061bc00000, 0x000000061be00000|  0%| F|  |TAMS 0x000000061bc00000, 0x000000061bc00000| Untracked 
| 219|0x000000061be00000, 0x000000061be00000, 0x000000061c000000|  0%| F|  |TAMS 0x000000061be00000, 0x000000061be00000| Untracked 
| 220|0x000000061c000000, 0x000000061c000000, 0x000000061c200000|  0%| F|  |TAMS 0x000000061c000000, 0x000000061c000000| Untracked 
| 221|0x000000061c200000, 0x000000061c200000, 0x000000061c400000|  0%| F|  |TAMS 0x000000061c200000, 0x000000061c200000| Untracked 
| 222|0x000000061c400000, 0x000000061c400000, 0x000000061c600000|  0%| F|  |TAMS 0x000000061c400000, 0x000000061c400000| Untracked 
| 223|0x000000061c600000, 0x000000061c600000, 0x000000061c800000|  0%| F|  |TAMS 0x000000061c600000, 0x000000061c600000| Untracked 
| 224|0x000000061c800000, 0x000000061c800000, 0x000000061ca00000|  0%| F|  |TAMS 0x000000061c800000, 0x000000061c800000| Untracked 
| 225|0x000000061ca00000, 0x000000061ca00000, 0x000000061cc00000|  0%| F|  |TAMS 0x000000061ca00000, 0x000000061ca00000| Untracked 
| 226|0x000000061cc00000, 0x000000061cc00000, 0x000000061ce00000|  0%| F|  |TAMS 0x000000061cc00000, 0x000000061cc00000| Untracked 
| 227|0x000000061ce00000, 0x000000061ce00000, 0x000000061d000000|  0%| F|  |TAMS 0x000000061ce00000, 0x000000061ce00000| Untracked 
| 228|0x000000061d000000, 0x000000061d000000, 0x000000061d200000|  0%| F|  |TAMS 0x000000061d000000, 0x000000061d000000| Untracked 
| 229|0x000000061d200000, 0x000000061d200000, 0x000000061d400000|  0%| F|  |TAMS 0x000000061d200000, 0x000000061d200000| Untracked 
| 230|0x000000061d400000, 0x000000061d400000, 0x000000061d600000|  0%| F|  |TAMS 0x000000061d400000, 0x000000061d400000| Untracked 
| 231|0x000000061d600000, 0x000000061d600000, 0x000000061d800000|  0%| F|  |TAMS 0x000000061d600000, 0x000000061d600000| Untracked 
| 232|0x000000061d800000, 0x000000061d800000, 0x000000061da00000|  0%| F|  |TAMS 0x000000061d800000, 0x000000061d800000| Untracked 
| 233|0x000000061da00000, 0x000000061da00000, 0x000000061dc00000|  0%| F|  |TAMS 0x000000061da00000, 0x000000061da00000| Untracked 
| 234|0x000000061dc00000, 0x000000061dc00000, 0x000000061de00000|  0%| F|  |TAMS 0x000000061dc00000, 0x000000061dc00000| Untracked 
| 235|0x000000061de00000, 0x000000061de00000, 0x000000061e000000|  0%| F|  |TAMS 0x000000061de00000, 0x000000061de00000| Untracked 
| 236|0x000000061e000000, 0x000000061e000000, 0x000000061e200000|  0%| F|  |TAMS 0x000000061e000000, 0x000000061e000000| Untracked 
| 237|0x000000061e200000, 0x000000061e200000, 0x000000061e400000|  0%| F|  |TAMS 0x000000061e200000, 0x000000061e200000| Untracked 
| 238|0x000000061e400000, 0x000000061e400000, 0x000000061e600000|  0%| F|  |TAMS 0x000000061e400000, 0x000000061e400000| Untracked 
| 239|0x000000061e600000, 0x000000061e600000, 0x000000061e800000|  0%| F|  |TAMS 0x000000061e600000, 0x000000061e600000| Untracked 
| 240|0x000000061e800000, 0x000000061e800000, 0x000000061ea00000|  0%| F|  |TAMS 0x000000061e800000, 0x000000061e800000| Untracked 
| 241|0x000000061ea00000, 0x000000061ea00000, 0x000000061ec00000|  0%| F|  |TAMS 0x000000061ea00000, 0x000000061ea00000| Untracked 
| 242|0x000000061ec00000, 0x000000061ec00000, 0x000000061ee00000|  0%| F|  |TAMS 0x000000061ec00000, 0x000000061ec00000| Untracked 
| 243|0x000000061ee00000, 0x000000061ee00000, 0x000000061f000000|  0%| F|  |TAMS 0x000000061ee00000, 0x000000061ee00000| Untracked 
| 244|0x000000061f000000, 0x000000061f000000, 0x000000061f200000|  0%| F|  |TAMS 0x000000061f000000, 0x000000061f000000| Untracked 
| 245|0x000000061f200000, 0x000000061f200000, 0x000000061f400000|  0%| F|  |TAMS 0x000000061f200000, 0x000000061f200000| Untracked 
| 246|0x000000061f400000, 0x000000061f400000, 0x000000061f600000|  0%| F|  |TAMS 0x000000061f400000, 0x000000061f400000| Untracked 
| 247|0x000000061f600000, 0x000000061f600000, 0x000000061f800000|  0%| F|  |TAMS 0x000000061f600000, 0x000000061f600000| Untracked 
| 248|0x000000061f800000, 0x000000061f800000, 0x000000061fa00000|  0%| F|  |TAMS 0x000000061f800000, 0x000000061f800000| Untracked 
| 249|0x000000061fa00000, 0x000000061fa00000, 0x000000061fc00000|  0%| F|  |TAMS 0x000000061fa00000, 0x000000061fa00000| Untracked 
| 250|0x000000061fc00000, 0x000000061fc00000, 0x000000061fe00000|  0%| F|  |TAMS 0x000000061fc00000, 0x000000061fc00000| Untracked 
| 251|0x000000061fe00000, 0x000000061fe00000, 0x0000000620000000|  0%| F|  |TAMS 0x000000061fe00000, 0x000000061fe00000| Untracked 
| 252|0x0000000620000000, 0x0000000620000000, 0x0000000620200000|  0%| F|  |TAMS 0x0000000620000000, 0x0000000620000000| Untracked 
| 253|0x0000000620200000, 0x0000000620200000, 0x0000000620400000|  0%| F|  |TAMS 0x0000000620200000, 0x0000000620200000| Untracked 
| 254|0x0000000620400000, 0x0000000620400000, 0x0000000620600000|  0%| F|  |TAMS 0x0000000620400000, 0x0000000620400000| Untracked 
| 255|0x0000000620600000, 0x0000000620600000, 0x0000000620800000|  0%| F|  |TAMS 0x0000000620600000, 0x0000000620600000| Untracked 
| 256|0x0000000620800000, 0x0000000620800000, 0x0000000620a00000|  0%| F|  |TAMS 0x0000000620800000, 0x0000000620800000| Untracked 
| 257|0x0000000620a00000, 0x0000000620a00000, 0x0000000620c00000|  0%| F|  |TAMS 0x0000000620a00000, 0x0000000620a00000| Untracked 
| 258|0x0000000620c00000, 0x0000000620c00000, 0x0000000620e00000|  0%| F|  |TAMS 0x0000000620c00000, 0x0000000620c00000| Untracked 
| 259|0x0000000620e00000, 0x0000000620e00000, 0x0000000621000000|  0%| F|  |TAMS 0x0000000620e00000, 0x0000000620e00000| Untracked 
| 260|0x0000000621000000, 0x0000000621000000, 0x0000000621200000|  0%| F|  |TAMS 0x0000000621000000, 0x0000000621000000| Untracked 
| 261|0x0000000621200000, 0x0000000621200000, 0x0000000621400000|  0%| F|  |TAMS 0x0000000621200000, 0x0000000621200000| Untracked 
| 262|0x0000000621400000, 0x0000000621400000, 0x0000000621600000|  0%| F|  |TAMS 0x0000000621400000, 0x0000000621400000| Untracked 
| 263|0x0000000621600000, 0x0000000621600000, 0x0000000621800000|  0%| F|  |TAMS 0x0000000621600000, 0x0000000621600000| Untracked 
| 264|0x0000000621800000, 0x0000000621800000, 0x0000000621a00000|  0%| F|  |TAMS 0x0000000621800000, 0x0000000621800000| Untracked 
| 265|0x0000000621a00000, 0x0000000621a00000, 0x0000000621c00000|  0%| F|  |TAMS 0x0000000621a00000, 0x0000000621a00000| Untracked 
| 266|0x0000000621c00000, 0x0000000621c00000, 0x0000000621e00000|  0%| F|  |TAMS 0x0000000621c00000, 0x0000000621c00000| Untracked 
| 267|0x0000000621e00000, 0x0000000621e00000, 0x0000000622000000|  0%| F|  |TAMS 0x0000000621e00000, 0x0000000621e00000| Untracked 
| 268|0x0000000622000000, 0x0000000622000000, 0x0000000622200000|  0%| F|  |TAMS 0x0000000622000000, 0x0000000622000000| Untracked 
| 269|0x0000000622200000, 0x0000000622200000, 0x0000000622400000|  0%| F|  |TAMS 0x0000000622200000, 0x0000000622200000| Untracked 
| 270|0x0000000622400000, 0x0000000622400000, 0x0000000622600000|  0%| F|  |TAMS 0x0000000622400000, 0x0000000622400000| Untracked 
| 271|0x0000000622600000, 0x0000000622600000, 0x0000000622800000|  0%| F|  |TAMS 0x0000000622600000, 0x0000000622600000| Untracked 
| 272|0x0000000622800000, 0x0000000622800000, 0x0000000622a00000|  0%| F|  |TAMS 0x0000000622800000, 0x0000000622800000| Untracked 
| 273|0x0000000622a00000, 0x0000000622a00000, 0x0000000622c00000|  0%| F|  |TAMS 0x0000000622a00000, 0x0000000622a00000| Untracked 
| 274|0x0000000622c00000, 0x0000000622c00000, 0x0000000622e00000|  0%| F|  |TAMS 0x0000000622c00000, 0x0000000622c00000| Untracked 
| 275|0x0000000622e00000, 0x0000000622e00000, 0x0000000623000000|  0%| F|  |TAMS 0x0000000622e00000, 0x0000000622e00000| Untracked 
| 276|0x0000000623000000, 0x0000000623000000, 0x0000000623200000|  0%| F|  |TAMS 0x0000000623000000, 0x0000000623000000| Untracked 
| 277|0x0000000623200000, 0x0000000623200000, 0x0000000623400000|  0%| F|  |TAMS 0x0000000623200000, 0x0000000623200000| Untracked 
| 278|0x0000000623400000, 0x0000000623400000, 0x0000000623600000|  0%| F|  |TAMS 0x0000000623400000, 0x0000000623400000| Untracked 
| 279|0x0000000623600000, 0x0000000623600000, 0x0000000623800000|  0%| F|  |TAMS 0x0000000623600000, 0x0000000623600000| Untracked 
| 280|0x0000000623800000, 0x0000000623800000, 0x0000000623a00000|  0%| F|  |TAMS 0x0000000623800000, 0x0000000623800000| Untracked 
| 281|0x0000000623a00000, 0x0000000623a00000, 0x0000000623c00000|  0%| F|  |TAMS 0x0000000623a00000, 0x0000000623a00000| Untracked 
| 282|0x0000000623c00000, 0x0000000623c00000, 0x0000000623e00000|  0%| F|  |TAMS 0x0000000623c00000, 0x0000000623c00000| Untracked 
| 283|0x0000000623e00000, 0x0000000623e00000, 0x0000000624000000|  0%| F|  |TAMS 0x0000000623e00000, 0x0000000623e00000| Untracked 
| 284|0x0000000624000000, 0x0000000624000000, 0x0000000624200000|  0%| F|  |TAMS 0x0000000624000000, 0x0000000624000000| Untracked 
| 285|0x0000000624200000, 0x0000000624200000, 0x0000000624400000|  0%| F|  |TAMS 0x0000000624200000, 0x0000000624200000| Untracked 
| 286|0x0000000624400000, 0x0000000624400000, 0x0000000624600000|  0%| F|  |TAMS 0x0000000624400000, 0x0000000624400000| Untracked 
| 287|0x0000000624600000, 0x0000000624600000, 0x0000000624800000|  0%| F|  |TAMS 0x0000000624600000, 0x0000000624600000| Untracked 
| 288|0x0000000624800000, 0x0000000624800000, 0x0000000624a00000|  0%| F|  |TAMS 0x0000000624800000, 0x0000000624800000| Untracked 
| 289|0x0000000624a00000, 0x0000000624a00000, 0x0000000624c00000|  0%| F|  |TAMS 0x0000000624a00000, 0x0000000624a00000| Untracked 
| 290|0x0000000624c00000, 0x0000000624c00000, 0x0000000624e00000|  0%| F|  |TAMS 0x0000000624c00000, 0x0000000624c00000| Untracked 
| 291|0x0000000624e00000, 0x0000000624e00000, 0x0000000625000000|  0%| F|  |TAMS 0x0000000624e00000, 0x0000000624e00000| Untracked 
| 292|0x0000000625000000, 0x0000000625000000, 0x0000000625200000|  0%| F|  |TAMS 0x0000000625000000, 0x0000000625000000| Untracked 
| 293|0x0000000625200000, 0x0000000625200000, 0x0000000625400000|  0%| F|  |TAMS 0x0000000625200000, 0x0000000625200000| Untracked 
| 294|0x0000000625400000, 0x0000000625400000, 0x0000000625600000|  0%| F|  |TAMS 0x0000000625400000, 0x0000000625400000| Untracked 
| 295|0x0000000625600000, 0x0000000625600000, 0x0000000625800000|  0%| F|  |TAMS 0x0000000625600000, 0x0000000625600000| Untracked 
| 296|0x0000000625800000, 0x0000000625800000, 0x0000000625a00000|  0%| F|  |TAMS 0x0000000625800000, 0x0000000625800000| Untracked 
| 297|0x0000000625a00000, 0x0000000625a00000, 0x0000000625c00000|  0%| F|  |TAMS 0x0000000625a00000, 0x0000000625a00000| Untracked 
| 298|0x0000000625c00000, 0x0000000625c00000, 0x0000000625e00000|  0%| F|  |TAMS 0x0000000625c00000, 0x0000000625c00000| Untracked 
| 299|0x0000000625e00000, 0x0000000625e00000, 0x0000000626000000|  0%| F|  |TAMS 0x0000000625e00000, 0x0000000625e00000| Untracked 
| 300|0x0000000626000000, 0x0000000626000000, 0x0000000626200000|  0%| F|  |TAMS 0x0000000626000000, 0x0000000626000000| Untracked 
| 301|0x0000000626200000, 0x0000000626200000, 0x0000000626400000|  0%| F|  |TAMS 0x0000000626200000, 0x0000000626200000| Untracked 
| 302|0x0000000626400000, 0x0000000626400000, 0x0000000626600000|  0%| F|  |TAMS 0x0000000626400000, 0x0000000626400000| Untracked 
| 303|0x0000000626600000, 0x0000000626600000, 0x0000000626800000|  0%| F|  |TAMS 0x0000000626600000, 0x0000000626600000| Untracked 
| 304|0x0000000626800000, 0x0000000626800000, 0x0000000626a00000|  0%| F|  |TAMS 0x0000000626800000, 0x0000000626800000| Untracked 
| 305|0x0000000626a00000, 0x0000000626a00000, 0x0000000626c00000|  0%| F|  |TAMS 0x0000000626a00000, 0x0000000626a00000| Untracked 
| 306|0x0000000626c00000, 0x0000000626c00000, 0x0000000626e00000|  0%| F|  |TAMS 0x0000000626c00000, 0x0000000626c00000| Untracked 
| 307|0x0000000626e00000, 0x0000000626e00000, 0x0000000627000000|  0%| F|  |TAMS 0x0000000626e00000, 0x0000000626e00000| Untracked 
| 308|0x0000000627000000, 0x0000000627000000, 0x0000000627200000|  0%| F|  |TAMS 0x0000000627000000, 0x0000000627000000| Untracked 
| 309|0x0000000627200000, 0x0000000627200000, 0x0000000627400000|  0%| F|  |TAMS 0x0000000627200000, 0x0000000627200000| Untracked 
| 310|0x0000000627400000, 0x0000000627400000, 0x0000000627600000|  0%| F|  |TAMS 0x0000000627400000, 0x0000000627400000| Untracked 
| 311|0x0000000627600000, 0x00000006276a1360, 0x0000000627800000| 31%| E|  |TAMS 0x0000000627600000, 0x0000000627600000| Complete 
| 312|0x0000000627800000, 0x0000000627a00000, 0x0000000627a00000|100%| E|CS|TAMS 0x0000000627800000, 0x0000000627800000| Complete 
| 313|0x0000000627a00000, 0x0000000627c00000, 0x0000000627c00000|100%| E|CS|TAMS 0x0000000627a00000, 0x0000000627a00000| Complete 

Card table byte_map: [0x0000025a90000000,0x0000025a91000000] _byte_map_base: 0x0000025a8cffc000

Marking Bits (Prev, Next): (CMBitMap*) 0x0000025af7001110, (CMBitMap*) 0x0000025af70010d8
 Prev Bits: [0x0000025a99fe0000, 0x0000025aa1fc0000)
 Next Bits: [0x0000025a92000000, 0x0000025a99fe0000)

Polling page: 0x0000025af66a0000

Metaspace:

Usage:
  Non-class:     44.66 MB capacity,    44.02 MB ( 99%) used,   485.96 KB (  1%) free+waste,   164.63 KB ( <1%) overhead. 
      Class:      5.94 MB capacity,     5.32 MB ( 90%) used,   546.47 KB (  9%) free+waste,    83.00 KB (  1%) overhead. 
       Both:     50.59 MB capacity,    49.34 MB ( 98%) used,     1.01 MB (  2%) free+waste,   247.63 KB ( <1%) overhead. 

Virtual space:
  Non-class space:       46.00 MB reserved,      44.75 MB ( 97%) committed 
      Class space:        1.00 GB reserved,       6.00 MB ( <1%) committed 
             Both:        1.04 GB reserved,      50.75 MB (  5%) committed 

Chunk freelists:
   Non-Class:  31.00 KB
       Class:  2.00 KB
        Both:  33.00 KB

CodeHeap 'non-profiled nmethods': size=120000Kb used=2652Kb max_used=2652Kb free=117348Kb
 bounds [0x0000025a87ad0000, 0x0000025a87d70000, 0x0000025a8f000000]
CodeHeap 'profiled nmethods': size=120000Kb used=8851Kb max_used=8851Kb free=111149Kb
 bounds [0x0000025a805a0000, 0x0000025a80e50000, 0x0000025a87ad0000]
CodeHeap 'non-nmethods': size=5760Kb used=1698Kb max_used=1769Kb free=4061Kb
 bounds [0x0000025a80000000, 0x0000025a80270000, 0x0000025a805a0000]
 total_blobs=6523 nmethods=3857 adapters=1129
 compilation: enabled
              stopped_count=0, restarted_count=0
 full_count=0

Compilation events (10 events):
Event: 108.386 Thread 0x0000025aa4dee000 nmethod 4072 0x0000025a80e47610 code [0x0000025a80e477c0, 0x0000025a80e47950]
Event: 108.395 Thread 0x0000025aa4dee000 4073   !   3       java.lang.ref.Finalizer::runFinalizer (117 bytes)
Event: 108.396 Thread 0x0000025aa4dee000 nmethod 4073 0x0000025a80e47a10 code [0x0000025a80e47c40, 0x0000025a80e48750]
Event: 108.396 Thread 0x0000025aa4dee000 4074       3       java.lang.System$2::invokeFinalize (5 bytes)
Event: 108.396 Thread 0x0000025aa4dee000 nmethod 4074 0x0000025a80e48a10 code [0x0000025a80e48be0, 0x0000025a80e48e10]
Event: 108.406 Thread 0x0000025aa4de9000 nmethod 4070 0x0000025a87d65710 code [0x0000025a87d658c0, 0x0000025a87d66038]
Event: 108.407 Thread 0x0000025aa4de9000 4071       4       java.lang.ThreadLocal$ThreadLocalMap::expungeStaleEntry (146 bytes)
Event: 108.422 Thread 0x0000025aa4de9000 nmethod 4071 0x0000025a87d66190 code [0x0000025a87d66340, 0x0000025a87d668f8]
Event: 108.422 Thread 0x0000025aa4de9000 4075       4       org.bytedeco.javacpp.Pointer$DeallocatorReference::clear (50 bytes)
Event: 108.423 Thread 0x0000025aa4de9000 nmethod 4075 0x0000025a87d66b90 code [0x0000025a87d66d40, 0x0000025a87d66ee8]

GC Heap History (10 events):
Event: 8.539 GC heap before
{Heap before GC invocations=16 (full 0):
 garbage-first heap   total 643072K, used 396815K [0x0000000600800000, 0x0000000800000000)
  region size 2048K, 188 young (385024K), 3 survivors (6144K)
 Metaspace       used 47380K, capacity 48480K, committed 48764K, reserved 1091584K
  class space    used 5050K, capacity 5616K, committed 5756K, reserved 1048576K
}
Event: 8.544 GC heap after
{Heap after GC invocations=17 (full 0):
 garbage-first heap   total 643072K, used 18374K [0x0000000600800000, 0x0000000800000000)
  region size 2048K, 3 young (6144K), 3 survivors (6144K)
 Metaspace       used 47380K, capacity 48480K, committed 48764K, reserved 1091584K
  class space    used 5050K, capacity 5616K, committed 5756K, reserved 1048576K
}
Event: 9.011 GC heap before
{Heap before GC invocations=17 (full 0):
 garbage-first heap   total 643072K, used 397254K [0x0000000600800000, 0x0000000800000000)
  region size 2048K, 188 young (385024K), 3 survivors (6144K)
 Metaspace       used 47387K, capacity 48480K, committed 48764K, reserved 1091584K
  class space    used 5050K, capacity 5616K, committed 5756K, reserved 1048576K
}
Event: 9.017 GC heap after
{Heap after GC invocations=18 (full 0):
 garbage-first heap   total 643072K, used 18393K [0x0000000600800000, 0x0000000800000000)
  region size 2048K, 3 young (6144K), 3 survivors (6144K)
 Metaspace       used 47387K, capacity 48480K, committed 48764K, reserved 1091584K
  class space    used 5050K, capacity 5616K, committed 5756K, reserved 1048576K
}
Event: 20.708 GC heap before
{Heap before GC invocations=18 (full 0):
 garbage-first heap   total 643072K, used 397273K [0x0000000600800000, 0x0000000800000000)
  region size 2048K, 188 young (385024K), 3 survivors (6144K)
 Metaspace       used 49879K, capacity 51016K, committed 51068K, reserved 1093632K
  class space    used 5395K, capacity 5975K, committed 6012K, reserved 1048576K
}
Event: 20.714 GC heap after
{Heap after GC invocations=19 (full 0):
 garbage-first heap   total 643072K, used 19557K [0x0000000600800000, 0x0000000800000000)
  region size 2048K, 4 young (8192K), 4 survivors (8192K)
 Metaspace       used 49879K, capacity 51016K, committed 51068K, reserved 1093632K
  class space    used 5395K, capacity 5975K, committed 6012K, reserved 1048576K
}
Event: 64.744 GC heap before
{Heap before GC invocations=19 (full 0):
 garbage-first heap   total 643072K, used 394341K [0x0000000600800000, 0x0000000800000000)
  region size 2048K, 188 young (385024K), 4 survivors (8192K)
 Metaspace       used 50231K, capacity 51421K, committed 51580K, reserved 1095680K
  class space    used 5397K, capacity 5977K, committed 6012K, reserved 1048576K
}
Event: 64.751 GC heap after
{Heap after GC invocations=20 (full 0):
 garbage-first heap   total 643072K, used 22376K [0x0000000600800000, 0x0000000800000000)
  region size 2048K, 5 young (10240K), 5 survivors (10240K)
 Metaspace       used 50231K, capacity 51421K, committed 51580K, reserved 1095680K
  class space    used 5397K, capacity 5977K, committed 6012K, reserved 1048576K
}
Event: 108.387 GC heap before
{Heap before GC invocations=20 (full 0):
 garbage-first heap   total 643072K, used 395112K [0x0000000600800000, 0x0000000800000000)
  region size 2048K, 188 young (385024K), 5 survivors (10240K)
 Metaspace       used 50525K, capacity 51807K, committed 51964K, reserved 1095680K
  class space    used 5448K, capacity 6078K, committed 6140K, reserved 1048576K
}
Event: 108.393 GC heap after
{Heap after GC invocations=21 (full 0):
 garbage-first heap   total 643072K, used 21080K [0x0000000600800000, 0x0000000800000000)
  region size 2048K, 3 young (6144K), 3 survivors (6144K)
 Metaspace       used 50525K, capacity 51807K, committed 51964K, reserved 1095680K
  class space    used 5448K, capacity 6078K, committed 6140K, reserved 1048576K
}

Deoptimization events (10 events):
Event: 20.567 Thread 0x0000025aa6353800 Uncommon trap: reason=unstable_if action=reinterpret pc=0x0000025a87caac64 method=java.lang.String.getChars(II[CI)V @ 23 c2
Event: 20.567 Thread 0x0000025aa6353800 Uncommon trap: reason=unstable_if action=reinterpret pc=0x0000025a87ae6f48 method=java.lang.String.indexOf(II)I @ 4 c2
Event: 21.580 Thread 0x0000025aa6353800 Uncommon trap: reason=unstable_if action=reinterpret pc=0x0000025a87af610c method=java.lang.String.indexOf(II)I @ 4 c2
Event: 31.946 Thread 0x0000025aa7203800 Uncommon trap: reason=unstable_if action=reinterpret pc=0x0000025a87bed470 method=akka.dispatch.AbstractNodeQueue.pollNode()Lakka/dispatch/AbstractNodeQueue$Node; @ 28 c2
Event: 45.536 Thread 0x0000025aa7203800 Uncommon trap: reason=speculate_null_assert action=make_not_entrant pc=0x0000025a87d28e54 method=akka.dispatch.AbstractNodeQueue.pollNode()Lakka/dispatch/AbstractNodeQueue$Node; @ 37 c2
Event: 103.189 Thread 0x0000025aa850f000 Uncommon trap: reason=unstable_if action=reinterpret pc=0x0000025a87d57a5c method=java.util.concurrent.ForkJoinPool.scan(Ljava/util/concurrent/ForkJoinPool$WorkQueue;I)Z @ 137 c2
Event: 106.567 Thread 0x0000025aa94e8000 Uncommon trap: reason=profile_predicate action=maybe_recompile pc=0x0000025a87d62548 method=sun.security.provider.HashDrbg.addBytes([BI[[B)V @ 36 c2
Event: 106.567 Thread 0x0000025aa94e8000 Uncommon trap: reason=profile_predicate action=maybe_recompile pc=0x0000025a87d62548 method=sun.security.provider.HashDrbg.addBytes([BI[[B)V @ 36 c2
Event: 106.587 Thread 0x0000025aa94ed000 Uncommon trap: reason=profile_predicate action=maybe_recompile pc=0x0000025a87d62548 method=sun.security.provider.HashDrbg.addBytes([BI[[B)V @ 36 c2
Event: 106.587 Thread 0x0000025aa94ed000 Uncommon trap: reason=profile_predicate action=maybe_recompile pc=0x0000025a87d62548 method=sun.security.provider.HashDrbg.addBytes([BI[[B)V @ 36 c2

Classes redefined (0 events):
No events

Internal exceptions (10 events):
Event: 3.417 Thread 0x0000025aa93fd000 Exception <a 'java/lang/NoSuchMethodError'{0x000000061c5ef520}: java.lang.invoke.DirectMethodHandle$Holder.invokeStatic(Ljava/lang/Object;Ljava/lang/Object;Ljava/lang/Object;Ljava/lang/Object;Ljava/lang/Object;Ljava/lang/Object;Ljava/lang/Object;Ljava/lan
Event: 3.418 Thread 0x0000025aa93fd000 Exception <a 'java/lang/NoSuchMethodError'{0x000000061c5fd188}: java.lang.invoke.DirectMethodHandle$Holder.invokeSpecial(Ljava/lang/Object;Ljava/lang/Object;IILjava/lang/Object;Ljava/lang/Object;Ljava/lang/Object;)Ljava/lang/Object;> (0x000000061c5fd188) 
Event: 3.418 Thread 0x0000025aa93fd000 Exception <a 'java/lang/NoSuchMethodError'{0x000000061c200bb8}: java.lang.invoke.DelegatingMethodHandle$Holder.reinvoke_L(Ljava/lang/Object;IILjava/lang/Object;Ljava/lang/Object;Ljava/lang/Object;)Ljava/lang/Object;> (0x000000061c200bb8) thrown at [c:/too
Event: 3.418 Thread 0x0000025aa93fd000 Exception <a 'java/lang/NoSuchMethodError'{0x000000061c204908}: java.lang.invoke.DirectMethodHandle$Holder.invokeStatic(Ljava/lang/Object;Ljava/lang/Object;Ljava/lang/Object;Ljava/lang/Object;I)Ljava/lang/Object;> (0x000000061c204908) thrown at [c:/tools/
Event: 3.424 Thread 0x0000025aa93fd000 Exception <a 'java/io/FileNotFoundException'{0x000000061c264a28}> (0x000000061c264a28) thrown at [c:/tools/cygwin/home/Administrator/development/Corretto11Src/src/src/hotspot/share/prims/jni.cpp, line 615]
Event: 3.544 Thread 0x0000025aa93fd000 Exception <a 'java/lang/NoSuchMethodError'{0x000000062047e4f8}: java.lang.invoke.Invokers$Holder.linkToTargetMethod(Ljava/lang/Object;IIIILjava/lang/Object;)Ljava/lang/Object;> (0x000000062047e4f8) thrown at [c:/tools/cygwin/home/Administrator/development
Event: 5.287 Thread 0x0000025aa9402000 Implicit null exception at 0x0000025a87c3fff8 to 0x0000025a87c400a8
Event: 12.389 Thread 0x0000025aa93fa000 Implicit null exception at 0x0000025a87c21237 to 0x0000025a87c2130a
Event: 106.054 Thread 0x0000025aa94ee800 Exception <a 'java/lang/NoSuchMethodError'{0x0000000626dec208}: java.lang.invoke.DirectMethodHandle$Holder.invokeStatic(Ljava/lang/Object;Ljava/lang/Object;IILjava/lang/Object;)Ljava/lang/Object;> (0x0000000626dec208) thrown at [c:/tools/cygwin/home/Admin
Event: 106.055 Thread 0x0000025aa94ee800 Exception <a 'java/lang/NoSuchMethodError'{0x0000000626df4130}: java.lang.invoke.Invokers$Holder.linkToTargetMethod(Ljava/lang/Object;IILjava/lang/Object;)Ljava/lang/Object;> (0x0000000626df4130) thrown at [c:/tools/cygwin/home/Administrator/development/C

Events (10 events):
Event: 107.901 loading class javafx/scene/robot/Robot
Event: 107.901 loading class javafx/scene/robot/Robot done
Event: 107.901 loading class scala/Function1
Event: 107.901 loading class scala/Function1 done
Event: 107.902 loading class javafx/scene/input/MouseButton
Event: 107.902 loading class javafx/scene/input/MouseButton done
Event: 107.902 loading class com/sun/glass/ui/GlassRobot$1
Event: 107.902 loading class com/sun/glass/ui/GlassRobot$1 done
Event: 108.387 Executing VM operation: G1CollectForAllocation
Event: 108.393 Executing VM operation: G1CollectForAllocation done


Dynamic libraries:
0x00007ff7e1b40000 - 0x00007ff7e1b86000 	E:\x64\java\amazon-corretto-11.0.3.7.1-windows-x64\jdk11.0.3_7\bin\java.exe
0x00007ff917a10000 - 0x00007ff917c05000 	C:\Windows\SYSTEM32\ntdll.dll
0x00007ff916d70000 - 0x00007ff916e2d000 	C:\Windows\System32\KERNEL32.DLL
0x00007ff915140000 - 0x00007ff915409000 	C:\Windows\System32\KERNELBASE.dll
0x00007ff915d40000 - 0x00007ff915ee0000 	C:\Windows\System32\USER32.dll
0x00007ff915740000 - 0x00007ff915762000 	C:\Windows\System32\win32u.dll
0x00007ff917390000 - 0x00007ff9173ba000 	C:\Windows\System32\GDI32.dll
0x00007ff915960000 - 0x00007ff915a6b000 	C:\Windows\System32\gdi32full.dll
0x00007ff915770000 - 0x00007ff91580d000 	C:\Windows\System32\msvcp_win.dll
0x00007ff915860000 - 0x00007ff915960000 	C:\Windows\System32\ucrtbase.dll
0x00007ff8fdaa0000 - 0x00007ff8fdd3a000 	C:\Windows\WinSxS\amd64_microsoft.windows.common-controls_6595b64144ccf1df_6.0.19041.1110_none_60b5254171f9507e\COMCTL32.dll
0x00007ff9173c0000 - 0x00007ff91745e000 	C:\Windows\System32\msvcrt.dll
0x00007ff9161e0000 - 0x00007ff916210000 	C:\Windows\System32\IMM32.DLL
0x00007ff907420000 - 0x00007ff907435000 	E:\x64\java\amazon-corretto-11.0.3.7.1-windows-x64\jdk11.0.3_7\bin\vcruntime140.dll
0x00007ff8f11f0000 - 0x00007ff8f128b000 	E:\x64\java\amazon-corretto-11.0.3.7.1-windows-x64\jdk11.0.3_7\bin\msvcp140.dll
0x00007ff8dc7a0000 - 0x00007ff8dd253000 	E:\x64\java\amazon-corretto-11.0.3.7.1-windows-x64\jdk11.0.3_7\bin\server\jvm.dll
0x00007ff915b80000 - 0x00007ff915c2c000 	C:\Windows\System32\ADVAPI32.dll
0x00007ff915a70000 - 0x00007ff915b0b000 	C:\Windows\System32\sechost.dll
0x00007ff9178a0000 - 0x00007ff9179ca000 	C:\Windows\System32\RPCRT4.dll
0x00007ff916f00000 - 0x00007ff916f08000 	C:\Windows\System32\PSAPI.DLL
0x00007ff90ec70000 - 0x00007ff90ec97000 	C:\Windows\SYSTEM32\WINMM.dll
0x00007ff9105d0000 - 0x00007ff9105d9000 	C:\Windows\SYSTEM32\WSOCK32.dll
0x00007ff914b70000 - 0x00007ff914b7a000 	C:\Windows\SYSTEM32\VERSION.dll
0x00007ff915b10000 - 0x00007ff915b7b000 	C:\Windows\System32\WS2_32.dll
0x00007ff912fc0000 - 0x00007ff912fd2000 	C:\Windows\SYSTEM32\kernel.appcore.dll
0x00007ff907af0000 - 0x00007ff907b00000 	E:\x64\java\amazon-corretto-11.0.3.7.1-windows-x64\jdk11.0.3_7\bin\verify.dll
0x00007ff9052a0000 - 0x00007ff905484000 	C:\Windows\SYSTEM32\DBGHELP.DLL
0x00007ff905270000 - 0x00007ff90529c000 	C:\Windows\SYSTEM32\dbgcore.DLL
0x00007ff915410000 - 0x00007ff915493000 	C:\Windows\System32\bcryptPrimitives.dll
0x00007ff9047d0000 - 0x00007ff9047f8000 	E:\x64\java\amazon-corretto-11.0.3.7.1-windows-x64\jdk11.0.3_7\bin\java.dll
0x00007ff9047b0000 - 0x00007ff9047c6000 	E:\x64\java\amazon-corretto-11.0.3.7.1-windows-x64\jdk11.0.3_7\bin\zip.dll
0x00007ff9044f0000 - 0x00007ff9044fa000 	E:\x64\java\amazon-corretto-11.0.3.7.1-windows-x64\jdk11.0.3_7\bin\jimage.dll
0x00007ff9164d0000 - 0x00007ff916c0f000 	C:\Windows\System32\SHELL32.dll
0x00007ff9131c0000 - 0x00007ff913950000 	C:\Windows\SYSTEM32\windows.storage.dll
0x00007ff917540000 - 0x00007ff917895000 	C:\Windows\System32\combase.dll
0x00007ff9149e0000 - 0x00007ff914a0c000 	C:\Windows\SYSTEM32\Wldp.dll
0x00007ff915c30000 - 0x00007ff915cde000 	C:\Windows\System32\SHCORE.dll
0x00007ff915ce0000 - 0x00007ff915d35000 	C:\Windows\System32\shlwapi.dll
0x00007ff915080000 - 0x00007ff91509f000 	C:\Windows\SYSTEM32\profapi.dll
0x00007ff902a40000 - 0x00007ff902a59000 	E:\x64\java\amazon-corretto-11.0.3.7.1-windows-x64\jdk11.0.3_7\bin\net.dll
0x00007ff909380000 - 0x00007ff90956c000 	C:\Windows\SYSTEM32\urlmon.dll
0x00007ff90bd40000 - 0x00007ff90be48000 	C:\Windows\SYSTEM32\WINHTTP.dll
0x00007ff9096b0000 - 0x00007ff909960000 	C:\Windows\SYSTEM32\iertutil.dll
0x00007ff909350000 - 0x00007ff909378000 	C:\Windows\SYSTEM32\srvcli.dll
0x00007ff9145e0000 - 0x00007ff9145ec000 	C:\Windows\SYSTEM32\netutils.dll
0x00007ff9147c0000 - 0x00007ff91482a000 	C:\Windows\system32\mswsock.dll
0x00007ff9023e0000 - 0x00007ff9023f2000 	E:\x64\java\amazon-corretto-11.0.3.7.1-windows-x64\jdk11.0.3_7\bin\nio.dll
0x00007ff905980000 - 0x00007ff9059a5000 	E:\x64\java\amazon-corretto-11.0.3.7.1-windows-x64\jdk11.0.3_7\bin\sunec.dll
0x00007ff914d70000 - 0x00007ff914d88000 	C:\Windows\SYSTEM32\CRYPTSP.dll
0x00007ff914160000 - 0x00007ff914194000 	C:\Windows\system32\rsaenh.dll
0x00007ff9154a0000 - 0x00007ff9154c7000 	C:\Windows\System32\bcrypt.dll
0x00007ff915040000 - 0x00007ff91506e000 	C:\Windows\SYSTEM32\USERENV.dll
0x00007ff914950000 - 0x00007ff91495c000 	C:\Windows\SYSTEM32\CRYPTBASE.dll
0x00007ff9144d0000 - 0x00007ff91450b000 	C:\Windows\SYSTEM32\IPHLPAPI.DLL
0x00007ff9163a0000 - 0x00007ff9163a8000 	C:\Windows\System32\NSI.dll
0x00007ff90ebb0000 - 0x00007ff90ebc7000 	C:\Windows\SYSTEM32\dhcpcsvc6.DLL
0x00007ff90eb60000 - 0x00007ff90eb7d000 	C:\Windows\SYSTEM32\dhcpcsvc.DLL
0x00007ff914510000 - 0x00007ff9145dc000 	C:\Windows\SYSTEM32\DNSAPI.dll
0x00007ff90b650000 - 0x00007ff90b65a000 	C:\Windows\System32\rasadhlp.dll
0x00007ff90bc60000 - 0x00007ff90bcdf000 	C:\Windows\System32\fwpuclnt.dll
0x00007ff8f4300000 - 0x00007ff8f432a000 	C:\Users\Administrator\AppData\Local\jintellitype\1.4.0\JIntellitype64.dll
0x00007ff90bae0000 - 0x00007ff90baec000 	C:\Windows\SYSTEM32\VCRUNTIME140_1.dll
0x00007ff912a80000 - 0x00007ff912b1e000 	C:\Windows\system32\uxtheme.dll
0x00007ff9163b0000 - 0x00007ff9164c5000 	C:\Windows\System32\MSCTF.dll
0x00007ff916c10000 - 0x00007ff916cdd000 	C:\Windows\System32\OLEAUT32.dll
0x0000025aab4d0000 - 0x0000025aab4d3000 	E:\x64\java\amazon-corretto-11.0.3.7.1-windows-x64\jdk11.0.3_7\bin\api-ms-win-core-console-l1-1-0.dll
0x0000025aab4e0000 - 0x0000025aab4e3000 	E:\x64\java\amazon-corretto-11.0.3.7.1-windows-x64\jdk11.0.3_7\bin\api-ms-win-core-datetime-l1-1-0.dll
0x0000025aab4f0000 - 0x0000025aab4f3000 	E:\x64\java\amazon-corretto-11.0.3.7.1-windows-x64\jdk11.0.3_7\bin\api-ms-win-core-debug-l1-1-0.dll
0x0000025aab600000 - 0x0000025aab603000 	E:\x64\java\amazon-corretto-11.0.3.7.1-windows-x64\jdk11.0.3_7\bin\api-ms-win-core-errorhandling-l1-1-0.dll
0x0000025aab610000 - 0x0000025aab614000 	E:\x64\java\amazon-corretto-11.0.3.7.1-windows-x64\jdk11.0.3_7\bin\api-ms-win-core-file-l1-1-0.dll
0x0000025aab620000 - 0x0000025aab623000 	E:\x64\java\amazon-corretto-11.0.3.7.1-windows-x64\jdk11.0.3_7\bin\api-ms-win-core-file-l1-2-0.dll
0x0000025aab630000 - 0x0000025aab633000 	E:\x64\java\amazon-corretto-11.0.3.7.1-windows-x64\jdk11.0.3_7\bin\api-ms-win-core-file-l2-1-0.dll
0x0000025aab640000 - 0x0000025aab643000 	E:\x64\java\amazon-corretto-11.0.3.7.1-windows-x64\jdk11.0.3_7\bin\api-ms-win-core-handle-l1-1-0.dll
0x0000025aab650000 - 0x0000025aab653000 	E:\x64\java\amazon-corretto-11.0.3.7.1-windows-x64\jdk11.0.3_7\bin\api-ms-win-core-heap-l1-1-0.dll
0x0000025aab660000 - 0x0000025aab663000 	E:\x64\java\amazon-corretto-11.0.3.7.1-windows-x64\jdk11.0.3_7\bin\api-ms-win-core-interlocked-l1-1-0.dll
0x0000025aab670000 - 0x0000025aab673000 	E:\x64\java\amazon-corretto-11.0.3.7.1-windows-x64\jdk11.0.3_7\bin\api-ms-win-core-libraryloader-l1-1-0.dll
0x0000025aab680000 - 0x0000025aab683000 	E:\x64\java\amazon-corretto-11.0.3.7.1-windows-x64\jdk11.0.3_7\bin\api-ms-win-core-localization-l1-2-0.dll
0x0000025aab690000 - 0x0000025aab693000 	E:\x64\java\amazon-corretto-11.0.3.7.1-windows-x64\jdk11.0.3_7\bin\api-ms-win-core-memory-l1-1-0.dll
0x0000025aab6a0000 - 0x0000025aab6a3000 	E:\x64\java\amazon-corretto-11.0.3.7.1-windows-x64\jdk11.0.3_7\bin\api-ms-win-core-namedpipe-l1-1-0.dll
0x0000025aab6b0000 - 0x0000025aab6b3000 	E:\x64\java\amazon-corretto-11.0.3.7.1-windows-x64\jdk11.0.3_7\bin\api-ms-win-core-processenvironment-l1-1-0.dll
0x0000025aab6c0000 - 0x0000025aab6c3000 	E:\x64\java\amazon-corretto-11.0.3.7.1-windows-x64\jdk11.0.3_7\bin\api-ms-win-core-processthreads-l1-1-0.dll
0x0000025aab6d0000 - 0x0000025aab6d3000 	E:\x64\java\amazon-corretto-11.0.3.7.1-windows-x64\jdk11.0.3_7\bin\api-ms-win-core-processthreads-l1-1-1.dll
0x0000025aab6e0000 - 0x0000025aab6e3000 	E:\x64\java\amazon-corretto-11.0.3.7.1-windows-x64\jdk11.0.3_7\bin\api-ms-win-core-profile-l1-1-0.dll
0x0000025aab6f0000 - 0x0000025aab6f3000 	E:\x64\java\amazon-corretto-11.0.3.7.1-windows-x64\jdk11.0.3_7\bin\api-ms-win-core-rtlsupport-l1-1-0.dll
0x0000025aab700000 - 0x0000025aab703000 	E:\x64\java\amazon-corretto-11.0.3.7.1-windows-x64\jdk11.0.3_7\bin\api-ms-win-core-string-l1-1-0.dll
0x0000025aab710000 - 0x0000025aab713000 	E:\x64\java\amazon-corretto-11.0.3.7.1-windows-x64\jdk11.0.3_7\bin\api-ms-win-core-synch-l1-1-0.dll
0x0000025aab960000 - 0x0000025aab963000 	E:\x64\java\amazon-corretto-11.0.3.7.1-windows-x64\jdk11.0.3_7\bin\api-ms-win-core-synch-l1-2-0.dll
0x0000025aab970000 - 0x0000025aab973000 	E:\x64\java\amazon-corretto-11.0.3.7.1-windows-x64\jdk11.0.3_7\bin\api-ms-win-core-sysinfo-l1-1-0.dll
0x0000025aab980000 - 0x0000025aab983000 	E:\x64\java\amazon-corretto-11.0.3.7.1-windows-x64\jdk11.0.3_7\bin\api-ms-win-core-timezone-l1-1-0.dll
0x0000025aab720000 - 0x0000025aab723000 	E:\x64\java\amazon-corretto-11.0.3.7.1-windows-x64\jdk11.0.3_7\bin\api-ms-win-core-util-l1-1-0.dll
0x0000025aab730000 - 0x0000025aab733000 	E:\x64\java\amazon-corretto-11.0.3.7.1-windows-x64\jdk11.0.3_7\bin\api-ms-win-crt-conio-l1-1-0.dll
0x0000025aab850000 - 0x0000025aab854000 	E:\x64\java\amazon-corretto-11.0.3.7.1-windows-x64\jdk11.0.3_7\bin\api-ms-win-crt-convert-l1-1-0.dll
0x0000025aab740000 - 0x0000025aab743000 	E:\x64\java\amazon-corretto-11.0.3.7.1-windows-x64\jdk11.0.3_7\bin\api-ms-win-crt-environment-l1-1-0.dll
0x0000025aab750000 - 0x0000025aab753000 	E:\x64\java\amazon-corretto-11.0.3.7.1-windows-x64\jdk11.0.3_7\bin\api-ms-win-crt-filesystem-l1-1-0.dll
0x0000025aab760000 - 0x0000025aab763000 	E:\x64\java\amazon-corretto-11.0.3.7.1-windows-x64\jdk11.0.3_7\bin\api-ms-win-crt-heap-l1-1-0.dll
0x0000025aab770000 - 0x0000025aab773000 	E:\x64\java\amazon-corretto-11.0.3.7.1-windows-x64\jdk11.0.3_7\bin\api-ms-win-crt-locale-l1-1-0.dll
0x0000025aab780000 - 0x0000025aab785000 	E:\x64\java\amazon-corretto-11.0.3.7.1-windows-x64\jdk11.0.3_7\bin\api-ms-win-crt-math-l1-1-0.dll
0x0000025aab790000 - 0x0000025aab795000 	E:\x64\java\amazon-corretto-11.0.3.7.1-windows-x64\jdk11.0.3_7\bin\api-ms-win-crt-multibyte-l1-1-0.dll
0x0000025aab7a0000 - 0x0000025aab7b0000 	E:\x64\java\amazon-corretto-11.0.3.7.1-windows-x64\jdk11.0.3_7\bin\api-ms-win-crt-private-l1-1-0.dll
0x0000025aab7b0000 - 0x0000025aab7b3000 	E:\x64\java\amazon-corretto-11.0.3.7.1-windows-x64\jdk11.0.3_7\bin\api-ms-win-crt-process-l1-1-0.dll
0x0000025aab7c0000 - 0x0000025aab7c4000 	E:\x64\java\amazon-corretto-11.0.3.7.1-windows-x64\jdk11.0.3_7\bin\api-ms-win-crt-runtime-l1-1-0.dll
0x0000025aab7d0000 - 0x0000025aab7d4000 	E:\x64\java\amazon-corretto-11.0.3.7.1-windows-x64\jdk11.0.3_7\bin\api-ms-win-crt-stdio-l1-1-0.dll
0x0000025aab7e0000 - 0x0000025aab7e4000 	E:\x64\java\amazon-corretto-11.0.3.7.1-windows-x64\jdk11.0.3_7\bin\api-ms-win-crt-string-l1-1-0.dll
0x0000025aab7f0000 - 0x0000025aab7f3000 	E:\x64\java\amazon-corretto-11.0.3.7.1-windows-x64\jdk11.0.3_7\bin\api-ms-win-crt-time-l1-1-0.dll
0x0000025aab800000 - 0x0000025aab803000 	E:\x64\java\amazon-corretto-11.0.3.7.1-windows-x64\jdk11.0.3_7\bin\api-ms-win-crt-utility-l1-1-0.dll
0x00007ff8cb190000 - 0x00007ff8cb28c000 	E:\x64\java\amazon-corretto-11.0.3.7.1-windows-x64\jdk11.0.3_7\bin\ucrtbase.dll
0x00007ff8f3680000 - 0x00007ff8f36ce000 	C:\Windows\System32\concrt140.dll
0x00007ff8f35e0000 - 0x00007ff8f3603000 	C:\Users\Administrator\.openjfx\cache\11\prism_d3d.dll
0x00007ff8d3570000 - 0x00007ff8d373e000 	C:\Windows\system32\d3d9.dll
0x00007ff912c00000 - 0x00007ff912c2f000 	C:\Windows\SYSTEM32\dwmapi.dll
0x00007ff90df70000 - 0x00007ff90e0d7000 	C:\Windows\SYSTEM32\aticfx64.dll
0x00007ff8f32b0000 - 0x00007ff8f32d1000 	C:\Windows\SYSTEM32\atiu9p64.dll
0x00007ff8c09c0000 - 0x00007ff8c1219000 	C:\Windows\SYSTEM32\atiumd64.dll
0x0000000063080000 - 0x0000000063908000 	C:\Windows\SYSTEM32\atiumd6a.dll
0x00007ff914eb0000 - 0x00007ff914efb000 	C:\Windows\SYSTEM32\POWRPROF.dll
0x00007ff914e90000 - 0x00007ff914ea2000 	C:\Windows\SYSTEM32\UMPDC.dll
0x00007ff8f0450000 - 0x00007ff8f0495000 	C:\Users\Administrator\.openjfx\cache\11\glass.dll
0x00007ff917460000 - 0x00007ff91753a000 	C:\Windows\System32\COMDLG32.dll
0x00007ff915ee0000 - 0x00007ff91600a000 	C:\Windows\System32\ole32.dll
0x00007ff8c9030000 - 0x00007ff8c91c9000 	E:\x64\java\amazon-corretto-11.0.3.7.1-windows-x64\jdk11.0.3_7\bin\awt.dll
0x00007ff911840000 - 0x00007ff911e00000 	C:\Windows\SYSTEM32\d2d1.dll
0x00007ff912920000 - 0x00007ff9129b0000 	C:\Windows\SYSTEM32\apphelp.dll
0x00007ff902a60000 - 0x00007ff902b85000 	C:\Windows\system32\opengl32.dll
0x00007ff90b180000 - 0x00007ff90b1ac000 	C:\Windows\SYSTEM32\GLU32.dll
0x0000025aaca80000 - 0x0000025aaca83000 	C:\Users\Administrator\.javacpp\cache\javacpp-1.5.6-windows-x86_64.jar\org\bytedeco\javacpp\windows-x86_64\api-ms-win-crt-locale-l1-1-0.dll
0x0000025aacca0000 - 0x0000025aacca4000 	C:\Users\Administrator\.javacpp\cache\javacpp-1.5.6-windows-x86_64.jar\org\bytedeco\javacpp\windows-x86_64\api-ms-win-crt-string-l1-1-0.dll
0x0000025aaccb0000 - 0x0000025aaccb4000 	C:\Users\Administrator\.javacpp\cache\javacpp-1.5.6-windows-x86_64.jar\org\bytedeco\javacpp\windows-x86_64\api-ms-win-crt-stdio-l1-1-0.dll
0x0000025aaccc0000 - 0x0000025aaccc5000 	C:\Users\Administrator\.javacpp\cache\javacpp-1.5.6-windows-x86_64.jar\org\bytedeco\javacpp\windows-x86_64\api-ms-win-crt-math-l1-1-0.dll

dbghelp: loaded successfully - version: 4.0.5 - missing functions: none
symbol engine: initialized successfully - sym options: 0x614 - pdb path: .;E:\x64\java\amazon-corretto-11.0.3.7.1-windows-x64\jdk11.0.3_7\bin;C:\Windows\SYSTEM32;C:\Windows\WinSxS\amd64_microsoft.windows.common-controls_6595b64144ccf1df_6.0.19041.1110_none_60b5254171f9507e;E:\x64\java\amazon-corretto-11.0.3.7.1-windows-x64\jdk11.0.3_7\bin\server;C:\Users\Administrator\AppData\Local\jintellitype\1.4.0;C:\Users\Administrator\.openjfx\cache\11;C:\Users\Administrator\.javacpp\cache\javacpp-1.5.6-windows-x86_64.jar\org\bytedeco\javacpp\windows-x86_64;C:\Users\Administrator\.javacpp\cache\openblas-0.3.17-1.5.6-windows-x86_64.jar\org\bytedeco\openblas\windows-x86_64;C:\Users\Administrator\.javacpp\cache\opencv-4.5.3-1.5.6-windows-x86_64.jar\org\bytedeco\opencv\windows-x86_64

VM Arguments:
java_command: gd.robot.akka.mainapp.HttpServerRoutingMinimal
java_class_path (initial): E:\pro\workspace\desu-video\target\bg-jobs\sbt_234d018e\job-6\target\bfbe8166\c9b8cc33\grim-dawn_2.13-0.1.0-SNAPSHOT.jar;E:\pro\workspace\desu-video\target\bg-jobs\sbt_234d018e\target\f32e0569\bcccf9e6\desu-video-common_2.13-0.1.0-SNAPSHOT.jar;E:\pro\workspace\desu-video\target\bg-jobs\sbt_234d018e\target\4eaae888\aab5ff11\scala-library-2.13.7.jar;E:\pro\workspace\desu-video\target\bg-jobs\sbt_234d018e\target\147109f1\d8926a4e\twirl-api_2.13-1.5.1.jar;E:\pro\workspace\desu-video\target\bg-jobs\sbt_234d018e\target\4a1e8167\49f89a5e\akka-actor-typed_2.13-2.6.16.jar;E:\pro\workspace\desu-video\target\bg-jobs\sbt_234d018e\target\a66889c5\d37fb9e7\akka-stream_2.13-2.6.16.jar;E:\pro\workspace\desu-video\target\bg-jobs\sbt_234d018e\target\6e256a11\af41931e\akka-http_2.13-10.2.6.jar;E:\pro\workspace\desu-video\target\bg-jobs\sbt_234d018e\target\d746975a\12088939\akka-http-circe_2.13-1.37.0.jar;E:\pro\workspace\desu-video\target\bg-jobs\sbt_234d018e\target\018107f1\d8960a85\akka-stream-testkit_2.13-2.6.16.jar;E:\pro\workspace\desu-video\target\bg-jobs\sbt_234d018e\target\9d4d7e7c\63929f05\akka-http-testkit_2.13-10.2.6.jar;E:\pro\workspace\desu-video\target\bg-jobs\sbt_234d018e\target\9a74f7c6\45707c1a\util_2.13-2.4.1.jar;E:\pro\workspace\desu-video\target\bg-jobs\sbt_234d018e\target\06dad933\6020002f\proxy_2.13-2.4.1.jar;E:\pro\workspace\desu-video\target\bg-jobs\sbt_234d018e\target\a992377a\0328e0d7\scalactic_2.13-3.2.9.jar;E:\pro\workspace\desu-video\target\bg-jobs\sbt_234d018e\target\c23a2942\ab106e36\slf4j-simple-1.7.31.jar;E:\pro\workspace\desu-video\target\bg-jobs\sbt_234d018e\target\86881ae4\19cd3d48\jintellitype-1.4.0.jar;E:\pro\workspace\desu-video\target\bg-jobs\sbt_234d018e\target\fa94a9cb\3276937f\thumbnailator-0.4.14.jar;E:\pro\workspace\desu-video\target\bg-jobs\sbt_234d018e\target\b1d7dacd\58fa9571\javacv-platform-1.5.6.jar;E:\pro\workspace\desu-video\target\bg-jobs\sbt_234d018e\target\dda26119\840e6fb6\javafx-swing-11.jar;E:\pro\w
Launcher Type: SUN_STANDARD

[Global flags]
     intx CICompilerCount                          = 4                                         {product} {ergonomic}
     uint ConcGCThreads                            = 2                                         {product} {ergonomic}
     uint G1ConcRefinementThreads                  = 8                                         {product} {ergonomic}
   size_t G1HeapRegionSize                         = 2097152                                   {product} {ergonomic}
    uintx GCDrainStackTargetSize                   = 64                                        {product} {ergonomic}
   size_t InitialHeapSize                          = 536870912                                 {product} {ergonomic}
   size_t MarkStackSize                            = 4194304                                   {product} {ergonomic}
   size_t MaxHeapSize                              = 8581545984                                {product} {ergonomic}
   size_t MaxNewSize                               = 5148508160                                {product} {ergonomic}
   size_t MinHeapDeltaBytes                        = 2097152                                   {product} {ergonomic}
    uintx NonNMethodCodeHeapSize                   = 5835340                                {pd product} {ergonomic}
    uintx NonProfiledCodeHeapSize                  = 122911450                              {pd product} {ergonomic}
    uintx ProfiledCodeHeapSize                     = 122911450                              {pd product} {ergonomic}
    uintx ReservedCodeCacheSize                    = 251658240                              {pd product} {ergonomic}
     bool SegmentedCodeCache                       = true                                      {product} {ergonomic}
     bool UseCompressedClassPointers               = true                                 {lp64_product} {ergonomic}
     bool UseCompressedOops                        = true                                 {lp64_product} {ergonomic}
     bool UseG1GC                                  = true                                      {product} {ergonomic}
     bool UseLargePagesIndividualAllocation        = false                                  {pd product} {ergonomic}

Logging:
Log output configuration:
 #0: stdout all=warning uptime,level,tags
 #1: stderr all=off uptime,level,tags

Environment Variables:
JAVA_HOME=E:\x64\java\amazon-corretto-11.0.3.7.1-windows-x64\jdk11.0.3_7
CLASSPATH=E:\pro\workspace\desu-video\target\bg-jobs\sbt_234d018e\job-6\target\bfbe8166\c9b8cc33\grim-dawn_2.13-0.1.0-SNAPSHOT.jar;E:\pro\workspace\desu-video\target\bg-jobs\sbt_234d018e\target\f32e0569\bcccf9e6\desu-video-common_2.13-0.1.0-SNAPSHOT.jar;E:\pro\workspace\desu-video\target\bg-jobs\sbt_234d018e\target\4eaae888\aab5ff11\scala-library-2.13.7.jar;E:\pro\workspace\desu-video\target\bg-jobs\sbt_234d018e\target\147109f1\d8926a4e\twirl-api_2.13-1.5.1.jar;E:\pro\workspace\desu-video\target\bg-jobs\sbt_234d018e\target\4a1e8167\49f89a5e\akka-actor-typed_2.13-2.6.16.jar;E:\pro\workspace\desu-video\target\bg-jobs\sbt_234d018e\target\a66889c5\d37fb9e7\akka-stream_2.13-2.6.16.jar;E:\pro\workspace\desu-video\target\bg-jobs\sbt_234d018e\target\6e256a11\af41931e\akka-http_2.13-10.2.6.jar;E:\pro\workspace\desu-video\target\bg-jobs\sbt_234d018e\target\d746975a\12088939\akka-http-circe_2.13-1.37.0.jar;E:\pro\workspace\desu-video\target\bg-jobs\sbt_234d018e\target\018107f1\d8960a85\akka-stream-testkit_2.13-2.6.16.jar;E:\pro\workspace\desu-video\target\bg-jobs\sbt_234d018e\target\9d4d7e7c\63929f05\akka-http-testkit_2.13-10.2.6.jar;E:\pro\workspace\desu-video\target\bg-jobs\sbt_234d018e\target\9a74f7c6\45707c1a\util_2.13-2.4.1.jar;E:\pro\workspace\desu-video\target\bg-jobs\sbt_234d018e\target\06dad933\6020002f\proxy_2.13-2.4.1.jar;E:\pro\workspace\desu-video\target\bg-jobs\sbt_234d018e\target\a992377a\0328e0d7\scalactic_2.13-3.2.9.jar;E:\pro\workspace\desu-video\target\bg-jobs\sbt_234d018e\target\c23a2942\ab106e36\slf4j-simple-1.7.31.jar;E:\pro\workspace\desu-video\target\bg-jobs\sbt_234d018e\target\86881ae4\19cd3d48\jintellitype-1.4.0.jar;E:\pro\workspace\desu-video\target\bg-jobs\sbt_234d018e\target\fa94a9cb\3276937f\thumbnailator-0.4.14.jar;E:\pro\workspace\desu-video\target\bg-jobs\sbt_234d018e\target\b1d7dacd\58fa9571\javacv-platform-1.5.6.jar;E:\pro\workspace\desu-video\target\bg-jobs\sbt_234d018e\target\dda26119\840e6fb6\javafx-swing-11.jar;E:\pro\workspace\desu-video\target\
PATH=C:\Python27\Scripts\;C:\Python27\;C:\Windows\system32;C:\Windows;C:\Windows\System32\Wbem;C:\Windows\System32\WindowsPowerShell\v1.0\;C:\Program Files\Git\cmd;C:\Program Files\nodejs\;C:\ProgramData\chocolatey\bin;E:\x64\Microsoft VS Code\bin;C:\Program Files\Git\usr\bin;C:\HashiCorp\Vagrant\bin;C:\Users\Administrator\AppData\Local\Microsoft\WindowsApps;E:\x64\java\amazon-corretto-11.0.3.7.1-windows-x64\jdk11.0.3_7\bin;C:\Users\Administrator\AppData\Roaming\npm
USERNAME=Administrator
OS=Windows_NT
PROCESSOR_IDENTIFIER=AMD64 Family 21 Model 2 Stepping 0, AuthenticAMD



---------------  S Y S T E M  ---------------

OS: Windows 10 , 64 bit Build 19041 (10.0.19041.1151)

CPU:total 8 (initial active 8) (8 cores per cpu, 1 threads per core) family 21 model 2 stepping 0, cmov, cx8, fxsr, mmx, sse, sse2, sse3, ssse3, sse4.1, sse4.2, popcnt, avx, aes, clmul, mmxext, 3dnowpref, lzcnt, sse4a, tsc, tscinvbit, tscinv, bmi1, fma

Memory: 4k page, system-wide physical 32732M (21724M free)
TotalPageFile size 34780M (AvailPageFile size 20579M)
current process WorkingSet (physical memory assigned to process): 591M, peak: 664M
current process commit charge ("private bytes"): 2659M, peak: 2733M

vm_info: OpenJDK 64-Bit Server VM (11.0.3+7-LTS) for windows-amd64 JRE (11.0.3+7-LTS), built on Apr  6 2019 05:21:17 by "Administrator" with unknown MS VC++:1916

END.
