#
# A fatal error has been detected by the Java Runtime Environment:
#
#  EXCEPTION_ACCESS_VIOLATION (0xc0000005) at pc=0x00007ffa55d3fba0, pid=10292, tid=7264
#
# JRE version: OpenJDK Runtime Environment (11.0.3+7) (build 11.0.3+7-LTS)
# Java VM: OpenJDK 64-Bit Server VM (11.0.3+7-LTS, mixed mode, tiered, compressed oops, g1 gc, windows-amd64)
# Problematic frame:
# C  0x00007ffa55d3fba0
#
# No core dump will be written. Minidumps are not enabled by default on client versions of Windows
#
# If you would like to submit a bug report, please visit:
#   http://bugreport.java.com/bugreport/crash.jsp
# The crash happened outside the Java Virtual Machine in native code.
# See problematic frame for where to report the bug.
#

---------------  S U M M A R Y ------------

Command Line: gd.robot.akka.mainapp.HttpServerRoutingMinimal

Host: AMD FX(tm)-8350 Eight-Core Processor           , 8 cores, 31G,  Windows 10 , 64 bit Build 19041 (10.0.19041.1151)
Time: Tue Oct 12 18:21:45 2021 中国标准时间 elapsed time: 31 seconds (0d 0h 0m 31s)

---------------  T H R E A D  ---------------

Current thread (0x0000021bb7003800):  JavaThread "my-system-desu-dispatcher-53" [_thread_in_native, id=7264, stack(0x0000003223400000,0x0000003223500000)]

Stack: [0x0000003223400000,0x0000003223500000],  sp=0x00000032234fca70,  free space=1010k
Native frames: (J=compiled Java code, j=interpreted, Vv=VM code, C=native code)
C  0x00007ffa55d3fba0

Java frames: (J=compiled Java code, j=interpreted, Vv=VM code)
j  org.bytedeco.opencv.global.opencv_imgproc.cvMatchTemplate(Lorg/bytedeco/opencv/opencv_core/CvArr;Lorg/bytedeco/opencv/opencv_core/CvArr;Lorg/bytedeco/opencv/opencv_core/CvArr;I)V+0
j  gd.robot.akka.utils.ImageMatcher.$anonfun$matchImg$2(Lorg/bytedeco/opencv/opencv_core/IplImage;Lorg/bytedeco/opencv/opencv_core/IplImage;Lorg/bytedeco/opencv/opencv_core/IplImage;)Z+8
j  gd.robot.akka.utils.ImageMatcher.$anonfun$matchImg$2$adapted(Lorg/bytedeco/opencv/opencv_core/IplImage;Lorg/bytedeco/opencv/opencv_core/IplImage;Lorg/bytedeco/opencv/opencv_core/IplImage;)Ljava/lang/Object;+3
j  gd.robot.akka.utils.ImageMatcher$$Lambda$559.apply(Ljava/lang/Object;)Ljava/lang/Object;+12
j  scala.util.Using$.resource(Ljava/lang/Object;Lscala/Function1;Lscala/util/Using$Releasable;)Ljava/lang/Object;+19
j  gd.robot.akka.utils.ImageMatcher.$anonfun$matchImg$1(Lorg/bytedeco/opencv/opencv_core/IplImage;Lorg/bytedeco/opencv/opencv_core/IplImage;)Z+48
j  gd.robot.akka.utils.ImageMatcher.$anonfun$matchImg$1$adapted(Lorg/bytedeco/opencv/opencv_core/IplImage;Lorg/bytedeco/opencv/opencv_core/IplImage;)Ljava/lang/Object;+2
j  gd.robot.akka.utils.ImageMatcher$$Lambda$558.apply(Ljava/lang/Object;)Ljava/lang/Object;+8
j  scala.util.Using$.resource(Ljava/lang/Object;Lscala/Function1;Lscala/util/Using$Releasable;)Ljava/lang/Object;+19
j  gd.robot.akka.utils.ImageMatcher.matchImg(Lorg/bytedeco/opencv/opencv_core/IplImage;Lorg/bytedeco/opencv/opencv_core/IplImage;)Z+34
j  gd.robot.akka.utils.ImageMatcher.$anonfun$matchImgs$1(Lgd/robot/akka/utils/ImageMatcher;Lorg/bytedeco/opencv/opencv_core/IplImage;Lgd/robot/akka/utils/CompareImg;)Z+6
j  gd.robot.akka.utils.ImageMatcher.$anonfun$matchImgs$1$adapted(Lgd/robot/akka/utils/ImageMatcher;Lorg/bytedeco/opencv/opencv_core/IplImage;Lgd/robot/akka/utils/CompareImg;)Ljava/lang/Object;+3
j  gd.robot.akka.utils.ImageMatcher$$Lambda$557.apply(Ljava/lang/Object;)Ljava/lang/Object;+12
j  scala.collection.immutable.List.filter(Lscala/Function1;)Lscala/collection/immutable/List;+39
j  gd.robot.akka.utils.ImageMatcher.matchImgs(Lorg/bytedeco/opencv/opencv_core/IplImage;)Lscala/collection/immutable/List;+11
j  gd.robot.akka.gdactor.gohome.ImageSearcher.$anonfun$onMessage$2(Lgd/robot/akka/gdactor/gohome/ImageSearcher;Lorg/bytedeco/opencv/opencv_core/IplImage;)Lscala/collection/immutable/List;+5
j  gd.robot.akka.gdactor.gohome.ImageSearcher$$Lambda$555.apply()Ljava/lang/Object;+8
j  scala.concurrent.Future$.$anonfun$apply$1(Lscala/Function0;Lscala/runtime/BoxedUnit;)Ljava/lang/Object;+1
j  scala.concurrent.Future$$$Lambda$459.apply(Ljava/lang/Object;)Ljava/lang/Object;+8
j  scala.concurrent.impl.Promise$Transformation.run()V+112
j  akka.dispatch.BatchingExecutor$AbstractBatch.processBatch(Lakka/dispatch/BatchingExecutor$AbstractBatch;)V+19
j  akka.dispatch.BatchingExecutor$BlockableBatch.$anonfun$run$1(Lakka/dispatch/BatchingExecutor$BlockableBatch;Z)V+2
j  akka.dispatch.BatchingExecutor$BlockableBatch$$Lambda$461.apply$mcV$sp()V+8
j  scala.runtime.java8.JFunction0$mcV$sp.apply()Ljava/lang/Object;+1
j  scala.concurrent.BlockContext$.withBlockContext(Lscala/concurrent/BlockContext;Lscala/Function0;)Ljava/lang/Object;+30
j  akka.dispatch.BatchingExecutor$BlockableBatch.run()V+96
j  akka.dispatch.TaskInvocation.run()V+4
j  java.util.concurrent.ThreadPoolExecutor.runWorker(Ljava/util/concurrent/ThreadPoolExecutor$Worker;)V+92 java.base@11.0.3
j  java.util.concurrent.ThreadPoolExecutor$Worker.run()V+5 java.base@11.0.3
j  java.lang.Thread.run()V+11 java.base@11.0.3
v  ~StubRoutines::call_stub

siginfo: EXCEPTION_ACCESS_VIOLATION (0xc0000005), reading address 0x0000021bb91c5e80


Register to memory mapping:

RIP=0x00007ffa55d3fba0 points into unknown readable memory: 41 0f b6 08 43 0f b6 14
RAX=0x0000021bb84d1020 points into unknown readable memory: 00 00 00 00 00 00 00 00
RBX=0x0000000000000006 is an unknown value
RCX=0x0000000000000002 is an unknown value
RDX=0x0000000000000001 is an unknown value
RSP=0x00000032234fca70 is pointing into the stack for thread: 0x0000021bb7003800
RBP=0x00000000000002d8 is an unknown value
RSI=0x00000032234fcbe0 is pointing into the stack for thread: 0x0000021bb7003800
RDI=0x0000000000000002 is an unknown value
R8 =0x0000021bb91c5e80 is an unknown value
R9 =0x0000000000000001 is an unknown value
R10=0x000000000000016c is an unknown value
R11=0x0000000000000003 is an unknown value
R12=0x0000000000000001 is an unknown value
R13=0x00000000000002d7 is an unknown value
R14=0x00000032234fcbf8 is pointing into the stack for thread: 0x0000021bb7003800
R15=0x00000000000002d9 is an unknown value


Registers:
RAX=0x0000021bb84d1020, RBX=0x0000000000000006, RCX=0x0000000000000002, RDX=0x0000000000000001
RSP=0x00000032234fca70, RBP=0x00000000000002d8, RSI=0x00000032234fcbe0, RDI=0x0000000000000002
R8 =0x0000021bb91c5e80, R9 =0x0000000000000001, R10=0x000000000000016c, R11=0x0000000000000003
R12=0x0000000000000001, R13=0x00000000000002d7, R14=0x00000032234fcbf8, R15=0x00000000000002d9
RIP=0x00007ffa55d3fba0, EFLAGS=0x0000000000010217

Top of Stack: (sp=0x00000032234fca70)
0x00000032234fca70:   0000000000000004 00000000000002d9
0x00000032234fca80:   00000032234fcbb0 00000000000002d9
0x00000032234fca90:   0000000000000000 0000000000000008
0x00000032234fcaa0:   0000000000000001 00007ffa55d407db
0x00000032234fcab0:   fffffffffffffff8 00000000000002d9
0x00000032234fcac0:   00000032234fd660 0000000000000004
0x00000032234fcad0:   0000021b000002d9 0000000000000001
0x00000032234fcae0:   0000021b00000000 00007ffa55d3fb10
0x00000032234fcaf0:   0000000000000000 00000032234fd420
0x00000032234fcb00:   00000032234fd660 00000032234fcbd8
0x00000032234fcb10:   0000000000000001 00000032234fcbf8
0x00000032234fcb20:   00000032234fcbc0 0000000000000000
0x00000032234fcb30:   0000000000000000 00000032234fcbb0
0x00000032234fcb40:   00000032234fcbb0 0000000000000000
0x00000032234fcb50:   00000032234fcbc0 0000021b00000002
0x00000032234fcb60:   0000000000000001 00000000000002d9 

Instructions: (pc=0x00007ffa55d3fba0)
0x00007ffa55d3fb80:   4c 8b d9 03 c9 49 d1 ea 48 63 d9 8d 0c 12 48 63
0x00007ffa55d3fb90:   f9 43 8d 2c 12 66 66 66 0f 1f 84 00 00 00 00 00
0x00007ffa55d3fba0:   41 0f b6 08 43 0f b6 14 03 4c 03 c3 88 08 41 88
0x00007ffa55d3fbb0:   14 01 48 03 c7 49 83 ea 01 75 e5 41 3b ef 7d 39 


Stack slot to memory mapping:
stack at sp + 0 slots: 0x0000000000000004 is an unknown value
stack at sp + 1 slots: 0x00000000000002d9 is an unknown value
stack at sp + 2 slots: 0x00000032234fcbb0 is pointing into the stack for thread: 0x0000021bb7003800
stack at sp + 3 slots: 0x00000000000002d9 is an unknown value
stack at sp + 4 slots: 0x0 is NULL
stack at sp + 5 slots: 0x0000000000000008 is an unknown value
stack at sp + 6 slots: 0x0000000000000001 is an unknown value
stack at sp + 7 slots: 0x00007ffa55d407db points into unknown readable memory: 44 03 f3 45 3b


---------------  P R O C E S S  ---------------

Threads class SMR info:
_java_thread_list=0x0000021bba4d9380, length=37, elements={
0x0000021bb695e800, 0x0000021bb6988000, 0x0000021bb69f7000, 0x0000021bb69f9000,
0x0000021bb69fa000, 0x0000021bb69fd000, 0x0000021bb6a10000, 0x0000021bb6cd9800,
0x0000021bb6c99000, 0x0000021bb8b11800, 0x0000021bb870e000, 0x0000021bb861f800,
0x0000021bb93b6000, 0x0000021bb882d000, 0x0000021bb854b000, 0x0000021bb9dbd000,
0x0000021bb9e47000, 0x0000021bb9e41000, 0x0000021bb9e45000, 0x0000021bb9e42000,
0x0000021bb9e44800, 0x0000021bb9e43000, 0x0000021bb9e47800, 0x0000021bbb05a800,
0x0000021bbb05d000, 0x0000021bbb05e000, 0x0000021bbb061000, 0x0000021bbb062000,
0x0000021bbb05f800, 0x0000021bbb05b800, 0x0000021bb6fff800, 0x0000021bb6ffe800,
0x0000021bb6ffd800, 0x0000021bb7002000, 0x0000021bb7002800, 0x0000021bb7006000,
0x0000021bb7003800
}

Java Threads: ( => current thread )
  0x0000021bb695e800 JavaThread "Reference Handler" daemon [_thread_blocked, id=1776, stack(0x000000321f300000,0x000000321f400000)]
  0x0000021bb6988000 JavaThread "Finalizer" daemon [_thread_blocked, id=11420, stack(0x000000321f400000,0x000000321f500000)]
  0x0000021bb69f7000 JavaThread "Signal Dispatcher" daemon [_thread_blocked, id=8152, stack(0x000000321f500000,0x000000321f600000)]
  0x0000021bb69f9000 JavaThread "Attach Listener" daemon [_thread_blocked, id=8220, stack(0x000000321f600000,0x000000321f700000)]
  0x0000021bb69fa000 JavaThread "C2 CompilerThread0" daemon [_thread_blocked, id=11804, stack(0x000000321f700000,0x000000321f800000)]
  0x0000021bb69fd000 JavaThread "C1 CompilerThread0" daemon [_thread_blocked, id=7932, stack(0x000000321f800000,0x000000321f900000)]
  0x0000021bb6a10000 JavaThread "Sweeper thread" daemon [_thread_blocked, id=9456, stack(0x000000321f900000,0x000000321fa00000)]
  0x0000021bb6cd9800 JavaThread "Service Thread" daemon [_thread_blocked, id=8808, stack(0x000000321fa00000,0x000000321fb00000)]
  0x0000021bb6c99000 JavaThread "Common-Cleaner" daemon [_thread_blocked, id=13296, stack(0x000000321fc00000,0x000000321fd00000)]
  0x0000021bb8b11800 JavaThread "my-system-scheduler-1" [_thread_blocked, id=10088, stack(0x0000003220600000,0x0000003220700000)]
  0x0000021bb870e000 JavaThread "my-system-akka.actor.internal-dispatcher-2" [_thread_blocked, id=10204, stack(0x0000003220700000,0x0000003220800000)]
  0x0000021bb861f800 JavaThread "my-system-akka.actor.default-dispatcher-3" [_thread_blocked, id=9224, stack(0x0000003220800000,0x0000003220900000)]
  0x0000021bb93b6000 JavaThread "my-system-akka.actor.internal-dispatcher-4" [_thread_blocked, id=11100, stack(0x0000003220900000,0x0000003220a00000)]
  0x0000021bb882d000 JavaThread "my-system-akka.actor.internal-dispatcher-5" [_thread_blocked, id=13412, stack(0x0000003220a00000,0x0000003220b00000)]
  0x0000021bb854b000 JavaThread "my-system-akka.actor.default-dispatcher-6" [_thread_blocked, id=2092, stack(0x0000003220b00000,0x0000003220c00000)]
  0x0000021bb9dbd000 JavaThread "my-system-akka.io.pinned-dispatcher-7" [_thread_in_native, id=13488, stack(0x0000003220400000,0x0000003220500000)]
  0x0000021bb9e47000 JavaThread "DestroyJavaVM" [_thread_blocked, id=9556, stack(0x000000321ec00000,0x000000321ed00000)]
  0x0000021bb9e41000 JavaThread "my-system-akka.actor.default-dispatcher-8" [_thread_blocked, id=7108, stack(0x0000003220500000,0x0000003220600000)]
  0x0000021bb9e45000 JavaThread "my-system-akka.actor.default-dispatcher-9" [_thread_blocked, id=8252, stack(0x0000003220d00000,0x0000003220e00000)]
  0x0000021bb9e42000 JavaThread "my-system-akka.actor.default-dispatcher-10" [_thread_blocked, id=1700, stack(0x0000003220f00000,0x0000003221000000)]
  0x0000021bb9e44800 JavaThread "my-system-akka.actor.default-dispatcher-11" [_thread_blocked, id=9336, stack(0x0000003221000000,0x0000003221100000)]
  0x0000021bb9e43000 JavaThread "my-system-akka.actor.default-dispatcher-12" [_thread_blocked, id=14192, stack(0x0000003221100000,0x0000003221200000)]
  0x0000021bb9e47800 JavaThread "Thread-0" [_thread_in_native, id=10716, stack(0x0000003221500000,0x0000003221600000)]
  0x0000021bbb05a800 JavaThread "JavaCPP Deallocator" daemon [_thread_blocked, id=1744, stack(0x0000003221800000,0x0000003221900000)]
  0x0000021bbb05d000 JavaThread "QuantumRenderer-0" daemon [_thread_blocked, id=12904, stack(0x0000003221900000,0x0000003221a00000)]
  0x0000021bbb05e000 JavaThread "InvokeLaterDispatcher" daemon [_thread_blocked, id=1472, stack(0x0000003221c00000,0x0000003221d00000)]
  0x0000021bbb061000 JavaThread "JavaFX Application Thread" [_thread_in_native, id=6680, stack(0x0000003221d00000,0x0000003221e00000)]
  0x0000021bbb062000 JavaThread "Thread-2" daemon [_thread_in_native, id=4896, stack(0x0000003222500000,0x0000003222600000)]
  0x0000021bbb05f800 JavaThread "Java2D Disposer" daemon [_thread_blocked, id=11436, stack(0x0000003222400000,0x0000003222500000)]
  0x0000021bbb05b800 JavaThread "AWT-Windows" daemon [_thread_in_native, id=4020, stack(0x0000003223300000,0x0000003223400000)]
  0x0000021bb6fff800 JavaThread "AWT-Shutdown" [_thread_blocked, id=4112, stack(0x0000003221700000,0x0000003221800000)]
  0x0000021bb6ffe800 JavaThread "AWT-EventQueue-0" [_thread_blocked, id=11228, stack(0x0000003223f00000,0x0000003224000000)]
  0x0000021bb6ffd800 JavaThread "my-system-desu-dispatcher-49" [_thread_blocked, id=13884, stack(0x0000003221200000,0x0000003221300000)]
  0x0000021bb7002000 JavaThread "my-system-desu-dispatcher-50" [_thread_blocked, id=7236, stack(0x0000003221300000,0x0000003221400000)]
  0x0000021bb7002800 JavaThread "my-system-desu-dispatcher-51" [_thread_blocked, id=5620, stack(0x0000003221600000,0x0000003221700000)]
  0x0000021bb7006000 JavaThread "my-system-akka.actor.default-blocking-io-dispatcher-52" [_thread_blocked, id=13548, stack(0x0000003223200000,0x0000003223300000)]
=>0x0000021bb7003800 JavaThread "my-system-desu-dispatcher-53" [_thread_in_native, id=7264, stack(0x0000003223400000,0x0000003223500000)]

Other Threads:
  0x0000021bb695b800 VMThread "VM Thread" [stack: 0x000000321f200000,0x000000321f300000] [id=10360]
  0x0000021bb6ce4800 WatcherThread [stack: 0x000000321fb00000,0x000000321fc00000] [id=12652]
  0x0000021b88be7000 GCTaskThread "GC Thread#0" [stack: 0x000000321ed00000,0x000000321ee00000] [id=5632]
  0x0000021bb7327800 GCTaskThread "GC Thread#1" [stack: 0x000000321fd00000,0x000000321fe00000] [id=2696]
  0x0000021bb71e8000 GCTaskThread "GC Thread#2" [stack: 0x000000321fe00000,0x000000321ff00000] [id=9388]
  0x0000021bb6d8b800 GCTaskThread "GC Thread#3" [stack: 0x000000321ff00000,0x0000003220000000] [id=7512]
  0x0000021bb7407000 GCTaskThread "GC Thread#4" [stack: 0x0000003220000000,0x0000003220100000] [id=13216]
  0x0000021bb71bd000 GCTaskThread "GC Thread#5" [stack: 0x0000003220100000,0x0000003220200000] [id=12496]
  0x0000021bb71bd800 GCTaskThread "GC Thread#6" [stack: 0x0000003220200000,0x0000003220300000] [id=13656]
  0x0000021bb7265800 GCTaskThread "GC Thread#7" [stack: 0x0000003220300000,0x0000003220400000] [id=10024]
  0x0000021b88c69800 ConcurrentGCThread "G1 Main Marker" [stack: 0x000000321ee00000,0x000000321ef00000] [id=7860]
  0x0000021b88c6b800 ConcurrentGCThread "G1 Conc#0" [stack: 0x000000321ef00000,0x000000321f000000] [id=6860]
  0x0000021bb9a6c000 ConcurrentGCThread "G1 Conc#1" [stack: 0x0000003220c00000,0x0000003220d00000] [id=13072]
  0x0000021bb5b85000 ConcurrentGCThread "G1 Refine#0" [stack: 0x000000321f000000,0x000000321f100000] [id=2976]
  0x0000021bb5b86000 ConcurrentGCThread "G1 Young RemSet Sampling" [stack: 0x000000321f100000,0x000000321f200000] [id=3000]

Threads with active compile tasks:

VM state:not at safepoint (normal execution)

VM Mutex/Monitor currently owned by a thread: None

Heap address: 0x0000000600800000, size: 8184 MB, Compressed Oops mode: Zero based, Oop shift amount: 3
Narrow klass base: 0x0000000800000000, Narrow klass shift: 0
Compressed class space size: 1073741824 Address: 0x0000000800000000

Heap:
 garbage-first heap   total 630784K, used 54919K [0x0000000600800000, 0x0000000800000000)
  region size 2048K, 22 young (45056K), 3 survivors (6144K)
 Metaspace       used 49359K, capacity 50510K, committed 50684K, reserved 1093632K
  class space    used 5291K, capacity 5868K, committed 5884K, reserved 1048576K
Heap Regions: E=young(eden), S=young(survivor), O=old, HS=humongous(starts), HC=humongous(continues), CS=collection set, F=free, A=archive, TAMS=top-at-mark-start (previous, next)
|   0|0x0000000600800000, 0x0000000600a00000, 0x0000000600a00000|100%| O|  |TAMS 0x0000000600a00000, 0x0000000600800000| Untracked 
|   1|0x0000000600a00000, 0x0000000600c00000, 0x0000000600c00000|100%| O|  |TAMS 0x0000000600c00000, 0x0000000600a00000| Untracked 
|   2|0x0000000600c00000, 0x0000000600e00000, 0x0000000600e00000|100%| O|  |TAMS 0x0000000600e00000, 0x0000000600c00000| Untracked 
|   3|0x0000000600e00000, 0x0000000601000000, 0x0000000601000000|100%| O|  |TAMS 0x0000000601000000, 0x0000000600e00000| Untracked 
|   4|0x0000000601000000, 0x0000000601200000, 0x0000000601200000|100%| O|  |TAMS 0x0000000601200000, 0x0000000601000000| Untracked 
|   5|0x0000000601200000, 0x00000006013e1400, 0x0000000601400000| 93%| O|  |TAMS 0x00000006013e1400, 0x0000000601200000| Untracked 
|   6|0x0000000601400000, 0x0000000601400000, 0x0000000601600000|  0%| F|  |TAMS 0x0000000601400000, 0x0000000601400000| Untracked 
|   7|0x0000000601600000, 0x0000000601600000, 0x0000000601800000|  0%| F|  |TAMS 0x0000000601600000, 0x0000000601600000| Untracked 
|   8|0x0000000601800000, 0x0000000601800000, 0x0000000601a00000|  0%| F|  |TAMS 0x0000000601800000, 0x0000000601800000| Untracked 
|   9|0x0000000601a00000, 0x0000000601a00000, 0x0000000601c00000|  0%| F|  |TAMS 0x0000000601a00000, 0x0000000601a00000| Untracked 
|  10|0x0000000601c00000, 0x0000000601c00000, 0x0000000601e00000|  0%| F|  |TAMS 0x0000000601c00000, 0x0000000601c00000| Untracked 
|  11|0x0000000601e00000, 0x0000000601e00000, 0x0000000602000000|  0%| F|  |TAMS 0x0000000601e00000, 0x0000000601e00000| Untracked 
|  12|0x0000000602000000, 0x0000000602000000, 0x0000000602200000|  0%| F|  |TAMS 0x0000000602000000, 0x0000000602000000| Untracked 
|  13|0x0000000602200000, 0x0000000602200000, 0x0000000602400000|  0%| F|  |TAMS 0x0000000602200000, 0x0000000602200000| Untracked 
|  14|0x0000000602400000, 0x0000000602400000, 0x0000000602600000|  0%| F|  |TAMS 0x0000000602400000, 0x0000000602400000| Untracked 
|  15|0x0000000602600000, 0x0000000602600000, 0x0000000602800000|  0%| F|  |TAMS 0x0000000602600000, 0x0000000602600000| Untracked 
|  16|0x0000000602800000, 0x0000000602800000, 0x0000000602a00000|  0%| F|  |TAMS 0x0000000602800000, 0x0000000602800000| Untracked 
|  17|0x0000000602a00000, 0x0000000602a00000, 0x0000000602c00000|  0%| F|  |TAMS 0x0000000602a00000, 0x0000000602a00000| Untracked 
|  18|0x0000000602c00000, 0x0000000602c00000, 0x0000000602e00000|  0%| F|  |TAMS 0x0000000602c00000, 0x0000000602c00000| Untracked 
|  19|0x0000000602e00000, 0x0000000602e00000, 0x0000000603000000|  0%| F|  |TAMS 0x0000000602e00000, 0x0000000602e00000| Untracked 
|  20|0x0000000603000000, 0x0000000603000000, 0x0000000603200000|  0%| F|  |TAMS 0x0000000603000000, 0x0000000603000000| Untracked 
|  21|0x0000000603200000, 0x0000000603200000, 0x0000000603400000|  0%| F|  |TAMS 0x0000000603200000, 0x0000000603200000| Untracked 
|  22|0x0000000603400000, 0x0000000603400000, 0x0000000603600000|  0%| F|  |TAMS 0x0000000603400000, 0x0000000603400000| Untracked 
|  23|0x0000000603600000, 0x0000000603600000, 0x0000000603800000|  0%| F|  |TAMS 0x0000000603600000, 0x0000000603600000| Untracked 
|  24|0x0000000603800000, 0x0000000603800000, 0x0000000603a00000|  0%| F|  |TAMS 0x0000000603800000, 0x0000000603800000| Untracked 
|  25|0x0000000603a00000, 0x0000000603a00000, 0x0000000603c00000|  0%| F|  |TAMS 0x0000000603a00000, 0x0000000603a00000| Untracked 
|  26|0x0000000603c00000, 0x0000000603c00000, 0x0000000603e00000|  0%| F|  |TAMS 0x0000000603c00000, 0x0000000603c00000| Untracked 
|  27|0x0000000603e00000, 0x0000000603e00000, 0x0000000604000000|  0%| F|  |TAMS 0x0000000603e00000, 0x0000000603e00000| Untracked 
|  28|0x0000000604000000, 0x0000000604000000, 0x0000000604200000|  0%| F|  |TAMS 0x0000000604000000, 0x0000000604000000| Untracked 
|  29|0x0000000604200000, 0x0000000604200000, 0x0000000604400000|  0%| F|  |TAMS 0x0000000604200000, 0x0000000604200000| Untracked 
|  30|0x0000000604400000, 0x0000000604400000, 0x0000000604600000|  0%| F|  |TAMS 0x0000000604400000, 0x0000000604400000| Untracked 
|  31|0x0000000604600000, 0x0000000604600000, 0x0000000604800000|  0%| F|  |TAMS 0x0000000604600000, 0x0000000604600000| Untracked 
|  32|0x0000000604800000, 0x0000000604800000, 0x0000000604a00000|  0%| F|  |TAMS 0x0000000604800000, 0x0000000604800000| Untracked 
|  33|0x0000000604a00000, 0x0000000604a00000, 0x0000000604c00000|  0%| F|  |TAMS 0x0000000604a00000, 0x0000000604a00000| Untracked 
|  34|0x0000000604c00000, 0x0000000604c00000, 0x0000000604e00000|  0%| F|  |TAMS 0x0000000604c00000, 0x0000000604c00000| Untracked 
|  35|0x0000000604e00000, 0x0000000604e00000, 0x0000000605000000|  0%| F|  |TAMS 0x0000000604e00000, 0x0000000604e00000| Untracked 
|  36|0x0000000605000000, 0x0000000605000000, 0x0000000605200000|  0%| F|  |TAMS 0x0000000605000000, 0x0000000605000000| Untracked 
|  37|0x0000000605200000, 0x0000000605200000, 0x0000000605400000|  0%| F|  |TAMS 0x0000000605200000, 0x0000000605200000| Untracked 
|  38|0x0000000605400000, 0x0000000605400000, 0x0000000605600000|  0%| F|  |TAMS 0x0000000605400000, 0x0000000605400000| Untracked 
|  39|0x0000000605600000, 0x0000000605600000, 0x0000000605800000|  0%| F|  |TAMS 0x0000000605600000, 0x0000000605600000| Untracked 
|  40|0x0000000605800000, 0x0000000605800000, 0x0000000605a00000|  0%| F|  |TAMS 0x0000000605800000, 0x0000000605800000| Untracked 
|  41|0x0000000605a00000, 0x0000000605a00000, 0x0000000605c00000|  0%| F|  |TAMS 0x0000000605a00000, 0x0000000605a00000| Untracked 
|  42|0x0000000605c00000, 0x0000000605c00000, 0x0000000605e00000|  0%| F|  |TAMS 0x0000000605c00000, 0x0000000605c00000| Untracked 
|  43|0x0000000605e00000, 0x0000000605e00000, 0x0000000606000000|  0%| F|  |TAMS 0x0000000605e00000, 0x0000000605e00000| Untracked 
|  44|0x0000000606000000, 0x0000000606000000, 0x0000000606200000|  0%| F|  |TAMS 0x0000000606000000, 0x0000000606000000| Untracked 
|  45|0x0000000606200000, 0x0000000606200000, 0x0000000606400000|  0%| F|  |TAMS 0x0000000606200000, 0x0000000606200000| Untracked 
|  46|0x0000000606400000, 0x0000000606400000, 0x0000000606600000|  0%| F|  |TAMS 0x0000000606400000, 0x0000000606400000| Untracked 
|  47|0x0000000606600000, 0x0000000606600000, 0x0000000606800000|  0%| F|  |TAMS 0x0000000606600000, 0x0000000606600000| Untracked 
|  48|0x0000000606800000, 0x0000000606800000, 0x0000000606a00000|  0%| F|  |TAMS 0x0000000606800000, 0x0000000606800000| Untracked 
|  49|0x0000000606a00000, 0x0000000606a00000, 0x0000000606c00000|  0%| F|  |TAMS 0x0000000606a00000, 0x0000000606a00000| Untracked 
|  50|0x0000000606c00000, 0x0000000606c00000, 0x0000000606e00000|  0%| F|  |TAMS 0x0000000606c00000, 0x0000000606c00000| Untracked 
|  51|0x0000000606e00000, 0x0000000606e00000, 0x0000000607000000|  0%| F|  |TAMS 0x0000000606e00000, 0x0000000606e00000| Untracked 
|  52|0x0000000607000000, 0x0000000607000000, 0x0000000607200000|  0%| F|  |TAMS 0x0000000607000000, 0x0000000607000000| Untracked 
|  53|0x0000000607200000, 0x0000000607200000, 0x0000000607400000|  0%| F|  |TAMS 0x0000000607200000, 0x0000000607200000| Untracked 
|  54|0x0000000607400000, 0x0000000607400000, 0x0000000607600000|  0%| F|  |TAMS 0x0000000607400000, 0x0000000607400000| Untracked 
|  55|0x0000000607600000, 0x0000000607600000, 0x0000000607800000|  0%| F|  |TAMS 0x0000000607600000, 0x0000000607600000| Untracked 
|  56|0x0000000607800000, 0x0000000607800000, 0x0000000607a00000|  0%| F|  |TAMS 0x0000000607800000, 0x0000000607800000| Untracked 
|  57|0x0000000607a00000, 0x0000000607a00000, 0x0000000607c00000|  0%| F|  |TAMS 0x0000000607a00000, 0x0000000607a00000| Untracked 
|  58|0x0000000607c00000, 0x0000000607c00000, 0x0000000607e00000|  0%| F|  |TAMS 0x0000000607c00000, 0x0000000607c00000| Untracked 
|  59|0x0000000607e00000, 0x0000000607e00000, 0x0000000608000000|  0%| F|  |TAMS 0x0000000607e00000, 0x0000000607e00000| Untracked 
|  60|0x0000000608000000, 0x0000000608000000, 0x0000000608200000|  0%| F|  |TAMS 0x0000000608000000, 0x0000000608000000| Untracked 
|  61|0x0000000608200000, 0x0000000608200000, 0x0000000608400000|  0%| F|  |TAMS 0x0000000608200000, 0x0000000608200000| Untracked 
|  62|0x0000000608400000, 0x0000000608400000, 0x0000000608600000|  0%| F|  |TAMS 0x0000000608400000, 0x0000000608400000| Untracked 
|  63|0x0000000608600000, 0x0000000608600000, 0x0000000608800000|  0%| F|  |TAMS 0x0000000608600000, 0x0000000608600000| Untracked 
|  64|0x0000000608800000, 0x0000000608800000, 0x0000000608a00000|  0%| F|  |TAMS 0x0000000608800000, 0x0000000608800000| Untracked 
|  65|0x0000000608a00000, 0x0000000608a00000, 0x0000000608c00000|  0%| F|  |TAMS 0x0000000608a00000, 0x0000000608a00000| Untracked 
|  66|0x0000000608c00000, 0x0000000608c00000, 0x0000000608e00000|  0%| F|  |TAMS 0x0000000608c00000, 0x0000000608c00000| Untracked 
|  67|0x0000000608e00000, 0x0000000608e00000, 0x0000000609000000|  0%| F|  |TAMS 0x0000000608e00000, 0x0000000608e00000| Untracked 
|  68|0x0000000609000000, 0x0000000609000000, 0x0000000609200000|  0%| F|  |TAMS 0x0000000609000000, 0x0000000609000000| Untracked 
|  69|0x0000000609200000, 0x0000000609200000, 0x0000000609400000|  0%| F|  |TAMS 0x0000000609200000, 0x0000000609200000| Untracked 
|  70|0x0000000609400000, 0x0000000609400000, 0x0000000609600000|  0%| F|  |TAMS 0x0000000609400000, 0x0000000609400000| Untracked 
|  71|0x0000000609600000, 0x0000000609600000, 0x0000000609800000|  0%| F|  |TAMS 0x0000000609600000, 0x0000000609600000| Untracked 
|  72|0x0000000609800000, 0x0000000609800000, 0x0000000609a00000|  0%| F|  |TAMS 0x0000000609800000, 0x0000000609800000| Untracked 
|  73|0x0000000609a00000, 0x0000000609a00000, 0x0000000609c00000|  0%| F|  |TAMS 0x0000000609a00000, 0x0000000609a00000| Untracked 
|  74|0x0000000609c00000, 0x0000000609c00000, 0x0000000609e00000|  0%| F|  |TAMS 0x0000000609c00000, 0x0000000609c00000| Untracked 
|  75|0x0000000609e00000, 0x0000000609e00000, 0x000000060a000000|  0%| F|  |TAMS 0x0000000609e00000, 0x0000000609e00000| Untracked 
|  76|0x000000060a000000, 0x000000060a000000, 0x000000060a200000|  0%| F|  |TAMS 0x000000060a000000, 0x000000060a000000| Untracked 
|  77|0x000000060a200000, 0x000000060a200000, 0x000000060a400000|  0%| F|  |TAMS 0x000000060a200000, 0x000000060a200000| Untracked 
|  78|0x000000060a400000, 0x000000060a400000, 0x000000060a600000|  0%| F|  |TAMS 0x000000060a400000, 0x000000060a400000| Untracked 
|  79|0x000000060a600000, 0x000000060a600000, 0x000000060a800000|  0%| F|  |TAMS 0x000000060a600000, 0x000000060a600000| Untracked 
|  80|0x000000060a800000, 0x000000060a800000, 0x000000060aa00000|  0%| F|  |TAMS 0x000000060a800000, 0x000000060a800000| Untracked 
|  81|0x000000060aa00000, 0x000000060aa00000, 0x000000060ac00000|  0%| F|  |TAMS 0x000000060aa00000, 0x000000060aa00000| Untracked 
|  82|0x000000060ac00000, 0x000000060ac00000, 0x000000060ae00000|  0%| F|  |TAMS 0x000000060ac00000, 0x000000060ac00000| Untracked 
|  83|0x000000060ae00000, 0x000000060ae00000, 0x000000060b000000|  0%| F|  |TAMS 0x000000060ae00000, 0x000000060ae00000| Untracked 
|  84|0x000000060b000000, 0x000000060b000000, 0x000000060b200000|  0%| F|  |TAMS 0x000000060b000000, 0x000000060b000000| Untracked 
|  85|0x000000060b200000, 0x000000060b200000, 0x000000060b400000|  0%| F|  |TAMS 0x000000060b200000, 0x000000060b200000| Untracked 
|  86|0x000000060b400000, 0x000000060b400000, 0x000000060b600000|  0%| F|  |TAMS 0x000000060b400000, 0x000000060b400000| Untracked 
|  87|0x000000060b600000, 0x000000060b600000, 0x000000060b800000|  0%| F|  |TAMS 0x000000060b600000, 0x000000060b600000| Untracked 
|  88|0x000000060b800000, 0x000000060b800000, 0x000000060ba00000|  0%| F|  |TAMS 0x000000060b800000, 0x000000060b800000| Untracked 
|  89|0x000000060ba00000, 0x000000060ba00000, 0x000000060bc00000|  0%| F|  |TAMS 0x000000060ba00000, 0x000000060ba00000| Untracked 
|  90|0x000000060bc00000, 0x000000060bc00000, 0x000000060be00000|  0%| F|  |TAMS 0x000000060bc00000, 0x000000060bc00000| Untracked 
|  91|0x000000060be00000, 0x000000060be00000, 0x000000060c000000|  0%| F|  |TAMS 0x000000060be00000, 0x000000060be00000| Untracked 
|  92|0x000000060c000000, 0x000000060c000000, 0x000000060c200000|  0%| F|  |TAMS 0x000000060c000000, 0x000000060c000000| Untracked 
|  93|0x000000060c200000, 0x000000060c200000, 0x000000060c400000|  0%| F|  |TAMS 0x000000060c200000, 0x000000060c200000| Untracked 
|  94|0x000000060c400000, 0x000000060c400000, 0x000000060c600000|  0%| F|  |TAMS 0x000000060c400000, 0x000000060c400000| Untracked 
|  95|0x000000060c600000, 0x000000060c600000, 0x000000060c800000|  0%| F|  |TAMS 0x000000060c600000, 0x000000060c600000| Untracked 
|  96|0x000000060c800000, 0x000000060c800000, 0x000000060ca00000|  0%| F|  |TAMS 0x000000060c800000, 0x000000060c800000| Untracked 
|  97|0x000000060ca00000, 0x000000060ca00000, 0x000000060cc00000|  0%| F|  |TAMS 0x000000060ca00000, 0x000000060ca00000| Untracked 
|  98|0x000000060cc00000, 0x000000060cc00000, 0x000000060ce00000|  0%| F|  |TAMS 0x000000060cc00000, 0x000000060cc00000| Untracked 
|  99|0x000000060ce00000, 0x000000060ce00000, 0x000000060d000000|  0%| F|  |TAMS 0x000000060ce00000, 0x000000060ce00000| Untracked 
| 100|0x000000060d000000, 0x000000060d000000, 0x000000060d200000|  0%| F|  |TAMS 0x000000060d000000, 0x000000060d000000| Untracked 
| 101|0x000000060d200000, 0x000000060d200000, 0x000000060d400000|  0%| F|  |TAMS 0x000000060d200000, 0x000000060d200000| Untracked 
| 102|0x000000060d400000, 0x000000060d400000, 0x000000060d600000|  0%| F|  |TAMS 0x000000060d400000, 0x000000060d400000| Untracked 
| 103|0x000000060d600000, 0x000000060d600000, 0x000000060d800000|  0%| F|  |TAMS 0x000000060d600000, 0x000000060d600000| Untracked 
| 104|0x000000060d800000, 0x000000060d800000, 0x000000060da00000|  0%| F|  |TAMS 0x000000060d800000, 0x000000060d800000| Untracked 
| 105|0x000000060da00000, 0x000000060da00000, 0x000000060dc00000|  0%| F|  |TAMS 0x000000060da00000, 0x000000060da00000| Untracked 
| 106|0x000000060dc00000, 0x000000060dc00000, 0x000000060de00000|  0%| F|  |TAMS 0x000000060dc00000, 0x000000060dc00000| Untracked 
| 107|0x000000060de00000, 0x000000060de00000, 0x000000060e000000|  0%| F|  |TAMS 0x000000060de00000, 0x000000060de00000| Untracked 
| 108|0x000000060e000000, 0x000000060e000000, 0x000000060e200000|  0%| F|  |TAMS 0x000000060e000000, 0x000000060e000000| Untracked 
| 109|0x000000060e200000, 0x000000060e200000, 0x000000060e400000|  0%| F|  |TAMS 0x000000060e200000, 0x000000060e200000| Untracked 
| 110|0x000000060e400000, 0x000000060e400000, 0x000000060e600000|  0%| F|  |TAMS 0x000000060e400000, 0x000000060e400000| Untracked 
| 111|0x000000060e600000, 0x000000060e600000, 0x000000060e800000|  0%| F|  |TAMS 0x000000060e600000, 0x000000060e600000| Untracked 
| 112|0x000000060e800000, 0x000000060e800000, 0x000000060ea00000|  0%| F|  |TAMS 0x000000060e800000, 0x000000060e800000| Untracked 
| 113|0x000000060ea00000, 0x000000060ea00000, 0x000000060ec00000|  0%| F|  |TAMS 0x000000060ea00000, 0x000000060ea00000| Untracked 
| 114|0x000000060ec00000, 0x000000060ec00000, 0x000000060ee00000|  0%| F|  |TAMS 0x000000060ec00000, 0x000000060ec00000| Untracked 
| 115|0x000000060ee00000, 0x000000060ee00000, 0x000000060f000000|  0%| F|  |TAMS 0x000000060ee00000, 0x000000060ee00000| Untracked 
| 116|0x000000060f000000, 0x000000060f000000, 0x000000060f200000|  0%| F|  |TAMS 0x000000060f000000, 0x000000060f000000| Untracked 
| 117|0x000000060f200000, 0x000000060f200000, 0x000000060f400000|  0%| F|  |TAMS 0x000000060f200000, 0x000000060f200000| Untracked 
| 118|0x000000060f400000, 0x000000060f400000, 0x000000060f600000|  0%| F|  |TAMS 0x000000060f400000, 0x000000060f400000| Untracked 
| 119|0x000000060f600000, 0x000000060f600000, 0x000000060f800000|  0%| F|  |TAMS 0x000000060f600000, 0x000000060f600000| Untracked 
| 120|0x000000060f800000, 0x000000060f800000, 0x000000060fa00000|  0%| F|  |TAMS 0x000000060f800000, 0x000000060f800000| Untracked 
| 121|0x000000060fa00000, 0x000000060fbc0938, 0x000000060fc00000| 87%| S|CS|TAMS 0x000000060fa00000, 0x000000060fa00000| Complete 
| 122|0x000000060fc00000, 0x000000060fe00000, 0x000000060fe00000|100%| S|CS|TAMS 0x000000060fc00000, 0x000000060fc00000| Complete 
| 123|0x000000060fe00000, 0x0000000610000000, 0x0000000610000000|100%| S|CS|TAMS 0x000000060fe00000, 0x000000060fe00000| Complete 
| 124|0x0000000610000000, 0x0000000610000000, 0x0000000610200000|  0%| F|  |TAMS 0x0000000610000000, 0x0000000610000000| Untracked 
| 125|0x0000000610200000, 0x0000000610200000, 0x0000000610400000|  0%| F|  |TAMS 0x0000000610200000, 0x0000000610200000| Untracked 
| 126|0x0000000610400000, 0x0000000610400000, 0x0000000610600000|  0%| F|  |TAMS 0x0000000610400000, 0x0000000610400000| Untracked 
| 127|0x0000000610600000, 0x0000000610600000, 0x0000000610800000|  0%| F|  |TAMS 0x0000000610600000, 0x0000000610600000| Untracked 
| 128|0x0000000610800000, 0x0000000610800000, 0x0000000610a00000|  0%| F|  |TAMS 0x0000000610800000, 0x0000000610800000| Untracked 
| 129|0x0000000610a00000, 0x0000000610a00000, 0x0000000610c00000|  0%| F|  |TAMS 0x0000000610a00000, 0x0000000610a00000| Untracked 
| 130|0x0000000610c00000, 0x0000000610c00000, 0x0000000610e00000|  0%| F|  |TAMS 0x0000000610c00000, 0x0000000610c00000| Untracked 
| 131|0x0000000610e00000, 0x0000000610e00000, 0x0000000611000000|  0%| F|  |TAMS 0x0000000610e00000, 0x0000000610e00000| Untracked 
| 132|0x0000000611000000, 0x0000000611000000, 0x0000000611200000|  0%| F|  |TAMS 0x0000000611000000, 0x0000000611000000| Untracked 
| 133|0x0000000611200000, 0x0000000611200000, 0x0000000611400000|  0%| F|  |TAMS 0x0000000611200000, 0x0000000611200000| Untracked 
| 134|0x0000000611400000, 0x0000000611400000, 0x0000000611600000|  0%| F|  |TAMS 0x0000000611400000, 0x0000000611400000| Untracked 
| 135|0x0000000611600000, 0x0000000611600000, 0x0000000611800000|  0%| F|  |TAMS 0x0000000611600000, 0x0000000611600000| Untracked 
| 136|0x0000000611800000, 0x0000000611800000, 0x0000000611a00000|  0%| F|  |TAMS 0x0000000611800000, 0x0000000611800000| Untracked 
| 137|0x0000000611a00000, 0x0000000611a00000, 0x0000000611c00000|  0%| F|  |TAMS 0x0000000611a00000, 0x0000000611a00000| Untracked 
| 138|0x0000000611c00000, 0x0000000611c00000, 0x0000000611e00000|  0%| F|  |TAMS 0x0000000611c00000, 0x0000000611c00000| Untracked 
| 139|0x0000000611e00000, 0x0000000611e00000, 0x0000000612000000|  0%| F|  |TAMS 0x0000000611e00000, 0x0000000611e00000| Untracked 
| 140|0x0000000612000000, 0x0000000612000000, 0x0000000612200000|  0%| F|  |TAMS 0x0000000612000000, 0x0000000612000000| Untracked 
| 141|0x0000000612200000, 0x0000000612200000, 0x0000000612400000|  0%| F|  |TAMS 0x0000000612200000, 0x0000000612200000| Untracked 
| 142|0x0000000612400000, 0x0000000612400000, 0x0000000612600000|  0%| F|  |TAMS 0x0000000612400000, 0x0000000612400000| Untracked 
| 143|0x0000000612600000, 0x0000000612600000, 0x0000000612800000|  0%| F|  |TAMS 0x0000000612600000, 0x0000000612600000| Untracked 
| 144|0x0000000612800000, 0x0000000612800000, 0x0000000612a00000|  0%| F|  |TAMS 0x0000000612800000, 0x0000000612800000| Untracked 
| 145|0x0000000612a00000, 0x0000000612a00000, 0x0000000612c00000|  0%| F|  |TAMS 0x0000000612a00000, 0x0000000612a00000| Untracked 
| 146|0x0000000612c00000, 0x0000000612c00000, 0x0000000612e00000|  0%| F|  |TAMS 0x0000000612c00000, 0x0000000612c00000| Untracked 
| 147|0x0000000612e00000, 0x0000000612e00000, 0x0000000613000000|  0%| F|  |TAMS 0x0000000612e00000, 0x0000000612e00000| Untracked 
| 148|0x0000000613000000, 0x0000000613000000, 0x0000000613200000|  0%| F|  |TAMS 0x0000000613000000, 0x0000000613000000| Untracked 
| 149|0x0000000613200000, 0x0000000613200000, 0x0000000613400000|  0%| F|  |TAMS 0x0000000613200000, 0x0000000613200000| Untracked 
| 150|0x0000000613400000, 0x0000000613400000, 0x0000000613600000|  0%| F|  |TAMS 0x0000000613400000, 0x0000000613400000| Untracked 
| 151|0x0000000613600000, 0x0000000613600000, 0x0000000613800000|  0%| F|  |TAMS 0x0000000613600000, 0x0000000613600000| Untracked 
| 152|0x0000000613800000, 0x0000000613800000, 0x0000000613a00000|  0%| F|  |TAMS 0x0000000613800000, 0x0000000613800000| Untracked 
| 153|0x0000000613a00000, 0x0000000613a00000, 0x0000000613c00000|  0%| F|  |TAMS 0x0000000613a00000, 0x0000000613a00000| Untracked 
| 154|0x0000000613c00000, 0x0000000613c00000, 0x0000000613e00000|  0%| F|  |TAMS 0x0000000613c00000, 0x0000000613c00000| Untracked 
| 155|0x0000000613e00000, 0x0000000613e00000, 0x0000000614000000|  0%| F|  |TAMS 0x0000000613e00000, 0x0000000613e00000| Untracked 
| 156|0x0000000614000000, 0x0000000614000000, 0x0000000614200000|  0%| F|  |TAMS 0x0000000614000000, 0x0000000614000000| Untracked 
| 157|0x0000000614200000, 0x0000000614200000, 0x0000000614400000|  0%| F|  |TAMS 0x0000000614200000, 0x0000000614200000| Untracked 
| 158|0x0000000614400000, 0x0000000614400000, 0x0000000614600000|  0%| F|  |TAMS 0x0000000614400000, 0x0000000614400000| Untracked 
| 159|0x0000000614600000, 0x0000000614600000, 0x0000000614800000|  0%| F|  |TAMS 0x0000000614600000, 0x0000000614600000| Untracked 
| 160|0x0000000614800000, 0x0000000614800000, 0x0000000614a00000|  0%| F|  |TAMS 0x0000000614800000, 0x0000000614800000| Untracked 
| 161|0x0000000614a00000, 0x0000000614a00000, 0x0000000614c00000|  0%| F|  |TAMS 0x0000000614a00000, 0x0000000614a00000| Untracked 
| 162|0x0000000614c00000, 0x0000000614c00000, 0x0000000614e00000|  0%| F|  |TAMS 0x0000000614c00000, 0x0000000614c00000| Untracked 
| 163|0x0000000614e00000, 0x0000000614e00000, 0x0000000615000000|  0%| F|  |TAMS 0x0000000614e00000, 0x0000000614e00000| Untracked 
| 164|0x0000000615000000, 0x0000000615000000, 0x0000000615200000|  0%| F|  |TAMS 0x0000000615000000, 0x0000000615000000| Untracked 
| 165|0x0000000615200000, 0x0000000615200000, 0x0000000615400000|  0%| F|  |TAMS 0x0000000615200000, 0x0000000615200000| Untracked 
| 166|0x0000000615400000, 0x0000000615400000, 0x0000000615600000|  0%| F|  |TAMS 0x0000000615400000, 0x0000000615400000| Untracked 
| 167|0x0000000615600000, 0x0000000615600000, 0x0000000615800000|  0%| F|  |TAMS 0x0000000615600000, 0x0000000615600000| Untracked 
| 168|0x0000000615800000, 0x0000000615800000, 0x0000000615a00000|  0%| F|  |TAMS 0x0000000615800000, 0x0000000615800000| Untracked 
| 169|0x0000000615a00000, 0x0000000615a00000, 0x0000000615c00000|  0%| F|  |TAMS 0x0000000615a00000, 0x0000000615a00000| Untracked 
| 170|0x0000000615c00000, 0x0000000615c00000, 0x0000000615e00000|  0%| F|  |TAMS 0x0000000615c00000, 0x0000000615c00000| Untracked 
| 171|0x0000000615e00000, 0x0000000615e00000, 0x0000000616000000|  0%| F|  |TAMS 0x0000000615e00000, 0x0000000615e00000| Untracked 
| 172|0x0000000616000000, 0x0000000616000000, 0x0000000616200000|  0%| F|  |TAMS 0x0000000616000000, 0x0000000616000000| Untracked 
| 173|0x0000000616200000, 0x0000000616200000, 0x0000000616400000|  0%| F|  |TAMS 0x0000000616200000, 0x0000000616200000| Untracked 
| 174|0x0000000616400000, 0x0000000616400000, 0x0000000616600000|  0%| F|  |TAMS 0x0000000616400000, 0x0000000616400000| Untracked 
| 175|0x0000000616600000, 0x0000000616600000, 0x0000000616800000|  0%| F|  |TAMS 0x0000000616600000, 0x0000000616600000| Untracked 
| 176|0x0000000616800000, 0x0000000616800000, 0x0000000616a00000|  0%| F|  |TAMS 0x0000000616800000, 0x0000000616800000| Untracked 
| 177|0x0000000616a00000, 0x0000000616a00000, 0x0000000616c00000|  0%| F|  |TAMS 0x0000000616a00000, 0x0000000616a00000| Untracked 
| 178|0x0000000616c00000, 0x0000000616c00000, 0x0000000616e00000|  0%| F|  |TAMS 0x0000000616c00000, 0x0000000616c00000| Untracked 
| 179|0x0000000616e00000, 0x0000000616e00000, 0x0000000617000000|  0%| F|  |TAMS 0x0000000616e00000, 0x0000000616e00000| Untracked 
| 180|0x0000000617000000, 0x0000000617000000, 0x0000000617200000|  0%| F|  |TAMS 0x0000000617000000, 0x0000000617000000| Untracked 
| 181|0x0000000617200000, 0x0000000617200000, 0x0000000617400000|  0%| F|  |TAMS 0x0000000617200000, 0x0000000617200000| Untracked 
| 182|0x0000000617400000, 0x0000000617400000, 0x0000000617600000|  0%| F|  |TAMS 0x0000000617400000, 0x0000000617400000| Untracked 
| 183|0x0000000617600000, 0x0000000617600000, 0x0000000617800000|  0%| F|  |TAMS 0x0000000617600000, 0x0000000617600000| Untracked 
| 184|0x0000000617800000, 0x0000000617800000, 0x0000000617a00000|  0%| F|  |TAMS 0x0000000617800000, 0x0000000617800000| Untracked 
| 185|0x0000000617a00000, 0x0000000617a00000, 0x0000000617c00000|  0%| F|  |TAMS 0x0000000617a00000, 0x0000000617a00000| Untracked 
| 186|0x0000000617c00000, 0x0000000617c00000, 0x0000000617e00000|  0%| F|  |TAMS 0x0000000617c00000, 0x0000000617c00000| Untracked 
| 187|0x0000000617e00000, 0x0000000617e00000, 0x0000000618000000|  0%| F|  |TAMS 0x0000000617e00000, 0x0000000617e00000| Untracked 
| 188|0x0000000618000000, 0x0000000618000000, 0x0000000618200000|  0%| F|  |TAMS 0x0000000618000000, 0x0000000618000000| Untracked 
| 189|0x0000000618200000, 0x0000000618200000, 0x0000000618400000|  0%| F|  |TAMS 0x0000000618200000, 0x0000000618200000| Untracked 
| 190|0x0000000618400000, 0x0000000618400000, 0x0000000618600000|  0%| F|  |TAMS 0x0000000618400000, 0x0000000618400000| Untracked 
| 191|0x0000000618600000, 0x0000000618600000, 0x0000000618800000|  0%| F|  |TAMS 0x0000000618600000, 0x0000000618600000| Untracked 
| 192|0x0000000618800000, 0x0000000618800000, 0x0000000618a00000|  0%| F|  |TAMS 0x0000000618800000, 0x0000000618800000| Untracked 
| 193|0x0000000618a00000, 0x0000000618a00000, 0x0000000618c00000|  0%| F|  |TAMS 0x0000000618a00000, 0x0000000618a00000| Untracked 
| 194|0x0000000618c00000, 0x0000000618c00000, 0x0000000618e00000|  0%| F|  |TAMS 0x0000000618c00000, 0x0000000618c00000| Untracked 
| 195|0x0000000618e00000, 0x0000000618e00000, 0x0000000619000000|  0%| F|  |TAMS 0x0000000618e00000, 0x0000000618e00000| Untracked 
| 196|0x0000000619000000, 0x0000000619000000, 0x0000000619200000|  0%| F|  |TAMS 0x0000000619000000, 0x0000000619000000| Untracked 
| 197|0x0000000619200000, 0x0000000619200000, 0x0000000619400000|  0%| F|  |TAMS 0x0000000619200000, 0x0000000619200000| Untracked 
| 198|0x0000000619400000, 0x0000000619400000, 0x0000000619600000|  0%| F|  |TAMS 0x0000000619400000, 0x0000000619400000| Untracked 
| 199|0x0000000619600000, 0x0000000619600000, 0x0000000619800000|  0%| F|  |TAMS 0x0000000619600000, 0x0000000619600000| Untracked 
| 200|0x0000000619800000, 0x0000000619800000, 0x0000000619a00000|  0%| F|  |TAMS 0x0000000619800000, 0x0000000619800000| Untracked 
| 201|0x0000000619a00000, 0x0000000619a00000, 0x0000000619c00000|  0%| F|  |TAMS 0x0000000619a00000, 0x0000000619a00000| Untracked 
| 202|0x0000000619c00000, 0x0000000619c00000, 0x0000000619e00000|  0%| F|  |TAMS 0x0000000619c00000, 0x0000000619c00000| Untracked 
| 203|0x0000000619e00000, 0x0000000619e00000, 0x000000061a000000|  0%| F|  |TAMS 0x0000000619e00000, 0x0000000619e00000| Untracked 
| 204|0x000000061a000000, 0x000000061a000000, 0x000000061a200000|  0%| F|  |TAMS 0x000000061a000000, 0x000000061a000000| Untracked 
| 205|0x000000061a200000, 0x000000061a200000, 0x000000061a400000|  0%| F|  |TAMS 0x000000061a200000, 0x000000061a200000| Untracked 
| 206|0x000000061a400000, 0x000000061a400000, 0x000000061a600000|  0%| F|  |TAMS 0x000000061a400000, 0x000000061a400000| Untracked 
| 207|0x000000061a600000, 0x000000061a600000, 0x000000061a800000|  0%| F|  |TAMS 0x000000061a600000, 0x000000061a600000| Untracked 
| 208|0x000000061a800000, 0x000000061a800000, 0x000000061aa00000|  0%| F|  |TAMS 0x000000061a800000, 0x000000061a800000| Untracked 
| 209|0x000000061aa00000, 0x000000061aa00000, 0x000000061ac00000|  0%| F|  |TAMS 0x000000061aa00000, 0x000000061aa00000| Untracked 
| 210|0x000000061ac00000, 0x000000061ac00000, 0x000000061ae00000|  0%| F|  |TAMS 0x000000061ac00000, 0x000000061ac00000| Untracked 
| 211|0x000000061ae00000, 0x000000061ae00000, 0x000000061b000000|  0%| F|  |TAMS 0x000000061ae00000, 0x000000061ae00000| Untracked 
| 212|0x000000061b000000, 0x000000061b000000, 0x000000061b200000|  0%| F|  |TAMS 0x000000061b000000, 0x000000061b000000| Untracked 
| 213|0x000000061b200000, 0x000000061b200000, 0x000000061b400000|  0%| F|  |TAMS 0x000000061b200000, 0x000000061b200000| Untracked 
| 214|0x000000061b400000, 0x000000061b400000, 0x000000061b600000|  0%| F|  |TAMS 0x000000061b400000, 0x000000061b400000| Untracked 
| 215|0x000000061b600000, 0x000000061b600000, 0x000000061b800000|  0%| F|  |TAMS 0x000000061b600000, 0x000000061b600000| Untracked 
| 216|0x000000061b800000, 0x000000061b800000, 0x000000061ba00000|  0%| F|  |TAMS 0x000000061b800000, 0x000000061b800000| Untracked 
| 217|0x000000061ba00000, 0x000000061ba00000, 0x000000061bc00000|  0%| F|  |TAMS 0x000000061ba00000, 0x000000061ba00000| Untracked 
| 218|0x000000061bc00000, 0x000000061bc00000, 0x000000061be00000|  0%| F|  |TAMS 0x000000061bc00000, 0x000000061bc00000| Untracked 
| 219|0x000000061be00000, 0x000000061be00000, 0x000000061c000000|  0%| F|  |TAMS 0x000000061be00000, 0x000000061be00000| Untracked 
| 220|0x000000061c000000, 0x000000061c000000, 0x000000061c200000|  0%| F|  |TAMS 0x000000061c000000, 0x000000061c000000| Untracked 
| 221|0x000000061c200000, 0x000000061c200000, 0x000000061c400000|  0%| F|  |TAMS 0x000000061c200000, 0x000000061c200000| Untracked 
| 222|0x000000061c400000, 0x000000061c400000, 0x000000061c600000|  0%| F|  |TAMS 0x000000061c400000, 0x000000061c400000| Untracked 
| 223|0x000000061c600000, 0x000000061c600000, 0x000000061c800000|  0%| F|  |TAMS 0x000000061c600000, 0x000000061c600000| Untracked 
| 224|0x000000061c800000, 0x000000061c800000, 0x000000061ca00000|  0%| F|  |TAMS 0x000000061c800000, 0x000000061c800000| Untracked 
| 225|0x000000061ca00000, 0x000000061ca00000, 0x000000061cc00000|  0%| F|  |TAMS 0x000000061ca00000, 0x000000061ca00000| Untracked 
| 226|0x000000061cc00000, 0x000000061cc00000, 0x000000061ce00000|  0%| F|  |TAMS 0x000000061cc00000, 0x000000061cc00000| Untracked 
| 227|0x000000061ce00000, 0x000000061ce00000, 0x000000061d000000|  0%| F|  |TAMS 0x000000061ce00000, 0x000000061ce00000| Untracked 
| 228|0x000000061d000000, 0x000000061d000000, 0x000000061d200000|  0%| F|  |TAMS 0x000000061d000000, 0x000000061d000000| Untracked 
| 229|0x000000061d200000, 0x000000061d200000, 0x000000061d400000|  0%| F|  |TAMS 0x000000061d200000, 0x000000061d200000| Untracked 
| 230|0x000000061d400000, 0x000000061d400000, 0x000000061d600000|  0%| F|  |TAMS 0x000000061d400000, 0x000000061d400000| Untracked 
| 231|0x000000061d600000, 0x000000061d600000, 0x000000061d800000|  0%| F|  |TAMS 0x000000061d600000, 0x000000061d600000| Untracked 
| 232|0x000000061d800000, 0x000000061d800000, 0x000000061da00000|  0%| F|  |TAMS 0x000000061d800000, 0x000000061d800000| Untracked 
| 233|0x000000061da00000, 0x000000061da00000, 0x000000061dc00000|  0%| F|  |TAMS 0x000000061da00000, 0x000000061da00000| Untracked 
| 234|0x000000061dc00000, 0x000000061dc00000, 0x000000061de00000|  0%| F|  |TAMS 0x000000061dc00000, 0x000000061dc00000| Untracked 
| 235|0x000000061de00000, 0x000000061de00000, 0x000000061e000000|  0%| F|  |TAMS 0x000000061de00000, 0x000000061de00000| Untracked 
| 236|0x000000061e000000, 0x000000061e000000, 0x000000061e200000|  0%| F|  |TAMS 0x000000061e000000, 0x000000061e000000| Untracked 
| 237|0x000000061e200000, 0x000000061e200000, 0x000000061e400000|  0%| F|  |TAMS 0x000000061e200000, 0x000000061e200000| Untracked 
| 238|0x000000061e400000, 0x000000061e400000, 0x000000061e600000|  0%| F|  |TAMS 0x000000061e400000, 0x000000061e400000| Untracked 
| 239|0x000000061e600000, 0x000000061e600000, 0x000000061e800000|  0%| F|  |TAMS 0x000000061e600000, 0x000000061e600000| Untracked 
| 240|0x000000061e800000, 0x000000061e800000, 0x000000061ea00000|  0%| F|  |TAMS 0x000000061e800000, 0x000000061e800000| Untracked 
| 241|0x000000061ea00000, 0x000000061ea00000, 0x000000061ec00000|  0%| F|  |TAMS 0x000000061ea00000, 0x000000061ea00000| Untracked 
| 242|0x000000061ec00000, 0x000000061ec00000, 0x000000061ee00000|  0%| F|  |TAMS 0x000000061ec00000, 0x000000061ec00000| Untracked 
| 243|0x000000061ee00000, 0x000000061ee00000, 0x000000061f000000|  0%| F|  |TAMS 0x000000061ee00000, 0x000000061ee00000| Untracked 
| 244|0x000000061f000000, 0x000000061f000000, 0x000000061f200000|  0%| F|  |TAMS 0x000000061f000000, 0x000000061f000000| Untracked 
| 245|0x000000061f200000, 0x000000061f200000, 0x000000061f400000|  0%| F|  |TAMS 0x000000061f200000, 0x000000061f200000| Untracked 
| 246|0x000000061f400000, 0x000000061f400000, 0x000000061f600000|  0%| F|  |TAMS 0x000000061f400000, 0x000000061f400000| Untracked 
| 247|0x000000061f600000, 0x000000061f600000, 0x000000061f800000|  0%| F|  |TAMS 0x000000061f600000, 0x000000061f600000| Untracked 
| 248|0x000000061f800000, 0x000000061f800000, 0x000000061fa00000|  0%| F|  |TAMS 0x000000061f800000, 0x000000061f800000| Untracked 
| 249|0x000000061fa00000, 0x000000061fa00000, 0x000000061fc00000|  0%| F|  |TAMS 0x000000061fa00000, 0x000000061fa00000| Untracked 
| 250|0x000000061fc00000, 0x000000061fc00000, 0x000000061fe00000|  0%| F|  |TAMS 0x000000061fc00000, 0x000000061fc00000| Untracked 
| 251|0x000000061fe00000, 0x000000061fe00000, 0x0000000620000000|  0%| F|  |TAMS 0x000000061fe00000, 0x000000061fe00000| Untracked 
| 252|0x0000000620000000, 0x0000000620000000, 0x0000000620200000|  0%| F|  |TAMS 0x0000000620000000, 0x0000000620000000| Untracked 
| 253|0x0000000620200000, 0x0000000620200000, 0x0000000620400000|  0%| F|  |TAMS 0x0000000620200000, 0x0000000620200000| Untracked 
| 254|0x0000000620400000, 0x0000000620400000, 0x0000000620600000|  0%| F|  |TAMS 0x0000000620400000, 0x0000000620400000| Untracked 
| 255|0x0000000620600000, 0x0000000620600000, 0x0000000620800000|  0%| F|  |TAMS 0x0000000620600000, 0x0000000620600000| Untracked 
| 256|0x0000000620800000, 0x0000000620800000, 0x0000000620a00000|  0%| F|  |TAMS 0x0000000620800000, 0x0000000620800000| Untracked 
| 257|0x0000000620a00000, 0x0000000620a00000, 0x0000000620c00000|  0%| F|  |TAMS 0x0000000620a00000, 0x0000000620a00000| Untracked 
| 258|0x0000000620c00000, 0x0000000620c00000, 0x0000000620e00000|  0%| F|  |TAMS 0x0000000620c00000, 0x0000000620c00000| Untracked 
| 259|0x0000000620e00000, 0x0000000620e00000, 0x0000000621000000|  0%| F|  |TAMS 0x0000000620e00000, 0x0000000620e00000| Untracked 
| 260|0x0000000621000000, 0x0000000621000000, 0x0000000621200000|  0%| F|  |TAMS 0x0000000621000000, 0x0000000621000000| Untracked 
| 261|0x0000000621200000, 0x0000000621200000, 0x0000000621400000|  0%| F|  |TAMS 0x0000000621200000, 0x0000000621200000| Untracked 
| 262|0x0000000621400000, 0x0000000621400000, 0x0000000621600000|  0%| F|  |TAMS 0x0000000621400000, 0x0000000621400000| Untracked 
| 263|0x0000000621600000, 0x0000000621600000, 0x0000000621800000|  0%| F|  |TAMS 0x0000000621600000, 0x0000000621600000| Untracked 
| 264|0x0000000621800000, 0x0000000621800000, 0x0000000621a00000|  0%| F|  |TAMS 0x0000000621800000, 0x0000000621800000| Untracked 
| 265|0x0000000621a00000, 0x0000000621a00000, 0x0000000621c00000|  0%| F|  |TAMS 0x0000000621a00000, 0x0000000621a00000| Untracked 
| 266|0x0000000621c00000, 0x0000000621c00000, 0x0000000621e00000|  0%| F|  |TAMS 0x0000000621c00000, 0x0000000621c00000| Untracked 
| 267|0x0000000621e00000, 0x0000000621e00000, 0x0000000622000000|  0%| F|  |TAMS 0x0000000621e00000, 0x0000000621e00000| Untracked 
| 268|0x0000000622000000, 0x0000000622000000, 0x0000000622200000|  0%| F|  |TAMS 0x0000000622000000, 0x0000000622000000| Untracked 
| 269|0x0000000622200000, 0x0000000622200000, 0x0000000622400000|  0%| F|  |TAMS 0x0000000622200000, 0x0000000622200000| Untracked 
| 270|0x0000000622400000, 0x0000000622400000, 0x0000000622600000|  0%| F|  |TAMS 0x0000000622400000, 0x0000000622400000| Untracked 
| 271|0x0000000622600000, 0x0000000622600000, 0x0000000622800000|  0%| F|  |TAMS 0x0000000622600000, 0x0000000622600000| Untracked 
| 272|0x0000000622800000, 0x0000000622800000, 0x0000000622a00000|  0%| F|  |TAMS 0x0000000622800000, 0x0000000622800000| Untracked 
| 273|0x0000000622a00000, 0x0000000622a00000, 0x0000000622c00000|  0%| F|  |TAMS 0x0000000622a00000, 0x0000000622a00000| Untracked 
| 274|0x0000000622c00000, 0x0000000622c00000, 0x0000000622e00000|  0%| F|  |TAMS 0x0000000622c00000, 0x0000000622c00000| Untracked 
| 275|0x0000000622e00000, 0x0000000622e00000, 0x0000000623000000|  0%| F|  |TAMS 0x0000000622e00000, 0x0000000622e00000| Untracked 
| 276|0x0000000623000000, 0x0000000623000000, 0x0000000623200000|  0%| F|  |TAMS 0x0000000623000000, 0x0000000623000000| Untracked 
| 277|0x0000000623200000, 0x0000000623200000, 0x0000000623400000|  0%| F|  |TAMS 0x0000000623200000, 0x0000000623200000| Untracked 
| 278|0x0000000623400000, 0x0000000623400000, 0x0000000623600000|  0%| F|  |TAMS 0x0000000623400000, 0x0000000623400000| Untracked 
| 279|0x0000000623600000, 0x0000000623600000, 0x0000000623800000|  0%| F|  |TAMS 0x0000000623600000, 0x0000000623600000| Untracked 
| 280|0x0000000623800000, 0x0000000623800000, 0x0000000623a00000|  0%| F|  |TAMS 0x0000000623800000, 0x0000000623800000| Untracked 
| 281|0x0000000623a00000, 0x0000000623a00000, 0x0000000623c00000|  0%| F|  |TAMS 0x0000000623a00000, 0x0000000623a00000| Untracked 
| 282|0x0000000623c00000, 0x0000000623c00000, 0x0000000623e00000|  0%| F|  |TAMS 0x0000000623c00000, 0x0000000623c00000| Untracked 
| 283|0x0000000623e00000, 0x0000000623e00000, 0x0000000624000000|  0%| F|  |TAMS 0x0000000623e00000, 0x0000000623e00000| Untracked 
| 284|0x0000000624000000, 0x0000000624000000, 0x0000000624200000|  0%| F|  |TAMS 0x0000000624000000, 0x0000000624000000| Untracked 
| 285|0x0000000624200000, 0x0000000624200000, 0x0000000624400000|  0%| F|  |TAMS 0x0000000624200000, 0x0000000624200000| Untracked 
| 286|0x0000000624400000, 0x0000000624400000, 0x0000000624600000|  0%| F|  |TAMS 0x0000000624400000, 0x0000000624400000| Untracked 
| 287|0x0000000624600000, 0x0000000624600000, 0x0000000624800000|  0%| F|  |TAMS 0x0000000624600000, 0x0000000624600000| Untracked 
| 288|0x0000000624800000, 0x0000000624800000, 0x0000000624a00000|  0%| F|  |TAMS 0x0000000624800000, 0x0000000624800000| Untracked 
| 289|0x0000000624a00000, 0x0000000624c00000, 0x0000000624c00000|100%| E|  |TAMS 0x0000000624a00000, 0x0000000624a00000| Complete 
| 290|0x0000000624c00000, 0x0000000624e00000, 0x0000000624e00000|100%| E|CS|TAMS 0x0000000624c00000, 0x0000000624c00000| Complete 
| 291|0x0000000624e00000, 0x0000000625000000, 0x0000000625000000|100%| E|CS|TAMS 0x0000000624e00000, 0x0000000624e00000| Complete 
| 292|0x0000000625000000, 0x0000000625200000, 0x0000000625200000|100%| E|CS|TAMS 0x0000000625000000, 0x0000000625000000| Complete 
| 293|0x0000000625200000, 0x0000000625400000, 0x0000000625400000|100%| E|CS|TAMS 0x0000000625200000, 0x0000000625200000| Complete 
| 294|0x0000000625400000, 0x0000000625600000, 0x0000000625600000|100%| E|CS|TAMS 0x0000000625400000, 0x0000000625400000| Complete 
| 295|0x0000000625600000, 0x0000000625800000, 0x0000000625800000|100%| E|CS|TAMS 0x0000000625600000, 0x0000000625600000| Complete 
| 296|0x0000000625800000, 0x0000000625a00000, 0x0000000625a00000|100%| E|CS|TAMS 0x0000000625800000, 0x0000000625800000| Complete 
| 297|0x0000000625a00000, 0x0000000625c00000, 0x0000000625c00000|100%| E|CS|TAMS 0x0000000625a00000, 0x0000000625a00000| Complete 
| 298|0x0000000625c00000, 0x0000000625e00000, 0x0000000625e00000|100%| E|CS|TAMS 0x0000000625c00000, 0x0000000625c00000| Complete 
| 299|0x0000000625e00000, 0x0000000626000000, 0x0000000626000000|100%| E|CS|TAMS 0x0000000625e00000, 0x0000000625e00000| Complete 
| 300|0x0000000626000000, 0x0000000626200000, 0x0000000626200000|100%| E|CS|TAMS 0x0000000626000000, 0x0000000626000000| Complete 
| 301|0x0000000626200000, 0x0000000626400000, 0x0000000626400000|100%| E|CS|TAMS 0x0000000626200000, 0x0000000626200000| Complete 
| 302|0x0000000626400000, 0x0000000626600000, 0x0000000626600000|100%| E|CS|TAMS 0x0000000626400000, 0x0000000626400000| Complete 
| 303|0x0000000626600000, 0x0000000626800000, 0x0000000626800000|100%| E|CS|TAMS 0x0000000626600000, 0x0000000626600000| Complete 
| 304|0x0000000626800000, 0x0000000626a00000, 0x0000000626a00000|100%| E|CS|TAMS 0x0000000626800000, 0x0000000626800000| Complete 
| 305|0x0000000626a00000, 0x0000000626c00000, 0x0000000626c00000|100%| E|CS|TAMS 0x0000000626a00000, 0x0000000626a00000| Complete 
| 306|0x0000000626c00000, 0x0000000626e00000, 0x0000000626e00000|100%| E|CS|TAMS 0x0000000626c00000, 0x0000000626c00000| Complete 
| 307|0x0000000626e00000, 0x0000000627000000, 0x0000000627000000|100%| E|CS|TAMS 0x0000000626e00000, 0x0000000626e00000| Complete 

Card table byte_map: [0x0000021ba14d0000,0x0000021ba24d0000] _byte_map_base: 0x0000021b9e4cc000

Marking Bits (Prev, Next): (CMBitMap*) 0x0000021b88c58a50, (CMBitMap*) 0x0000021b88c58a18
 Prev Bits: [0x0000021bab4b0000, 0x0000021bb3490000)
 Next Bits: [0x0000021ba34d0000, 0x0000021bab4b0000)

Polling page: 0x0000021b881c0000

Metaspace:

Usage:
  Non-class:     43.60 MB capacity,    43.04 MB ( 99%) used,   421.23 KB ( <1%) free+waste,   152.38 KB ( <1%) overhead. 
      Class:      5.73 MB capacity,     5.17 MB ( 90%) used,   500.19 KB (  9%) free+waste,    76.56 KB (  1%) overhead. 
       Both:     49.33 MB capacity,    48.20 MB ( 98%) used,   921.42 KB (  2%) free+waste,   228.94 KB ( <1%) overhead. 

Virtual space:
  Non-class space:       44.00 MB reserved,      43.75 MB (>99%) committed 
      Class space:        1.00 GB reserved,       5.75 MB ( <1%) committed 
             Both:        1.04 GB reserved,      49.50 MB (  5%) committed 

Chunk freelists:
   Non-Class:  30.00 KB
       Class:  0 bytes
        Both:  30.00 KB

CodeHeap 'non-profiled nmethods': size=120000Kb used=2084Kb max_used=2274Kb free=117915Kb
 bounds [0x0000021b98c60000, 0x0000021b98ed0000, 0x0000021ba0190000]
CodeHeap 'profiled nmethods': size=120000Kb used=6676Kb max_used=7104Kb free=113323Kb
 bounds [0x0000021b91730000, 0x0000021b91e30000, 0x0000021b98c60000]
CodeHeap 'non-nmethods': size=5760Kb used=1695Kb max_used=1775Kb free=4064Kb
 bounds [0x0000021b91190000, 0x0000021b91400000, 0x0000021b91730000]
 total_blobs=5470 nmethods=2875 adapters=1123
 compilation: enabled
              stopped_count=0, restarted_count=0
 full_count=0

Compilation events (10 events):
Event: 30.997 Thread 0x0000021bb69fd000 nmethod 3235 0x0000021b91771690 code [0x0000021b917718e0, 0x0000021b91772290]
Event: 30.997 Thread 0x0000021bb69fd000 3236       3       java.awt.image.WritableRaster::setPixels (29 bytes)
Event: 30.997 Thread 0x0000021bb69fd000 nmethod 3236 0x0000021b91751f10 code [0x0000021b917520e0, 0x0000021b91752330]
Event: 30.997 Thread 0x0000021bb69fd000 3237       3       com.sun.imageio.plugins.png.RowFilter::filterRow (426 bytes)
Event: 30.998 Thread 0x0000021bb69fa000 nmethod 3234 0x0000021b98c61310 code [0x0000021b98c614a0, 0x0000021b98c61578]
Event: 30.998 Thread 0x0000021bb69fa000 3223 %     4       com.sun.javafx.image.impl.ByteBgra$ToIntArgbSameConv::doConvert @ 25 (109 bytes)
Event: 30.999 Thread 0x0000021bb69fd000 nmethod 3237 0x0000021b9177f190 code [0x0000021b9177f440, 0x0000021b91780290]
Event: 30.999 Thread 0x0000021bb69fd000 3238       3       javax.imageio.ImageWriter::processImageProgress (56 bytes)
Event: 30.999 Thread 0x0000021bb69fd000 nmethod 3238 0x0000021b9177e810 code [0x0000021b9177ea20, 0x0000021b9177efb0]
Event: 31.009 Thread 0x0000021bb69fa000 nmethod 3223% 0x0000021b98c9c710 code [0x0000021b98c9c8c0, 0x0000021b98c9cf38]

GC Heap History (10 events):
Event: 6.751 GC heap before
{Heap before GC invocations=14 (full 0):
 garbage-first heap   total 630784K, used 388083K [0x0000000600800000, 0x0000000800000000)
  region size 2048K, 184 young (376832K), 3 survivors (6144K)
 Metaspace       used 45972K, capacity 47059K, committed 47228K, reserved 1091584K
  class space    used 4858K, capacity 5391K, committed 5500K, reserved 1048576K
}
Event: 6.757 GC heap after
{Heap after GC invocations=15 (full 0):
 garbage-first heap   total 630784K, used 17337K [0x0000000600800000, 0x0000000800000000)
  region size 2048K, 3 young (6144K), 3 survivors (6144K)
 Metaspace       used 45972K, capacity 47059K, committed 47228K, reserved 1091584K
  class space    used 4858K, capacity 5391K, committed 5500K, reserved 1048576K
}
Event: 7.185 GC heap before
{Heap before GC invocations=15 (full 0):
 garbage-first heap   total 630784K, used 388025K [0x0000000600800000, 0x0000000800000000)
  region size 2048K, 184 young (376832K), 3 survivors (6144K)
 Metaspace       used 45983K, capacity 47059K, committed 47228K, reserved 1091584K
  class space    used 4860K, capacity 5391K, committed 5500K, reserved 1048576K
}
Event: 7.190 GC heap after
{Heap after GC invocations=16 (full 0):
 garbage-first heap   total 630784K, used 17366K [0x0000000600800000, 0x0000000800000000)
  region size 2048K, 3 young (6144K), 3 survivors (6144K)
 Metaspace       used 45983K, capacity 47059K, committed 47228K, reserved 1091584K
  class space    used 4860K, capacity 5391K, committed 5500K, reserved 1048576K
}
Event: 7.624 GC heap before
{Heap before GC invocations=16 (full 0):
 garbage-first heap   total 630784K, used 388054K [0x0000000600800000, 0x0000000800000000)
  region size 2048K, 184 young (376832K), 3 survivors (6144K)
 Metaspace       used 45987K, capacity 47059K, committed 47228K, reserved 1091584K
  class space    used 4860K, capacity 5391K, committed 5500K, reserved 1048576K
}
Event: 7.629 GC heap after
{Heap after GC invocations=17 (full 0):
 garbage-first heap   total 630784K, used 17273K [0x0000000600800000, 0x0000000800000000)
  region size 2048K, 3 young (6144K), 3 survivors (6144K)
 Metaspace       used 45987K, capacity 47059K, committed 47228K, reserved 1091584K
  class space    used 4860K, capacity 5391K, committed 5500K, reserved 1048576K
}
Event: 8.207 GC heap before
{Heap before GC invocations=17 (full 0):
 garbage-first heap   total 630784K, used 387961K [0x0000000600800000, 0x0000000800000000)
  region size 2048K, 184 young (376832K), 3 survivors (6144K)
 Metaspace       used 45996K, capacity 47059K, committed 47228K, reserved 1091584K
  class space    used 4860K, capacity 5391K, committed 5500K, reserved 1048576K
}
Event: 8.212 GC heap after
{Heap after GC invocations=18 (full 0):
 garbage-first heap   total 630784K, used 17298K [0x0000000600800000, 0x0000000800000000)
  region size 2048K, 3 young (6144K), 3 survivors (6144K)
 Metaspace       used 45996K, capacity 47059K, committed 47228K, reserved 1091584K
  class space    used 4860K, capacity 5391K, committed 5500K, reserved 1048576K
}
Event: 25.240 GC heap before
{Heap before GC invocations=18 (full 0):
 garbage-first heap   total 630784K, used 387986K [0x0000000600800000, 0x0000000800000000)
  region size 2048K, 184 young (376832K), 3 survivors (6144K)
 Metaspace       used 49163K, capacity 50308K, committed 50428K, reserved 1093632K
  class space    used 5265K, capacity 5841K, committed 5884K, reserved 1048576K
}
Event: 25.246 GC heap after
{Heap after GC invocations=19 (full 0):
 garbage-first heap   total 630784K, used 18055K [0x0000000600800000, 0x0000000800000000)
  region size 2048K, 3 young (6144K), 3 survivors (6144K)
 Metaspace       used 49163K, capacity 50308K, committed 50428K, reserved 1093632K
  class space    used 5265K, capacity 5841K, committed 5884K, reserved 1048576K
}

Deoptimization events (10 events):
Event: 5.745 Thread 0x0000021bb9e47800 Uncommon trap: reason=unstable_if action=reinterpret pc=0x0000021b98ca1684 method=java.lang.AbstractStringBuilder.putStringAt(ILjava/lang/String;)V @ 8 c2
Event: 5.745 Thread 0x0000021bb9e47800 Uncommon trap: reason=unstable_if action=reinterpret pc=0x0000021b98d86f10 method=java.lang.String.getBytes([BIB)V @ 5 c2
Event: 5.758 Thread 0x0000021bb9e47800 Uncommon trap: reason=unstable_if action=reinterpret pc=0x0000021b98c81168 method=java.lang.String.getBytes([BIB)V @ 5 c2
Event: 5.811 Thread 0x0000021bb9e47800 Uncommon trap: reason=unstable_if action=reinterpret pc=0x0000021b98cba874 method=java.lang.invoke.LambdaForm$BasicType.basicType(C)Ljava/lang/invoke/LambdaForm$BasicType; @ 1 c2
Event: 8.623 Thread 0x0000021bb9e46000 Uncommon trap: reason=range_check action=make_not_entrant pc=0x0000021b98e1bc90 method=java.util.zip.ZipUtils.get16([BI)I @ 11 c2
Event: 24.955 Thread 0x0000021bbb066000 Uncommon trap: reason=unstable_if action=reinterpret pc=0x0000021b98d71b00 method=sun.nio.fs.WindowsPathParser.nextNonSlash(Ljava/lang/String;II)I @ 2 c2
Event: 26.035 Thread 0x0000021bb8b11800 Uncommon trap: reason=unstable_if action=reinterpret pc=0x0000021b98d83268 method=akka.dispatch.AbstractNodeQueue.pollNode()Lakka/dispatch/AbstractNodeQueue$Node; @ 28 c2
Event: 26.046 Thread 0x0000021bb8b11800 Uncommon trap: reason=unstable_if action=reinterpret pc=0x0000021b98c93c8c method=akka.actor.LightArrayRevolverScheduler$$anon$3.checkQueue(J)V @ 43 c2
Event: 28.309 Thread 0x0000021bbb061000 Uncommon trap: reason=unstable_if action=reinterpret pc=0x0000021b98e4e8a4 method=com.sun.prism.Image.getPixelAccessor()Lcom/sun/prism/Image$Accessor; @ 4 c2
Event: 30.974 Thread 0x0000021bbb061000 Uncommon trap: reason=unstable_if action=reinterpret pc=0x0000021b98e4c420 method=com.sun.prism.Image.getPixelAccessor()Lcom/sun/prism/Image$Accessor; @ 4 c2

Classes redefined (0 events):
No events

Internal exceptions (10 events):
Event: 5.745 Thread 0x0000021bb9e47800 Exception <a 'java/io/FileNotFoundException'{0x00000006169521d8}> (0x00000006169521d8) thrown at [c:/tools/cygwin/home/Administrator/development/Corretto11Src/src/src/hotspot/share/prims/jni.cpp, line 615]
Event: 5.749 Thread 0x0000021bb9e47800 Exception <a 'java/lang/NoSuchMethodError'{0x0000000616993710}: java.lang.invoke.DirectMethodHandle$Holder.invokeStatic(Ljava/lang/Object;Ljava/lang/Object;Ljava/lang/Object;Ljava/lang/Object;Ljava/lang/Object;Ljava/lang/Object;Ljava/lang/Object;Ljava/lan
Event: 5.751 Thread 0x0000021bb9e47800 Exception <a 'java/lang/NoSuchMethodError'{0x00000006169a1470}: java.lang.invoke.DirectMethodHandle$Holder.invokeStatic(Ljava/lang/Object;Ljava/lang/Object;Ljava/lang/Object;Ljava/lang/Object;Ljava/lang/Object;Ljava/lang/Object;Ljava/lang/Object;Ljava/lan
Event: 5.752 Thread 0x0000021bb9e47800 Exception <a 'java/lang/NoSuchMethodError'{0x00000006169af0d8}: java.lang.invoke.DirectMethodHandle$Holder.invokeSpecial(Ljava/lang/Object;Ljava/lang/Object;IILjava/lang/Object;Ljava/lang/Object;Ljava/lang/Object;)Ljava/lang/Object;> (0x00000006169af0d8) 
Event: 5.752 Thread 0x0000021bb9e47800 Exception <a 'java/lang/NoSuchMethodError'{0x00000006169b2660}: java.lang.invoke.DelegatingMethodHandle$Holder.reinvoke_L(Ljava/lang/Object;IILjava/lang/Object;Ljava/lang/Object;Ljava/lang/Object;)Ljava/lang/Object;> (0x00000006169b2660) thrown at [c:/too
Event: 5.752 Thread 0x0000021bb9e47800 Exception <a 'java/lang/NoSuchMethodError'{0x00000006169b6290}: java.lang.invoke.DirectMethodHandle$Holder.invokeStatic(Ljava/lang/Object;Ljava/lang/Object;Ljava/lang/Object;Ljava/lang/Object;I)Ljava/lang/Object;> (0x00000006169b6290) thrown at [c:/tools/
Event: 5.758 Thread 0x0000021bb9e47800 Exception <a 'java/io/FileNotFoundException'{0x000000061575d310}> (0x000000061575d310) thrown at [c:/tools/cygwin/home/Administrator/development/Corretto11Src/src/src/hotspot/share/prims/jni.cpp, line 615]
Event: 24.886 Thread 0x0000021bb9e41000 Exception <a 'java/lang/NoSuchMethodError'{0x00000006113bb5c8}: java.lang.invoke.Invokers$Holder.linkToTargetMethod(Ljava/lang/Object;IIIILjava/lang/Object;)Ljava/lang/Object;> (0x00000006113bb5c8) thrown at [c:/tools/cygwin/home/Administrator/development
Event: 28.309 Thread 0x0000021bbb061000 Implicit null exception at 0x0000021b98e4e19d to 0x0000021b98e4e87e
Event: 30.974 Thread 0x0000021bbb061000 Implicit null exception at 0x0000021b98e4c337 to 0x0000021b98e4c40a

Events (10 events):
Event: 30.992 Thread 0x0000021bb6a10000 flushing nmethod 0x0000021b91bbd490
Event: 30.993 Thread 0x0000021bb6a10000 flushing nmethod 0x0000021b91bf5d10
Event: 30.993 Thread 0x0000021bb6a10000 flushing nmethod 0x0000021b91c0e890
Event: 30.993 Thread 0x0000021bb6a10000 flushing nmethod 0x0000021b91c0ec10
Event: 30.993 Thread 0x0000021bb6a10000 flushing nmethod 0x0000021b91c0f990
Event: 30.993 Thread 0x0000021bb6a10000 flushing nmethod 0x0000021b91c10290
Event: 30.994 Thread 0x0000021bb6a10000 flushing nmethod 0x0000021b91dd6190
Event: 30.994 Thread 0x0000021bb6a10000 flushing nmethod 0x0000021b91dd9a10
Event: 30.994 Thread 0x0000021bb6a10000 flushing nmethod 0x0000021b91de4290
Event: 31.004 Thread 0x0000021bb7003800 Thread added: 0x0000021bb7003800


Dynamic libraries:
0x00007ff72bc90000 - 0x00007ff72bcd6000 	E:\x64\java\amazon-corretto-11.0.3.7.1-windows-x64\jdk11.0.3_7\bin\java.exe
0x00007ffa8a130000 - 0x00007ffa8a325000 	C:\Windows\SYSTEM32\ntdll.dll
0x00007ffa88230000 - 0x00007ffa882ed000 	C:\Windows\System32\KERNEL32.DLL
0x00007ffa87d60000 - 0x00007ffa88029000 	C:\Windows\System32\KERNELBASE.dll
0x00007ffa89250000 - 0x00007ffa893f0000 	C:\Windows\System32\USER32.dll
0x00007ffa879d0000 - 0x00007ffa879f2000 	C:\Windows\System32\win32u.dll
0x00007ffa882f0000 - 0x00007ffa8831a000 	C:\Windows\System32\GDI32.dll
0x00007ffa87860000 - 0x00007ffa8796b000 	C:\Windows\System32\gdi32full.dll
0x00007ffa88060000 - 0x00007ffa880fd000 	C:\Windows\System32\msvcp_win.dll
0x00007ffa87ab0000 - 0x00007ffa87bb0000 	C:\Windows\System32\ucrtbase.dll
0x00007ffa708e0000 - 0x00007ffa70b7a000 	C:\Windows\WinSxS\amd64_microsoft.windows.common-controls_6595b64144ccf1df_6.0.19041.1110_none_60b5254171f9507e\COMCTL32.dll
0x00007ffa896c0000 - 0x00007ffa8975e000 	C:\Windows\System32\msvcrt.dll
0x00007ffa89760000 - 0x00007ffa89790000 	C:\Windows\System32\IMM32.DLL
0x00007ffa78ab0000 - 0x00007ffa78ac5000 	E:\x64\java\amazon-corretto-11.0.3.7.1-windows-x64\jdk11.0.3_7\bin\vcruntime140.dll
0x00007ffa62c90000 - 0x00007ffa62d2b000 	E:\x64\java\amazon-corretto-11.0.3.7.1-windows-x64\jdk11.0.3_7\bin\msvcp140.dll
0x00007ffa4dd60000 - 0x00007ffa4e813000 	E:\x64\java\amazon-corretto-11.0.3.7.1-windows-x64\jdk11.0.3_7\bin\server\jvm.dll
0x00007ffa88900000 - 0x00007ffa889ac000 	C:\Windows\System32\ADVAPI32.dll
0x00007ffa88d30000 - 0x00007ffa88dcb000 	C:\Windows\System32\sechost.dll
0x00007ffa88770000 - 0x00007ffa8889a000 	C:\Windows\System32\RPCRT4.dll
0x00007ffa897f0000 - 0x00007ffa897f8000 	C:\Windows\System32\PSAPI.DLL
0x00007ffa83330000 - 0x00007ffa83339000 	C:\Windows\SYSTEM32\WSOCK32.dll
0x00007ffa883a0000 - 0x00007ffa8840b000 	C:\Windows\System32\WS2_32.dll
0x00007ffa82000000 - 0x00007ffa82027000 	C:\Windows\SYSTEM32\WINMM.dll
0x00007ffa87290000 - 0x00007ffa8729a000 	C:\Windows\SYSTEM32\VERSION.dll
0x00007ffa856e0000 - 0x00007ffa856f2000 	C:\Windows\SYSTEM32\kernel.appcore.dll
0x00007ffa789c0000 - 0x00007ffa789d0000 	E:\x64\java\amazon-corretto-11.0.3.7.1-windows-x64\jdk11.0.3_7\bin\verify.dll
0x00007ffa77200000 - 0x00007ffa773e4000 	C:\Windows\SYSTEM32\DBGHELP.DLL
0x00007ffa771d0000 - 0x00007ffa771fc000 	C:\Windows\SYSTEM32\dbgcore.DLL
0x00007ffa88100000 - 0x00007ffa88183000 	C:\Windows\System32\bcryptPrimitives.dll
0x00007ffa74cb0000 - 0x00007ffa74cd8000 	E:\x64\java\amazon-corretto-11.0.3.7.1-windows-x64\jdk11.0.3_7\bin\java.dll
0x00007ffa76210000 - 0x00007ffa76226000 	E:\x64\java\amazon-corretto-11.0.3.7.1-windows-x64\jdk11.0.3_7\bin\zip.dll
0x00007ffa789b0000 - 0x00007ffa789ba000 	E:\x64\java\amazon-corretto-11.0.3.7.1-windows-x64\jdk11.0.3_7\bin\jimage.dll
0x00007ffa89800000 - 0x00007ffa89f3f000 	C:\Windows\System32\SHELL32.dll
0x00007ffa858e0000 - 0x00007ffa86070000 	C:\Windows\SYSTEM32\windows.storage.dll
0x00007ffa88410000 - 0x00007ffa88765000 	C:\Windows\System32\combase.dll
0x00007ffa87100000 - 0x00007ffa8712c000 	C:\Windows\SYSTEM32\Wldp.dll
0x00007ffa88a10000 - 0x00007ffa88abe000 	C:\Windows\System32\SHCORE.dll
0x00007ffa88ac0000 - 0x00007ffa88b15000 	C:\Windows\System32\shlwapi.dll
0x00007ffa877a0000 - 0x00007ffa877bf000 	C:\Windows\SYSTEM32\profapi.dll
0x00007ffa75fa0000 - 0x00007ffa75fb9000 	E:\x64\java\amazon-corretto-11.0.3.7.1-windows-x64\jdk11.0.3_7\bin\net.dll
0x00007ffa7ac80000 - 0x00007ffa7ae6c000 	C:\Windows\SYSTEM32\urlmon.dll
0x00007ffa7f2b0000 - 0x00007ffa7f3b8000 	C:\Windows\SYSTEM32\WINHTTP.dll
0x00007ffa7c900000 - 0x00007ffa7cbb0000 	C:\Windows\SYSTEM32\iertutil.dll
0x00007ffa7d020000 - 0x00007ffa7d048000 	C:\Windows\SYSTEM32\srvcli.dll
0x00007ffa86d00000 - 0x00007ffa86d0c000 	C:\Windows\SYSTEM32\netutils.dll
0x00007ffa86ee0000 - 0x00007ffa86f4a000 	C:\Windows\system32\mswsock.dll
0x00007ffa75490000 - 0x00007ffa754a2000 	E:\x64\java\amazon-corretto-11.0.3.7.1-windows-x64\jdk11.0.3_7\bin\nio.dll
0x00007ffa748c0000 - 0x00007ffa748e5000 	E:\x64\java\amazon-corretto-11.0.3.7.1-windows-x64\jdk11.0.3_7\bin\sunec.dll
0x00007ffa87450000 - 0x00007ffa87468000 	C:\Windows\SYSTEM32\CRYPTSP.dll
0x00007ffa86880000 - 0x00007ffa868b4000 	C:\Windows\system32\rsaenh.dll
0x00007ffa88030000 - 0x00007ffa88057000 	C:\Windows\System32\bcrypt.dll
0x00007ffa87720000 - 0x00007ffa8774e000 	C:\Windows\SYSTEM32\USERENV.dll
0x00007ffa87070000 - 0x00007ffa8707c000 	C:\Windows\SYSTEM32\CRYPTBASE.dll
0x00007ffa86bf0000 - 0x00007ffa86c2b000 	C:\Windows\SYSTEM32\IPHLPAPI.DLL
0x00007ffa88190000 - 0x00007ffa88198000 	C:\Windows\System32\NSI.dll
0x00007ffa81fa0000 - 0x00007ffa81fb7000 	C:\Windows\SYSTEM32\dhcpcsvc6.DLL
0x00007ffa7fe80000 - 0x00007ffa7fe9d000 	C:\Windows\SYSTEM32\dhcpcsvc.DLL
0x00007ffa86c30000 - 0x00007ffa86cfc000 	C:\Windows\SYSTEM32\DNSAPI.dll
0x00007ffa7ef40000 - 0x00007ffa7ef4a000 	C:\Windows\System32\rasadhlp.dll
0x00007ffa7ee70000 - 0x00007ffa7eeef000 	C:\Windows\System32\fwpuclnt.dll
0x00007ffa79b60000 - 0x00007ffa79b8a000 	C:\Users\Administrator\AppData\Local\jintellitype\1.4.0\JIntellitype64.dll
0x00007ffa7d9e0000 - 0x00007ffa7d9ec000 	C:\Windows\SYSTEM32\VCRUNTIME140_1.dll
0x00007ffa851a0000 - 0x00007ffa8523e000 	C:\Windows\system32\uxtheme.dll
0x00007ffa88c10000 - 0x00007ffa88d25000 	C:\Windows\System32\MSCTF.dll
0x00007ffa88b20000 - 0x00007ffa88bed000 	C:\Windows\System32\OLEAUT32.dll
0x0000021b88af0000 - 0x0000021b88af3000 	C:\Users\Administrator\.javacpp\cache\javacpp-1.5.6-windows-x86_64.jar\org\bytedeco\javacpp\windows-x86_64\api-ms-win-crt-locale-l1-1-0.dll
0x0000021b88b00000 - 0x0000021b88b04000 	C:\Users\Administrator\.javacpp\cache\javacpp-1.5.6-windows-x86_64.jar\org\bytedeco\javacpp\windows-x86_64\api-ms-win-crt-string-l1-1-0.dll
0x0000021b88b10000 - 0x0000021b88b14000 	C:\Users\Administrator\.javacpp\cache\javacpp-1.5.6-windows-x86_64.jar\org\bytedeco\javacpp\windows-x86_64\api-ms-win-crt-stdio-l1-1-0.dll
0x0000021b88b20000 - 0x0000021b88b25000 	C:\Users\Administrator\.javacpp\cache\javacpp-1.5.6-windows-x86_64.jar\org\bytedeco\javacpp\windows-x86_64\api-ms-win-crt-math-l1-1-0.dll
0x0000021b88b30000 - 0x0000021b88b33000 	C:\Users\Administrator\.javacpp\cache\javacpp-1.5.6-windows-x86_64.jar\org\bytedeco\javacpp\windows-x86_64\api-ms-win-crt-heap-l1-1-0.dll
0x0000021b88b40000 - 0x0000021b88b43000 	E:\x64\java\amazon-corretto-11.0.3.7.1-windows-x64\jdk11.0.3_7\bin\api-ms-win-core-console-l1-1-0.dll
0x0000021b88b50000 - 0x0000021b88b53000 	E:\x64\java\amazon-corretto-11.0.3.7.1-windows-x64\jdk11.0.3_7\bin\api-ms-win-core-datetime-l1-1-0.dll
0x0000021b88b60000 - 0x0000021b88b63000 	E:\x64\java\amazon-corretto-11.0.3.7.1-windows-x64\jdk11.0.3_7\bin\api-ms-win-core-debug-l1-1-0.dll
0x0000021b88b70000 - 0x0000021b88b74000 	C:\Users\Administrator\.javacpp\cache\javacpp-1.5.6-windows-x86_64.jar\org\bytedeco\javacpp\windows-x86_64\api-ms-win-crt-runtime-l1-1-0.dll
0x0000021bbd190000 - 0x0000021bbd193000 	E:\x64\java\amazon-corretto-11.0.3.7.1-windows-x64\jdk11.0.3_7\bin\api-ms-win-core-errorhandling-l1-1-0.dll
0x0000021bbd1a0000 - 0x0000021bbd1a4000 	E:\x64\java\amazon-corretto-11.0.3.7.1-windows-x64\jdk11.0.3_7\bin\api-ms-win-core-file-l1-1-0.dll
0x0000021bbd1b0000 - 0x0000021bbd1b3000 	E:\x64\java\amazon-corretto-11.0.3.7.1-windows-x64\jdk11.0.3_7\bin\api-ms-win-core-file-l1-2-0.dll
0x0000021bbd1c0000 - 0x0000021bbd1c3000 	E:\x64\java\amazon-corretto-11.0.3.7.1-windows-x64\jdk11.0.3_7\bin\api-ms-win-core-file-l2-1-0.dll
0x0000021bbd1d0000 - 0x0000021bbd1d3000 	E:\x64\java\amazon-corretto-11.0.3.7.1-windows-x64\jdk11.0.3_7\bin\api-ms-win-core-handle-l1-1-0.dll
0x0000021bbd1e0000 - 0x0000021bbd1e3000 	E:\x64\java\amazon-corretto-11.0.3.7.1-windows-x64\jdk11.0.3_7\bin\api-ms-win-core-heap-l1-1-0.dll
0x0000021bbd1f0000 - 0x0000021bbd1f3000 	E:\x64\java\amazon-corretto-11.0.3.7.1-windows-x64\jdk11.0.3_7\bin\api-ms-win-core-interlocked-l1-1-0.dll
0x0000021bbd200000 - 0x0000021bbd204000 	C:\Users\Administrator\.javacpp\cache\javacpp-1.5.6-windows-x86_64.jar\org\bytedeco\javacpp\windows-x86_64\api-ms-win-crt-convert-l1-1-0.dll
0x0000021bbd210000 - 0x0000021bbd213000 	E:\x64\java\amazon-corretto-11.0.3.7.1-windows-x64\jdk11.0.3_7\bin\api-ms-win-core-libraryloader-l1-1-0.dll
0x0000021bbd220000 - 0x0000021bbd223000 	E:\x64\java\amazon-corretto-11.0.3.7.1-windows-x64\jdk11.0.3_7\bin\api-ms-win-core-localization-l1-2-0.dll
0x0000021bbd230000 - 0x0000021bbd233000 	E:\x64\java\amazon-corretto-11.0.3.7.1-windows-x64\jdk11.0.3_7\bin\api-ms-win-core-memory-l1-1-0.dll
0x0000021bbd240000 - 0x0000021bbd243000 	E:\x64\java\amazon-corretto-11.0.3.7.1-windows-x64\jdk11.0.3_7\bin\api-ms-win-core-namedpipe-l1-1-0.dll
0x0000021bbd250000 - 0x0000021bbd253000 	E:\x64\java\amazon-corretto-11.0.3.7.1-windows-x64\jdk11.0.3_7\bin\api-ms-win-core-processenvironment-l1-1-0.dll
0x0000021bbd260000 - 0x0000021bbd263000 	E:\x64\java\amazon-corretto-11.0.3.7.1-windows-x64\jdk11.0.3_7\bin\api-ms-win-core-processthreads-l1-1-0.dll
0x0000021bbd280000 - 0x0000021bbd283000 	C:\Users\Administrator\.javacpp\cache\javacpp-1.5.6-windows-x86_64.jar\org\bytedeco\javacpp\windows-x86_64\api-ms-win-crt-environment-l1-1-0.dll
0x0000021bbd290000 - 0x0000021bbd293000 	E:\x64\java\amazon-corretto-11.0.3.7.1-windows-x64\jdk11.0.3_7\bin\api-ms-win-core-processthreads-l1-1-1.dll
0x0000021bbd2a0000 - 0x0000021bbd2a3000 	E:\x64\java\amazon-corretto-11.0.3.7.1-windows-x64\jdk11.0.3_7\bin\api-ms-win-core-profile-l1-1-0.dll
0x0000021bbd2b0000 - 0x0000021bbd2b3000 	E:\x64\java\amazon-corretto-11.0.3.7.1-windows-x64\jdk11.0.3_7\bin\api-ms-win-core-rtlsupport-l1-1-0.dll
0x0000021bbd2c0000 - 0x0000021bbd2c3000 	E:\x64\java\amazon-corretto-11.0.3.7.1-windows-x64\jdk11.0.3_7\bin\api-ms-win-core-string-l1-1-0.dll
0x0000021bbd2d0000 - 0x0000021bbd2d3000 	E:\x64\java\amazon-corretto-11.0.3.7.1-windows-x64\jdk11.0.3_7\bin\api-ms-win-core-synch-l1-1-0.dll
0x0000021bbd510000 - 0x0000021bbd513000 	E:\x64\java\amazon-corretto-11.0.3.7.1-windows-x64\jdk11.0.3_7\bin\api-ms-win-core-synch-l1-2-0.dll
0x0000021bbd520000 - 0x0000021bbd523000 	C:\Users\Administrator\.javacpp\cache\javacpp-1.5.6-windows-x86_64.jar\org\bytedeco\javacpp\windows-x86_64\api-ms-win-crt-time-l1-1-0.dll
0x0000021bbd530000 - 0x0000021bbd533000 	E:\x64\java\amazon-corretto-11.0.3.7.1-windows-x64\jdk11.0.3_7\bin\api-ms-win-core-sysinfo-l1-1-0.dll
0x0000021bbd2e0000 - 0x0000021bbd2e3000 	E:\x64\java\amazon-corretto-11.0.3.7.1-windows-x64\jdk11.0.3_7\bin\api-ms-win-core-timezone-l1-1-0.dll
0x0000021bbd2f0000 - 0x0000021bbd2f3000 	E:\x64\java\amazon-corretto-11.0.3.7.1-windows-x64\jdk11.0.3_7\bin\api-ms-win-core-util-l1-1-0.dll
0x0000021bbd300000 - 0x0000021bbd303000 	E:\x64\java\amazon-corretto-11.0.3.7.1-windows-x64\jdk11.0.3_7\bin\api-ms-win-crt-conio-l1-1-0.dll
0x0000021bbd310000 - 0x0000021bbd314000 	E:\x64\java\amazon-corretto-11.0.3.7.1-windows-x64\jdk11.0.3_7\bin\api-ms-win-crt-convert-l1-1-0.dll
0x0000021bbd320000 - 0x0000021bbd323000 	E:\x64\java\amazon-corretto-11.0.3.7.1-windows-x64\jdk11.0.3_7\bin\api-ms-win-crt-environment-l1-1-0.dll
0x0000021bbd330000 - 0x0000021bbd333000 	E:\x64\java\amazon-corretto-11.0.3.7.1-windows-x64\jdk11.0.3_7\bin\api-ms-win-crt-filesystem-l1-1-0.dll
0x0000021bbd340000 - 0x0000021bbd343000 	E:\x64\java\amazon-corretto-11.0.3.7.1-windows-x64\jdk11.0.3_7\bin\api-ms-win-crt-heap-l1-1-0.dll
0x0000021bbd350000 - 0x0000021bbd353000 	C:\Users\Administrator\.javacpp\cache\javacpp-1.5.6-windows-x86_64.jar\org\bytedeco\javacpp\windows-x86_64\api-ms-win-crt-filesystem-l1-1-0.dll
0x0000021bbd360000 - 0x0000021bbd363000 	E:\x64\java\amazon-corretto-11.0.3.7.1-windows-x64\jdk11.0.3_7\bin\api-ms-win-crt-locale-l1-1-0.dll
0x0000021bbd370000 - 0x0000021bbd375000 	E:\x64\java\amazon-corretto-11.0.3.7.1-windows-x64\jdk11.0.3_7\bin\api-ms-win-crt-math-l1-1-0.dll
0x0000021bbd380000 - 0x0000021bbd385000 	E:\x64\java\amazon-corretto-11.0.3.7.1-windows-x64\jdk11.0.3_7\bin\api-ms-win-crt-multibyte-l1-1-0.dll
0x0000021bbd390000 - 0x0000021bbd3a0000 	E:\x64\java\amazon-corretto-11.0.3.7.1-windows-x64\jdk11.0.3_7\bin\api-ms-win-crt-private-l1-1-0.dll
0x0000021bbd3a0000 - 0x0000021bbd3a3000 	E:\x64\java\amazon-corretto-11.0.3.7.1-windows-x64\jdk11.0.3_7\bin\api-ms-win-crt-process-l1-1-0.dll
0x0000021bbd3b0000 - 0x0000021bbd3b4000 	E:\x64\java\amazon-corretto-11.0.3.7.1-windows-x64\jdk11.0.3_7\bin\api-ms-win-crt-runtime-l1-1-0.dll
0x0000021bbd3c0000 - 0x0000021bbd3c4000 	E:\x64\java\amazon-corretto-11.0.3.7.1-windows-x64\jdk11.0.3_7\bin\api-ms-win-crt-stdio-l1-1-0.dll
0x0000021bbd3d0000 - 0x0000021bbd3d4000 	E:\x64\java\amazon-corretto-11.0.3.7.1-windows-x64\jdk11.0.3_7\bin\api-ms-win-crt-string-l1-1-0.dll
0x0000021bbd3e0000 - 0x0000021bbd3e3000 	E:\x64\java\amazon-corretto-11.0.3.7.1-windows-x64\jdk11.0.3_7\bin\api-ms-win-crt-time-l1-1-0.dll
0x0000021bbd3f0000 - 0x0000021bbd3f3000 	C:\Users\Administrator\.javacpp\cache\javacpp-1.5.6-windows-x86_64.jar\org\bytedeco\javacpp\windows-x86_64\api-ms-win-crt-utility-l1-1-0.dll
0x0000021bbd400000 - 0x0000021bbd403000 	E:\x64\java\amazon-corretto-11.0.3.7.1-windows-x64\jdk11.0.3_7\bin\api-ms-win-crt-utility-l1-1-0.dll
0x00007ffa61880000 - 0x00007ffa6197c000 	E:\x64\java\amazon-corretto-11.0.3.7.1-windows-x64\jdk11.0.3_7\bin\ucrtbase.dll
0x00007ffa6bf00000 - 0x00007ffa6bf4e000 	C:\Windows\System32\concrt140.dll
0x0000021bbd410000 - 0x0000021bbd415000 	C:\Users\Administrator\.javacpp\cache\javacpp-1.5.6-windows-x86_64.jar\org\bytedeco\javacpp\windows-x86_64\api-ms-win-crt-multibyte-l1-1-0.dll
0x0000021bbd420000 - 0x0000021bbd423000 	C:\Users\Administrator\.javacpp\cache\javacpp-1.5.6-windows-x86_64.jar\org\bytedeco\javacpp\windows-x86_64\api-ms-win-crt-conio-l1-1-0.dll
0x0000021bbd430000 - 0x0000021bbd440000 	C:\Users\Administrator\.javacpp\cache\javacpp-1.5.6-windows-x86_64.jar\org\bytedeco\javacpp\windows-x86_64\api-ms-win-crt-private-l1-1-0.dll
0x0000021bbd440000 - 0x0000021bbd443000 	C:\Users\Administrator\.javacpp\cache\javacpp-1.5.6-windows-x86_64.jar\org\bytedeco\javacpp\windows-x86_64\api-ms-win-crt-process-l1-1-0.dll
0x00007ffa76090000 - 0x00007ffa760b3000 	C:\Users\Administrator\.openjfx\cache\11\prism_d3d.dll
0x00007ffa612e0000 - 0x00007ffa614ae000 	C:\Windows\system32\d3d9.dll
0x00007ffa85320000 - 0x00007ffa8534f000 	C:\Windows\SYSTEM32\dwmapi.dll
0x0000021bbd450000 - 0x0000021bbd453000 	C:\Users\Administrator\.javacpp\cache\javacpp-1.5.6-windows-x86_64.jar\org\bytedeco\javacpp\windows-x86_64\api-ms-win-core-console-l1-2-0.dll
0x00007ffa80c40000 - 0x00007ffa80da7000 	C:\Windows\SYSTEM32\aticfx64.dll
0x00007ffa754c0000 - 0x00007ffa754e1000 	C:\Windows\SYSTEM32\atiu9p64.dll

dbghelp: loaded successfully - version: 4.0.5 - missing functions: none
symbol engine: initialized successfully - sym options: 0x614 - pdb path: .;E:\x64\java\amazon-corretto-11.0.3.7.1-windows-x64\jdk11.0.3_7\bin;C:\Windows\SYSTEM32;C:\Windows\WinSxS\amd64_microsoft.windows.common-controls_6595b64144ccf1df_6.0.19041.1110_none_60b5254171f9507e;E:\x64\java\amazon-corretto-11.0.3.7.1-windows-x64\jdk11.0.3_7\bin\server;C:\Users\Administrator\AppData\Local\jintellitype\1.4.0;C:\Users\Administrator\.javacpp\cache\javacpp-1.5.6-windows-x86_64.jar\org\bytedeco\javacpp\windows-x86_64;C:\Users\Administrator\.openjfx\cache\11;C:\Users\Administrator\.javacpp\cache\openblas-0.3.17-1.5.6-windows-x86_64.jar\org\bytedeco\openblas\windows-x86_64;C:\Users\Administrator\.javacpp\cache\opencv-4.5.3-1.5.6-windows-x86_64.jar\org\bytedeco\opencv\windows-x86_64

VM Arguments:
java_command: gd.robot.akka.mainapp.HttpServerRoutingMinimal
java_class_path (initial): E:\pro\workspace\desu-video\target\bg-jobs\sbt_28049ca4\job-9\target\bfbe8166\e37544ad\grim-dawn_2.13-0.1.0-SNAPSHOT.jar;E:\pro\workspace\desu-video\target\bg-jobs\sbt_28049ca4\target\f32e0569\0430c955\desu-video-common_2.13-0.1.0-SNAPSHOT.jar;E:\pro\workspace\desu-video\target\bg-jobs\sbt_28049ca4\target\52c6025f\184a7a50\scala-library-2.13.6.jar;E:\pro\workspace\desu-video\target\bg-jobs\sbt_28049ca4\target\147109f1\d8926a4e\twirl-api_2.13-1.5.1.jar;E:\pro\workspace\desu-video\target\bg-jobs\sbt_28049ca4\target\4a1e8167\49f89a5e\akka-actor-typed_2.13-2.6.16.jar;E:\pro\workspace\desu-video\target\bg-jobs\sbt_28049ca4\target\a66889c5\d37fb9e7\akka-stream_2.13-2.6.16.jar;E:\pro\workspace\desu-video\target\bg-jobs\sbt_28049ca4\target\6e256a11\af41931e\akka-http_2.13-10.2.6.jar;E:\pro\workspace\desu-video\target\bg-jobs\sbt_28049ca4\target\d746975a\12088939\akka-http-circe_2.13-1.37.0.jar;E:\pro\workspace\desu-video\target\bg-jobs\sbt_28049ca4\target\018107f1\d8960a85\akka-stream-testkit_2.13-2.6.16.jar;E:\pro\workspace\desu-video\target\bg-jobs\sbt_28049ca4\target\9d4d7e7c\63929f05\akka-http-testkit_2.13-10.2.6.jar;E:\pro\workspace\desu-video\target\bg-jobs\sbt_28049ca4\target\9a74f7c6\45707c1a\util_2.13-2.4.1.jar;E:\pro\workspace\desu-video\target\bg-jobs\sbt_28049ca4\target\06dad933\6020002f\proxy_2.13-2.4.1.jar;E:\pro\workspace\desu-video\target\bg-jobs\sbt_28049ca4\target\a992377a\0328e0d7\scalactic_2.13-3.2.9.jar;E:\pro\workspace\desu-video\target\bg-jobs\sbt_28049ca4\target\c23a2942\ab106e36\slf4j-simple-1.7.31.jar;E:\pro\workspace\desu-video\target\bg-jobs\sbt_28049ca4\target\86881ae4\19cd3d48\jintellitype-1.4.0.jar;E:\pro\workspace\desu-video\target\bg-jobs\sbt_28049ca4\target\fa94a9cb\3276937f\thumbnailator-0.4.14.jar;E:\pro\workspace\desu-video\target\bg-jobs\sbt_28049ca4\target\b1d7dacd\58fa9571\javacv-platform-1.5.6.jar;E:\pro\workspace\desu-video\target\bg-jobs\sbt_28049ca4\target\dda26119\840e6fb6\javafx-swing-11.jar;E:\pro\w
Launcher Type: SUN_STANDARD

[Global flags]
     intx CICompilerCount                          = 4                                         {product} {ergonomic}
     uint ConcGCThreads                            = 2                                         {product} {ergonomic}
     uint G1ConcRefinementThreads                  = 8                                         {product} {ergonomic}
   size_t G1HeapRegionSize                         = 2097152                                   {product} {ergonomic}
    uintx GCDrainStackTargetSize                   = 64                                        {product} {ergonomic}
   size_t InitialHeapSize                          = 536870912                                 {product} {ergonomic}
   size_t MarkStackSize                            = 4194304                                   {product} {ergonomic}
   size_t MaxHeapSize                              = 8581545984                                {product} {ergonomic}
   size_t MaxNewSize                               = 5148508160                                {product} {ergonomic}
   size_t MinHeapDeltaBytes                        = 2097152                                   {product} {ergonomic}
    uintx NonNMethodCodeHeapSize                   = 5835340                                {pd product} {ergonomic}
    uintx NonProfiledCodeHeapSize                  = 122911450                              {pd product} {ergonomic}
    uintx ProfiledCodeHeapSize                     = 122911450                              {pd product} {ergonomic}
    uintx ReservedCodeCacheSize                    = 251658240                              {pd product} {ergonomic}
     bool SegmentedCodeCache                       = true                                      {product} {ergonomic}
     bool UseCompressedClassPointers               = true                                 {lp64_product} {ergonomic}
     bool UseCompressedOops                        = true                                 {lp64_product} {ergonomic}
     bool UseG1GC                                  = true                                      {product} {ergonomic}
     bool UseLargePagesIndividualAllocation        = false                                  {pd product} {ergonomic}

Logging:
Log output configuration:
 #0: stdout all=warning uptime,level,tags
 #1: stderr all=off uptime,level,tags

Environment Variables:
JAVA_HOME=E:\x64\java\amazon-corretto-11.0.3.7.1-windows-x64\jdk11.0.3_7
CLASSPATH=E:\pro\workspace\desu-video\target\bg-jobs\sbt_28049ca4\job-9\target\bfbe8166\e37544ad\grim-dawn_2.13-0.1.0-SNAPSHOT.jar;E:\pro\workspace\desu-video\target\bg-jobs\sbt_28049ca4\target\f32e0569\0430c955\desu-video-common_2.13-0.1.0-SNAPSHOT.jar;E:\pro\workspace\desu-video\target\bg-jobs\sbt_28049ca4\target\52c6025f\184a7a50\scala-library-2.13.6.jar;E:\pro\workspace\desu-video\target\bg-jobs\sbt_28049ca4\target\147109f1\d8926a4e\twirl-api_2.13-1.5.1.jar;E:\pro\workspace\desu-video\target\bg-jobs\sbt_28049ca4\target\4a1e8167\49f89a5e\akka-actor-typed_2.13-2.6.16.jar;E:\pro\workspace\desu-video\target\bg-jobs\sbt_28049ca4\target\a66889c5\d37fb9e7\akka-stream_2.13-2.6.16.jar;E:\pro\workspace\desu-video\target\bg-jobs\sbt_28049ca4\target\6e256a11\af41931e\akka-http_2.13-10.2.6.jar;E:\pro\workspace\desu-video\target\bg-jobs\sbt_28049ca4\target\d746975a\12088939\akka-http-circe_2.13-1.37.0.jar;E:\pro\workspace\desu-video\target\bg-jobs\sbt_28049ca4\target\018107f1\d8960a85\akka-stream-testkit_2.13-2.6.16.jar;E:\pro\workspace\desu-video\target\bg-jobs\sbt_28049ca4\target\9d4d7e7c\63929f05\akka-http-testkit_2.13-10.2.6.jar;E:\pro\workspace\desu-video\target\bg-jobs\sbt_28049ca4\target\9a74f7c6\45707c1a\util_2.13-2.4.1.jar;E:\pro\workspace\desu-video\target\bg-jobs\sbt_28049ca4\target\06dad933\6020002f\proxy_2.13-2.4.1.jar;E:\pro\workspace\desu-video\target\bg-jobs\sbt_28049ca4\target\a992377a\0328e0d7\scalactic_2.13-3.2.9.jar;E:\pro\workspace\desu-video\target\bg-jobs\sbt_28049ca4\target\c23a2942\ab106e36\slf4j-simple-1.7.31.jar;E:\pro\workspace\desu-video\target\bg-jobs\sbt_28049ca4\target\86881ae4\19cd3d48\jintellitype-1.4.0.jar;E:\pro\workspace\desu-video\target\bg-jobs\sbt_28049ca4\target\fa94a9cb\3276937f\thumbnailator-0.4.14.jar;E:\pro\workspace\desu-video\target\bg-jobs\sbt_28049ca4\target\b1d7dacd\58fa9571\javacv-platform-1.5.6.jar;E:\pro\workspace\desu-video\target\bg-jobs\sbt_28049ca4\target\dda26119\840e6fb6\javafx-swing-11.jar;E:\pro\workspace\desu-video\target\
PATH=C:\Python39\Scripts\;C:\Python39\;C:\Windows\system32;C:\Windows;C:\Windows\System32\Wbem;C:\Windows\System32\WindowsPowerShell\v1.0\;C:\Program Files\Git\cmd;C:\Program Files\nodejs\;C:\ProgramData\chocolatey\bin;E:\x64\Microsoft VS Code\bin;C:\Program Files\Git\usr\bin;C:\Users\Administrator\AppData\Local\Microsoft\WindowsApps;E:\x64\java\amazon-corretto-11.0.3.7.1-windows-x64\jdk11.0.3_7\bin;C:\Users\Administrator\AppData\Roaming\npm
USERNAME=Administrator
OS=Windows_NT
PROCESSOR_IDENTIFIER=AMD64 Family 21 Model 2 Stepping 0, AuthenticAMD



---------------  S Y S T E M  ---------------

OS: Windows 10 , 64 bit Build 19041 (10.0.19041.1151)

CPU:total 8 (initial active 8) (8 cores per cpu, 1 threads per core) family 21 model 2 stepping 0, cmov, cx8, fxsr, mmx, sse, sse2, sse3, ssse3, sse4.1, sse4.2, popcnt, avx, aes, clmul, mmxext, 3dnowpref, lzcnt, sse4a, tsc, tscinvbit, tscinv, bmi1, fma

Memory: 4k page, system-wide physical 32732M (23785M free)
TotalPageFile size 34908M (AvailPageFile size 21302M)
current process WorkingSet (physical memory assigned to process): 562M, peak: 623M
current process commit charge ("private bytes"): 2629M, peak: 2690M

vm_info: OpenJDK 64-Bit Server VM (11.0.3+7-LTS) for windows-amd64 JRE (11.0.3+7-LTS), built on Apr  6 2019 05:21:17 by "Administrator" with unknown MS VC++:1916

END.
