#
# A fatal error has been detected by the Java Runtime Environment:
#
#  EXCEPTION_ACCESS_VIOLATION (0xc0000005) at pc=0x00007ffbe2b30b40, pid=6412, tid=10968
#
# JRE version: OpenJDK Runtime Environment (11.0.3+7) (build 11.0.3+7-LTS)
# Java VM: OpenJDK 64-Bit Server VM (11.0.3+7-LTS, mixed mode, tiered, compressed oops, g1 gc, windows-amd64)
# Problematic frame:
# C  0x00007ffbe2b30b40
#
# No core dump will be written. Minidumps are not enabled by default on client versions of Windows
#
# If you would like to submit a bug report, please visit:
#   http://bugreport.java.com/bugreport/crash.jsp
# The crash happened outside the Java Virtual Machine in native code.
# See problematic frame for where to report the bug.
#

---------------  S U M M A R Y ------------

Command Line: gd.robot.akka.ui.HelloStageDemo

Host: AMD FX(tm)-8350 Eight-Core Processor           , 8 cores, 31G,  Windows 10 , 64 bit Build 19041 (10.0.19041.1348)
Time: Fri Dec 10 04:51:16 2021 中国标准时间 elapsed time: 63 seconds (0d 0h 1m 3s)

---------------  T H R E A D  ---------------

Current thread (0x00000249a0b00800):  JavaThread "my-system-akka.actor.default-blocking-io-dispatcher-29" [_thread_in_native, id=10968, stack(0x000000c432700000,0x000000c432800000)]

Stack: [0x000000c432700000,0x000000c432800000],  sp=0x000000c4327fd5f0,  free space=1013k
Native frames: (J=compiled Java code, j=interpreted, Vv=VM code, C=native code)
C  0x00007ffbe2b30b40

Java frames: (J=compiled Java code, j=interpreted, Vv=VM code)
J 4506  org.bytedeco.opencv.global.opencv_imgproc.cvMatchTemplate(Lorg/bytedeco/opencv/opencv_core/CvArr;Lorg/bytedeco/opencv/opencv_core/CvArr;Lorg/bytedeco/opencv/opencv_core/CvArr;I)V (0 bytes) @ 0x0000024987dc4bd4 [0x0000024987dc4b40+0x0000000000000094]
J 4504 c1 gd.robot.akka.utils.ImageUtils$.$anonfun$matchImg$4(Lorg/bytedeco/opencv/opencv_core/IplImage;Lorg/bytedeco/opencv/opencv_core/IplImage;Lorg/bytedeco/opencv/opencv_core/IplImage;)Lscala/Option; (57 bytes) @ 0x0000024980ed0984 [0x0000024980ed08e0+0x00000000000000a4]
J 4503 c1 gd.robot.akka.utils.ImageUtils$$$Lambda$602.apply(Ljava/lang/Object;)Ljava/lang/Object; (16 bytes) @ 0x0000024980ed03e4 [0x0000024980ed0260+0x0000000000000184]
J 4271 c1 scala.util.Using$.resource(Ljava/lang/Object;Lscala/Function1;Lscala/util/Using$Releasable;)Ljava/lang/Object; (137 bytes) @ 0x0000024980e6c85c [0x0000024980e6c700+0x000000000000015c]
J 4388 c1 gd.robot.akka.utils.ImageUtils$$$Lambda$601.apply(Ljava/lang/Object;Ljava/lang/Object;)Ljava/lang/Object; (12 bytes) @ 0x0000024980e99eac [0x0000024980e99680+0x000000000000082c]
J 4387 c1 scala.util.Using$.resources(Ljava/lang/Object;Lscala/Function0;Lscala/Function2;Lscala/util/Using$Releasable;Lscala/util/Using$Releasable;)Ljava/lang/Object; (305 bytes) @ 0x0000024980e9793c [0x0000024980e976e0+0x000000000000025c]
J 4517 c1 gd.robot.akka.utils.ImageUtils$.matchImg([B[B)Lscala/Option; (50 bytes) @ 0x0000024980ed72b4 [0x0000024980ed6ae0+0x00000000000007d4]
J 4385 c1 gd.robot.akka.utils.ImageUtils$$Lambda$590.apply()Ljava/lang/Object; (12 bytes) @ 0x0000024980e96bac [0x0000024980e96ae0+0x00000000000000cc]
J 4270 c1 scala.concurrent.Future$$$Lambda$227.apply(Ljava/lang/Object;)Ljava/lang/Object; (12 bytes) @ 0x0000024980e6c21c [0x0000024980e6bfe0+0x000000000000023c]
J 4018 c1 scala.concurrent.impl.Promise$Transformation.run()V (527 bytes) @ 0x0000024980dde9c4 [0x0000024980ddb760+0x0000000000003264]
J 4171 c1 akka.dispatch.BatchingExecutor$AbstractBatch.processBatch(Lakka/dispatch/BatchingExecutor$AbstractBatch;)V (48 bytes) @ 0x0000024980e3886c [0x0000024980e38340+0x000000000000052c]
J 4170 c1 akka.dispatch.BatchingExecutor$BlockableBatch.$anonfun$run$1(Lakka/dispatch/BatchingExecutor$BlockableBatch;Z)V (82 bytes) @ 0x0000024980e39b64 [0x0000024980e39b00+0x0000000000000064]
J 4169 c1 akka.dispatch.BatchingExecutor$BlockableBatch$$Lambda$230.apply$mcV$sp()V (12 bytes) @ 0x0000024980e396c4 [0x0000024980e39640+0x0000000000000084]
J 4081 c1 scala.runtime.java8.JFunction0$mcV$sp.apply()Ljava/lang/Object; (10 bytes) @ 0x0000024980e08064 [0x0000024980e07f60+0x0000000000000104]
J 4174 c1 scala.concurrent.BlockContext$.withBlockContext(Lscala/concurrent/BlockContext;Lscala/Function0;)Ljava/lang/Object; (58 bytes) @ 0x0000024980e3ce5c [0x0000024980e3c760+0x00000000000006fc]
J 4104 c1 akka.dispatch.BatchingExecutor$BlockableBatch.run()V (101 bytes) @ 0x0000024980e18dfc [0x0000024980e17da0+0x000000000000105c]
J 4152 c1 akka.dispatch.TaskInvocation.run()V (115 bytes) @ 0x0000024980e3026c [0x0000024980e30140+0x000000000000012c]
j  java.util.concurrent.ThreadPoolExecutor.runWorker(Ljava/util/concurrent/ThreadPoolExecutor$Worker;)V+92 java.base@11.0.3
j  java.util.concurrent.ThreadPoolExecutor$Worker.run()V+5 java.base@11.0.3
j  java.lang.Thread.run()V+11 java.base@11.0.3
v  ~StubRoutines::call_stub

siginfo: EXCEPTION_ACCESS_VIOLATION (0xc0000005), reading address 0x0000024a3b1fabca


Register to memory mapping:

RIP=0x00007ffbe2b30b40 points into unknown readable memory: 0f b6 04 3a 66 0f 6e c0
RAX=0x0 is NULL
RBX=0x0000024a38602748 points into unknown readable memory: 00 00 00 00 00 00 00 00
RCX=0x0000024a38600a80 points into unknown readable memory: 00 00 00 00 00 00 00 00
RDX=0x000000000000011a is an unknown value
RSP=0x000000c4327fd5f0 is pointing into the stack for thread: 0x00000249a0b00800
RBP=0x0000000000000003 is an unknown value
RSI=0x0000024a38f177c8 points into unknown readable memory: 00 00 00 00 00 00 00 00
RDI=0x0000024a3b1faab0 is an unknown value
R8 =0x0000000000002598 is an unknown value
R9 =0x0000000000915080 is an unknown value
R10=0x0000000000917618 is an unknown value
R11=0x0000000000000018 is an unknown value
R12=0x0 is NULL
R13=0x0000000000000003 is an unknown value
R14=0x00000000000004b0 is an unknown value
R15=0xfffffffffffffffd is an unknown value


Registers:
RAX=0x0000000000000000, RBX=0x0000024a38602748, RCX=0x0000024a38600a80, RDX=0x000000000000011a
RSP=0x000000c4327fd5f0, RBP=0x0000000000000003, RSI=0x0000024a38f177c8, RDI=0x0000024a3b1faab0
R8 =0x0000000000002598, R9 =0x0000000000915080, R10=0x0000000000917618, R11=0x0000000000000018
R12=0x0000000000000000, R13=0x0000000000000003, R14=0x00000000000004b0, R15=0xfffffffffffffffd
RIP=0x00007ffbe2b30b40, EFLAGS=0x0000000000010287

Top of Stack: (sp=0x000000c4327fd5f0)
0x000000c4327fd5f0:   0000000000000000 00007ffc223ff2c7
0x000000c4327fd600:   00000249eb2002c0 000000c4327fd929
0x000000c4327fd610:   0000000000000003 000000000000003b
0x000000c4327fd620:   00000000000004ad 0000000000002580
0x000000c4327fd630:   0000000000002580 00000000000004b0
0x000000c4327fd640:   00000249000004b0 00000000000004b3
0x000000c4327fd650:   00000000000004b3 000000000000c7de
0x000000c4327fd660:   0000006400000000 000000000000ed55
0x000000c4327fd670:   0000000200000000 0000024a38eb4ca0
0x000000c4327fd680:   0000000000000000 0000000000000001
0x000000c4327fd690:   0000024a38eb4c90 00000000000000e6
0x000000c4327fd6a0:   000000000000c7de 0000000000000000
0x000000c4327fd6b0:   0000000000000001 00000000000004b0
0x000000c4327fd6c0:   0000000000000011 0000000000000190
0x000000c4327fd6d0:   0000024a38eb4c90 000002492708c7e8
0x000000c4327fd6e0:   0000000000000000 0000024a3bc18010 

Instructions: (pc=0x00007ffbe2b30b40)
0x00007ffbe2b30b20:   cb 49 2b c8 4d 2b ca 49 c1 e1 03 4c 2b cb 4c 03
0x00007ffbe2b30b30:   ce 4d 8b d0 4c 2b d3 4c 03 d6 66 0f 1f 44 00 00
0x00007ffbe2b30b40:   0f b6 04 3a 66 0f 6e c0 f3 0f e6 c0 f2 0f 58 d0
0x00007ffbe2b30b50:   f2 0f 59 c0 f2 0f 58 d8 0f 28 cb f2 41 0f 58 0c 


Stack slot to memory mapping:
stack at sp + 0 slots: 0x0 is NULL
stack at sp + 1 slots: 0x00007ffc223ff2c7 ntdll.dll
stack at sp + 2 slots: 0x00000249eb2002c0 points into unknown readable memory: 70 8e 53 22 fc 7f 00 00
stack at sp + 3 slots: 0x000000c4327fd929 is pointing into the stack for thread: 0x00000249a0b00800
stack at sp + 4 slots: 0x0000000000000003 is an unknown value
stack at sp + 5 slots: 0x000000000000003b is an unknown value
stack at sp + 6 slots: 0x00000000000004ad is an unknown value
stack at sp + 7 slots: 0x0000000000002580 is an unknown value


---------------  P R O C E S S  ---------------

Threads class SMR info:
_java_thread_list=0x00000249ffcc4730, length=78, elements={
0x00000249ed44d000, 0x00000249fc248800, 0x00000249fc252000, 0x00000249fc2b3800,
0x00000249fc2b5800, 0x00000249fc2b7000, 0x00000249fc2c3000, 0x00000249fc2ec800,
0x00000249fc5a3000, 0x00000249fc40f000, 0x00000249fcc07800, 0x00000249fd4b3800,
0x00000249fd96a800, 0x00000249ff1d4000, 0x00000249ff816800, 0x00000249a0c84000,
0x00000249ff81b800, 0x00000249ff81c000, 0x00000249ff81d000, 0x00000249ff81e000,
0x00000249ff81f800, 0x00000249ff81e800, 0x00000249ff81a800, 0x00000249a0af4800,
0x00000249a0af9800, 0x00000249a0afb000, 0x00000249a0af7000, 0x00000249a0af5800,
0x00000249a0afd800, 0x00000249a0af8800, 0x00000249a0af7800, 0x00000249a0afc000,
0x00000249a0af6000, 0x00000249a0afe800, 0x00000249a0afc800, 0x00000249a0aff000,
0x00000249a0b00000, 0x00000249a0afa000, 0x00000249a0b03000, 0x00000249a0b02800,
0x00000249a0b01800, 0x00000249a0b00800, 0x00000249ff819800, 0x00000249ff820800,
0x00000249ff85f800, 0x00000249ff864800, 0x00000249ff85e800, 0x00000249ff865800,
0x00000249ff866000, 0x00000249ff860800, 0x00000249ff867000, 0x00000249ff861000,
0x00000249ff867800, 0x00000249ff862000, 0x00000249ff868800, 0x00000249ff863800,
0x00000249ff863000, 0x00000249ff86d800, 0x00000249ff869800, 0x00000249ff86a000,
0x00000249ff86b000, 0x00000249ff86c000, 0x00000249ff86c800, 0x00000249febaf800,
0x00000249feba9800, 0x00000249febb0000, 0x00000249febae800, 0x00000249febab000,
0x00000249febac000, 0x00000249febad000, 0x00000249febaa800, 0x00000249febb1000,
0x00000249febad800, 0x00000249febb6000, 0x00000249febb5000, 0x00000249febb7800,
0x00000249febb6800, 0x00000249febb1800
}

Java Threads: ( => current thread )
  0x00000249ed44d000 JavaThread "main" [_thread_blocked, id=11052, stack(0x000000c42d200000,0x000000c42d300000)]
  0x00000249fc248800 JavaThread "Reference Handler" daemon [_thread_blocked, id=5660, stack(0x000000c42d900000,0x000000c42da00000)]
  0x00000249fc252000 JavaThread "Finalizer" daemon [_thread_blocked, id=11324, stack(0x000000c42da00000,0x000000c42db00000)]
  0x00000249fc2b3800 JavaThread "Signal Dispatcher" daemon [_thread_blocked, id=12236, stack(0x000000c42db00000,0x000000c42dc00000)]
  0x00000249fc2b5800 JavaThread "Attach Listener" daemon [_thread_blocked, id=7932, stack(0x000000c42dc00000,0x000000c42dd00000)]
  0x00000249fc2b7000 JavaThread "C2 CompilerThread0" daemon [_thread_blocked, id=12756, stack(0x000000c42dd00000,0x000000c42de00000)]
  0x00000249fc2c3000 JavaThread "C1 CompilerThread0" daemon [_thread_blocked, id=6408, stack(0x000000c42de00000,0x000000c42df00000)]
  0x00000249fc2ec800 JavaThread "Sweeper thread" daemon [_thread_blocked, id=11648, stack(0x000000c42df00000,0x000000c42e000000)]
  0x00000249fc5a3000 JavaThread "Service Thread" daemon [_thread_blocked, id=8392, stack(0x000000c42e000000,0x000000c42e100000)]
  0x00000249fc40f000 JavaThread "Common-Cleaner" daemon [_thread_blocked, id=3500, stack(0x000000c42e200000,0x000000c42e300000)]
  0x00000249fcc07800 JavaThread "my-system-scheduler-1" [_thread_blocked, id=136, stack(0x000000c42ec00000,0x000000c42ed00000)]
  0x00000249fd4b3800 JavaThread "my-system-akka.actor.default-dispatcher-3" [_thread_blocked, id=9816, stack(0x000000c42ee00000,0x000000c42ef00000)]
  0x00000249fd96a800 JavaThread "my-system-akka.actor.internal-dispatcher-4" [_thread_blocked, id=12548, stack(0x000000c42ef00000,0x000000c42f000000)]
  0x00000249ff1d4000 JavaThread "my-system-akka.actor.default-dispatcher-5" [_thread_blocked, id=8736, stack(0x000000c42f000000,0x000000c42f100000)]
  0x00000249ff816800 JavaThread "JavaFX-Launcher" [_thread_blocked, id=12932, stack(0x000000c42f200000,0x000000c42f300000)]
  0x00000249a0c84000 JavaThread "my-system-akka.actor.default-dispatcher-6" [_thread_blocked, id=7572, stack(0x000000c42f300000,0x000000c42f400000)]
  0x00000249ff81b800 JavaThread "my-system-akka.actor.default-dispatcher-7" [_thread_blocked, id=11620, stack(0x000000c42f400000,0x000000c42f500000)]
  0x00000249ff81c000 JavaThread "my-system-akka.actor.default-dispatcher-8" [_thread_blocked, id=9444, stack(0x000000c42f500000,0x000000c42f600000)]
  0x00000249ff81d000 JavaThread "my-system-akka.actor.default-dispatcher-9" [_thread_blocked, id=13272, stack(0x000000c42f600000,0x000000c42f700000)]
  0x00000249ff81e000 JavaThread "Thread-1" [_thread_in_native, id=4912, stack(0x000000c42f800000,0x000000c42f900000)]
  0x00000249ff81f800 JavaThread "my-system-akka.actor.default-dispatcher-11" [_thread_blocked, id=8368, stack(0x000000c42f900000,0x000000c42fa00000)]
  0x00000249ff81e800 JavaThread "QuantumRenderer-0" daemon [_thread_blocked, id=6232, stack(0x000000c42fa00000,0x000000c42fb00000)]
  0x00000249ff81a800 JavaThread "InvokeLaterDispatcher" daemon [_thread_blocked, id=1748, stack(0x000000c42fe00000,0x000000c42ff00000)]
  0x00000249a0af4800 JavaThread "JavaFX Application Thread" [_thread_in_native, id=10088, stack(0x000000c42ff00000,0x000000c430000000)]
  0x00000249a0af9800 JavaThread "Thread-3" daemon [_thread_in_native, id=12632, stack(0x000000c430600000,0x000000c430700000)]
  0x00000249a0afb000 JavaThread "Prism Font Disposer" daemon [_thread_blocked, id=11436, stack(0x000000c42eb00000,0x000000c42ec00000)]
  0x00000249a0af7000 JavaThread "my-system-akka.actor.default-blocking-io-dispatcher-15" [_thread_blocked, id=8312, stack(0x000000c430c00000,0x000000c430d00000)]
  0x00000249a0af5800 JavaThread "Cleaner-0" daemon [_thread_blocked, id=3508, stack(0x000000c430d00000,0x000000c430e00000)]
  0x00000249a0afd800 JavaThread "my-system-akka.actor.default-blocking-io-dispatcher-17" [_thread_blocked, id=9008, stack(0x000000c430f00000,0x000000c431000000)]
  0x00000249a0af8800 JavaThread "JavaCPP Deallocator" daemon [_thread_blocked, id=9652, stack(0x000000c431000000,0x000000c431100000)]
  0x00000249a0af7800 JavaThread "my-system-desu-dispatcher-18" [_thread_blocked, id=4600, stack(0x000000c431800000,0x000000c431900000)]
  0x00000249a0afc000 JavaThread "my-system-desu-dispatcher-19" [_thread_blocked, id=1620, stack(0x000000c431d00000,0x000000c431e00000)]
  0x00000249a0af6000 JavaThread "my-system-desu-dispatcher-20" [_thread_blocked, id=10860, stack(0x000000c431e00000,0x000000c431f00000)]
  0x00000249a0afe800 JavaThread "my-system-desu-dispatcher-21" [_thread_blocked, id=4784, stack(0x000000c431f00000,0x000000c432000000)]
  0x00000249a0afc800 JavaThread "my-system-akka.actor.default-blocking-io-dispatcher-22" [_thread_blocked, id=9728, stack(0x000000c432000000,0x000000c432100000)]
  0x00000249a0aff000 JavaThread "my-system-desu-dispatcher-23" [_thread_blocked, id=4480, stack(0x000000c432100000,0x000000c432200000)]
  0x00000249a0b00000 JavaThread "my-system-akka.actor.default-blocking-io-dispatcher-24" [_thread_blocked, id=11244, stack(0x000000c432200000,0x000000c432300000)]
  0x00000249a0afa000 JavaThread "my-system-desu-dispatcher-25" [_thread_blocked, id=10236, stack(0x000000c432300000,0x000000c432400000)]
  0x00000249a0b03000 JavaThread "my-system-desu-dispatcher-26" [_thread_blocked, id=9464, stack(0x000000c432400000,0x000000c432500000)]
  0x00000249a0b02800 JavaThread "my-system-desu-dispatcher-27" [_thread_blocked, id=5568, stack(0x000000c432500000,0x000000c432600000)]
  0x00000249a0b01800 JavaThread "my-system-desu-dispatcher-28" [_thread_blocked, id=2348, stack(0x000000c432600000,0x000000c432700000)]
=>0x00000249a0b00800 JavaThread "my-system-akka.actor.default-blocking-io-dispatcher-29" [_thread_in_native, id=10968, stack(0x000000c432700000,0x000000c432800000)]
  0x00000249ff819800 JavaThread "my-system-desu-dispatcher-30" [_thread_blocked, id=11012, stack(0x000000c432900000,0x000000c432a00000)]
  0x00000249ff820800 JavaThread "my-system-akka.actor.default-blocking-io-dispatcher-31" [_thread_blocked, id=12752, stack(0x000000c432a00000,0x000000c432b00000)]
  0x00000249ff85f800 JavaThread "my-system-desu-dispatcher-32" [_thread_blocked, id=10036, stack(0x000000c432b00000,0x000000c432c00000)]
  0x00000249ff864800 JavaThread "my-system-desu-dispatcher-33" [_thread_blocked, id=11768, stack(0x000000c430a00000,0x000000c430b00000)]
  0x00000249ff85e800 JavaThread "my-system-desu-dispatcher-34" [_thread_blocked, id=3572, stack(0x000000c432800000,0x000000c432900000)]
  0x00000249ff865800 JavaThread "my-system-desu-dispatcher-35" [_thread_blocked, id=10972, stack(0x000000c432c00000,0x000000c432d00000)]
  0x00000249ff866000 JavaThread "my-system-akka.actor.default-blocking-io-dispatcher-36" [_thread_in_native, id=9680, stack(0x000000c432d00000,0x000000c432e00000)]
  0x00000249ff860800 JavaThread "my-system-desu-dispatcher-37" [_thread_blocked, id=12804, stack(0x000000c432e00000,0x000000c432f00000)]
  0x00000249ff867000 JavaThread "my-system-akka.actor.default-blocking-io-dispatcher-38" [_thread_blocked, id=9524, stack(0x000000c432f00000,0x000000c433000000)]
  0x00000249ff861000 JavaThread "my-system-desu-dispatcher-39" [_thread_blocked, id=11348, stack(0x000000c433000000,0x000000c433100000)]
  0x00000249ff867800 JavaThread "my-system-desu-dispatcher-40" [_thread_blocked, id=1820, stack(0x000000c433100000,0x000000c433200000)]
  0x00000249ff862000 JavaThread "my-system-desu-dispatcher-41" [_thread_blocked, id=700, stack(0x000000c433200000,0x000000c433300000)]
  0x00000249ff868800 JavaThread "my-system-desu-dispatcher-42" [_thread_blocked, id=3168, stack(0x000000c433300000,0x000000c433400000)]
  0x00000249ff863800 JavaThread "my-system-akka.actor.default-blocking-io-dispatcher-43" [_thread_blocked, id=4616, stack(0x000000c433400000,0x000000c433500000)]
  0x00000249ff863000 JavaThread "my-system-desu-dispatcher-44" [_thread_blocked, id=6724, stack(0x000000c433500000,0x000000c433600000)]
  0x00000249ff86d800 JavaThread "my-system-akka.actor.default-blocking-io-dispatcher-45" [_thread_blocked, id=8572, stack(0x000000c433600000,0x000000c433700000)]
  0x00000249ff869800 JavaThread "my-system-desu-dispatcher-46" [_thread_blocked, id=12716, stack(0x000000c433700000,0x000000c433800000)]
  0x00000249ff86a000 JavaThread "my-system-desu-dispatcher-47" [_thread_blocked, id=12248, stack(0x000000c433800000,0x000000c433900000)]
  0x00000249ff86b000 JavaThread "my-system-desu-dispatcher-48" [_thread_blocked, id=8020, stack(0x000000c433900000,0x000000c433a00000)]
  0x00000249ff86c000 JavaThread "my-system-desu-dispatcher-49" [_thread_blocked, id=7828, stack(0x000000c433a00000,0x000000c433b00000)]
  0x00000249ff86c800 JavaThread "my-system-akka.actor.default-blocking-io-dispatcher-50" [_thread_blocked, id=13164, stack(0x000000c433b00000,0x000000c433c00000)]
  0x00000249febaf800 JavaThread "my-system-desu-dispatcher-51" [_thread_blocked, id=11328, stack(0x000000c433c00000,0x000000c433d00000)]
  0x00000249feba9800 JavaThread "my-system-akka.actor.default-blocking-io-dispatcher-52" [_thread_in_native, id=5784, stack(0x000000c433d00000,0x000000c433e00000)]
  0x00000249febb0000 JavaThread "my-system-desu-dispatcher-53" [_thread_blocked, id=3512, stack(0x000000c433e00000,0x000000c433f00000)]
  0x00000249febae800 JavaThread "my-system-desu-dispatcher-54" [_thread_blocked, id=7788, stack(0x000000c433f00000,0x000000c434000000)]
  0x00000249febab000 JavaThread "my-system-desu-dispatcher-55" [_thread_blocked, id=12468, stack(0x000000c434000000,0x000000c434100000)]
  0x00000249febac000 JavaThread "my-system-desu-dispatcher-56" [_thread_blocked, id=11340, stack(0x000000c434100000,0x000000c434200000)]
  0x00000249febad000 JavaThread "my-system-desu-dispatcher-57" [_thread_blocked, id=12700, stack(0x000000c434200000,0x000000c434300000)]
  0x00000249febaa800 JavaThread "my-system-desu-dispatcher-58" [_thread_blocked, id=9372, stack(0x000000c434300000,0x000000c434400000)]
  0x00000249febb1000 JavaThread "my-system-desu-dispatcher-59" [_thread_blocked, id=9684, stack(0x000000c434400000,0x000000c434500000)]
  0x00000249febad800 JavaThread "my-system-akka.actor.default-blocking-io-dispatcher-60" [_thread_in_native, id=5908, stack(0x000000c434500000,0x000000c434600000)]
  0x00000249febb6000 JavaThread "my-system-akka.actor.default-blocking-io-dispatcher-61" [_thread_blocked, id=4132, stack(0x000000c434600000,0x000000c434700000)]
  0x00000249febb5000 JavaThread "my-system-akka.actor.default-blocking-io-dispatcher-62" [_thread_blocked, id=1908, stack(0x000000c434700000,0x000000c434800000)]
  0x00000249febb7800 JavaThread "my-system-akka.actor.default-blocking-io-dispatcher-63" [_thread_blocked, id=2248, stack(0x000000c434800000,0x000000c434900000)]
  0x00000249febb6800 JavaThread "Java2D Disposer" daemon [_thread_blocked, id=6592, stack(0x000000c434900000,0x000000c434a00000)]
  0x00000249febb1800 JavaThread "AWT-Windows" daemon [_thread_in_native, id=7536, stack(0x000000c434b00000,0x000000c434c00000)]

Other Threads:
  0x00000249fc214000 VMThread "VM Thread" [stack: 0x000000c42d800000,0x000000c42d900000] [id=2920]
  0x00000249fc5ad000 WatcherThread [stack: 0x000000c42e100000,0x000000c42e200000] [id=10680]
  0x00000249ed45f800 GCTaskThread "GC Thread#0" [stack: 0x000000c42d300000,0x000000c42d400000] [id=9768]
  0x00000249fcc08800 GCTaskThread "GC Thread#1" [stack: 0x000000c42e400000,0x000000c42e500000] [id=8580]
  0x00000249fcc41800 GCTaskThread "GC Thread#2" [stack: 0x000000c42e500000,0x000000c42e600000] [id=8352]
  0x00000249fcb34800 GCTaskThread "GC Thread#3" [stack: 0x000000c42e600000,0x000000c42e700000] [id=10352]
  0x00000249fcf5b000 GCTaskThread "GC Thread#4" [stack: 0x000000c42e700000,0x000000c42e800000] [id=12580]
  0x00000249fd22a000 GCTaskThread "GC Thread#5" [stack: 0x000000c42e800000,0x000000c42e900000] [id=11392]
  0x00000249fd009800 GCTaskThread "GC Thread#6" [stack: 0x000000c42e900000,0x000000c42ea00000] [id=10160]
  0x00000249fd00c800 GCTaskThread "GC Thread#7" [stack: 0x000000c42ea00000,0x000000c42eb00000] [id=6432]
  0x00000249ed4dc800 ConcurrentGCThread "G1 Main Marker" [stack: 0x000000c42d400000,0x000000c42d500000] [id=8184]
  0x00000249ed4de800 ConcurrentGCThread "G1 Conc#0" [stack: 0x000000c42d500000,0x000000c42d600000] [id=7116]
  0x00000249fd00a000 ConcurrentGCThread "G1 Conc#1" [stack: 0x000000c42f100000,0x000000c42f200000] [id=6808]
  0x00000249fb43a800 ConcurrentGCThread "G1 Refine#0" [stack: 0x000000c42d600000,0x000000c42d700000] [id=12812]
  0x00000249fb43d800 ConcurrentGCThread "G1 Young RemSet Sampling" [stack: 0x000000c42d700000,0x000000c42d800000] [id=7692]

Threads with active compile tasks:

VM state:not at safepoint (normal execution)

VM Mutex/Monitor currently owned by a thread: None

Heap address: 0x0000000600800000, size: 8184 MB, Compressed Oops mode: Zero based, Oop shift amount: 3
Narrow klass base: 0x0000000800000000, Narrow klass shift: 0
Compressed class space size: 1073741824 Address: 0x0000000800000000

Heap:
 garbage-first heap   total 524288K, used 31009K [0x0000000600800000, 0x0000000800000000)
  region size 2048K, 6 young (12288K), 2 survivors (4096K)
 Metaspace       used 49428K, capacity 50796K, committed 50944K, reserved 1093632K
  class space    used 5951K, capacity 6556K, committed 6656K, reserved 1048576K
Heap Regions: E=young(eden), S=young(survivor), O=old, HS=humongous(starts), HC=humongous(continues), CS=collection set, F=free, A=archive, TAMS=top-at-mark-start (previous, next)
|   0|0x0000000600800000, 0x0000000600a00000, 0x0000000600a00000|100%| O|  |TAMS 0x0000000600a00000, 0x0000000600800000| Untracked 
|   1|0x0000000600a00000, 0x0000000600c00000, 0x0000000600c00000|100%| O|  |TAMS 0x0000000600c00000, 0x0000000600a00000| Untracked 
|   2|0x0000000600c00000, 0x0000000600e00000, 0x0000000600e00000|100%| O|  |TAMS 0x0000000600e00000, 0x0000000600c00000| Untracked 
|   3|0x0000000600e00000, 0x0000000601000000, 0x0000000601000000|100%| O|  |TAMS 0x0000000601000000, 0x0000000600e00000| Untracked 
|   4|0x0000000601000000, 0x0000000601200000, 0x0000000601200000|100%| O|  |TAMS 0x0000000601200000, 0x0000000601000000| Untracked 
|   5|0x0000000601200000, 0x0000000601400000, 0x0000000601400000|100%| O|  |TAMS 0x0000000601400000, 0x0000000601200000| Untracked 
|   6|0x0000000601400000, 0x0000000601600000, 0x0000000601600000|100%| O|  |TAMS 0x00000006014b2c00, 0x0000000601400000| Untracked 
|   7|0x0000000601600000, 0x0000000601800000, 0x0000000601800000|100%|HS|  |TAMS 0x0000000601600000, 0x0000000601600000| Complete 
|   8|0x0000000601800000, 0x0000000601a00000, 0x0000000601a00000|100%| O|  |TAMS 0x0000000601800000, 0x0000000601800000| Untracked 
|   9|0x0000000601a00000, 0x0000000601c00000, 0x0000000601c00000|100%| O|  |TAMS 0x0000000601a00000, 0x0000000601a00000| Untracked 
|  10|0x0000000601c00000, 0x0000000601d49400, 0x0000000601e00000| 64%| O|  |TAMS 0x0000000601c00000, 0x0000000601c00000| Untracked 
|  11|0x0000000601e00000, 0x0000000601e00000, 0x0000000602000000|  0%| F|  |TAMS 0x0000000601e00000, 0x0000000601e00000| Untracked 
|  12|0x0000000602000000, 0x0000000602000000, 0x0000000602200000|  0%| F|  |TAMS 0x0000000602000000, 0x0000000602000000| Untracked 
|  13|0x0000000602200000, 0x0000000602200000, 0x0000000602400000|  0%| F|  |TAMS 0x0000000602200000, 0x0000000602200000| Untracked 
|  14|0x0000000602400000, 0x0000000602400000, 0x0000000602600000|  0%| F|  |TAMS 0x0000000602400000, 0x0000000602400000| Untracked 
|  15|0x0000000602600000, 0x0000000602600000, 0x0000000602800000|  0%| F|  |TAMS 0x0000000602600000, 0x0000000602600000| Untracked 
|  16|0x0000000602800000, 0x0000000602800000, 0x0000000602a00000|  0%| F|  |TAMS 0x0000000602800000, 0x0000000602800000| Untracked 
|  17|0x0000000602a00000, 0x0000000602a00000, 0x0000000602c00000|  0%| F|  |TAMS 0x0000000602a00000, 0x0000000602a00000| Untracked 
|  18|0x0000000602c00000, 0x0000000602c00000, 0x0000000602e00000|  0%| F|  |TAMS 0x0000000602c00000, 0x0000000602c00000| Untracked 
|  19|0x0000000602e00000, 0x0000000602e00000, 0x0000000603000000|  0%| F|  |TAMS 0x0000000602e00000, 0x0000000602e00000| Untracked 
|  20|0x0000000603000000, 0x0000000603000000, 0x0000000603200000|  0%| F|  |TAMS 0x0000000603000000, 0x0000000603000000| Untracked 
|  21|0x0000000603200000, 0x0000000603200000, 0x0000000603400000|  0%| F|  |TAMS 0x0000000603200000, 0x0000000603200000| Untracked 
|  22|0x0000000603400000, 0x0000000603400000, 0x0000000603600000|  0%| F|  |TAMS 0x0000000603400000, 0x0000000603400000| Untracked 
|  23|0x0000000603600000, 0x0000000603600000, 0x0000000603800000|  0%| F|  |TAMS 0x0000000603600000, 0x0000000603600000| Untracked 
|  24|0x0000000603800000, 0x0000000603800000, 0x0000000603a00000|  0%| F|  |TAMS 0x0000000603800000, 0x0000000603800000| Untracked 
|  25|0x0000000603a00000, 0x0000000603a00000, 0x0000000603c00000|  0%| F|  |TAMS 0x0000000603a00000, 0x0000000603a00000| Untracked 
|  26|0x0000000603c00000, 0x0000000603c00000, 0x0000000603e00000|  0%| F|  |TAMS 0x0000000603c00000, 0x0000000603c00000| Untracked 
|  27|0x0000000603e00000, 0x0000000603e00000, 0x0000000604000000|  0%| F|  |TAMS 0x0000000603e00000, 0x0000000603e00000| Untracked 
|  28|0x0000000604000000, 0x0000000604000000, 0x0000000604200000|  0%| F|  |TAMS 0x0000000604000000, 0x0000000604000000| Untracked 
|  29|0x0000000604200000, 0x0000000604200000, 0x0000000604400000|  0%| F|  |TAMS 0x0000000604200000, 0x0000000604200000| Untracked 
|  30|0x0000000604400000, 0x0000000604400000, 0x0000000604600000|  0%| F|  |TAMS 0x0000000604400000, 0x0000000604400000| Untracked 
|  31|0x0000000604600000, 0x0000000604600000, 0x0000000604800000|  0%| F|  |TAMS 0x0000000604600000, 0x0000000604600000| Untracked 
|  32|0x0000000604800000, 0x0000000604800000, 0x0000000604a00000|  0%| F|  |TAMS 0x0000000604800000, 0x0000000604800000| Untracked 
|  33|0x0000000604a00000, 0x0000000604a00000, 0x0000000604c00000|  0%| F|  |TAMS 0x0000000604a00000, 0x0000000604a00000| Untracked 
|  34|0x0000000604c00000, 0x0000000604c00000, 0x0000000604e00000|  0%| F|  |TAMS 0x0000000604c00000, 0x0000000604c00000| Untracked 
|  35|0x0000000604e00000, 0x0000000604e00000, 0x0000000605000000|  0%| F|  |TAMS 0x0000000604e00000, 0x0000000604e00000| Untracked 
|  36|0x0000000605000000, 0x0000000605000000, 0x0000000605200000|  0%| F|  |TAMS 0x0000000605000000, 0x0000000605000000| Untracked 
|  37|0x0000000605200000, 0x0000000605200000, 0x0000000605400000|  0%| F|  |TAMS 0x0000000605200000, 0x0000000605200000| Untracked 
|  38|0x0000000605400000, 0x0000000605400000, 0x0000000605600000|  0%| F|  |TAMS 0x0000000605400000, 0x0000000605400000| Untracked 
|  39|0x0000000605600000, 0x0000000605600000, 0x0000000605800000|  0%| F|  |TAMS 0x0000000605600000, 0x0000000605600000| Untracked 
|  40|0x0000000605800000, 0x0000000605800000, 0x0000000605a00000|  0%| F|  |TAMS 0x0000000605800000, 0x0000000605800000| Untracked 
|  41|0x0000000605a00000, 0x0000000605a00000, 0x0000000605c00000|  0%| F|  |TAMS 0x0000000605a00000, 0x0000000605a00000| Untracked 
|  42|0x0000000605c00000, 0x0000000605c00000, 0x0000000605e00000|  0%| F|  |TAMS 0x0000000605c00000, 0x0000000605c00000| Untracked 
|  43|0x0000000605e00000, 0x0000000605e00000, 0x0000000606000000|  0%| F|  |TAMS 0x0000000605e00000, 0x0000000605e00000| Untracked 
|  44|0x0000000606000000, 0x0000000606000000, 0x0000000606200000|  0%| F|  |TAMS 0x0000000606000000, 0x0000000606000000| Untracked 
|  45|0x0000000606200000, 0x0000000606200000, 0x0000000606400000|  0%| F|  |TAMS 0x0000000606200000, 0x0000000606200000| Untracked 
|  46|0x0000000606400000, 0x0000000606400000, 0x0000000606600000|  0%| F|  |TAMS 0x0000000606400000, 0x0000000606400000| Untracked 
|  47|0x0000000606600000, 0x0000000606600000, 0x0000000606800000|  0%| F|  |TAMS 0x0000000606600000, 0x0000000606600000| Untracked 
|  48|0x0000000606800000, 0x0000000606800000, 0x0000000606a00000|  0%| F|  |TAMS 0x0000000606800000, 0x0000000606800000| Untracked 
|  49|0x0000000606a00000, 0x0000000606a00000, 0x0000000606c00000|  0%| F|  |TAMS 0x0000000606a00000, 0x0000000606a00000| Untracked 
|  50|0x0000000606c00000, 0x0000000606c00000, 0x0000000606e00000|  0%| F|  |TAMS 0x0000000606c00000, 0x0000000606c00000| Untracked 
|  51|0x0000000606e00000, 0x0000000606e00000, 0x0000000607000000|  0%| F|  |TAMS 0x0000000606e00000, 0x0000000606e00000| Untracked 
|  52|0x0000000607000000, 0x0000000607000000, 0x0000000607200000|  0%| F|  |TAMS 0x0000000607000000, 0x0000000607000000| Untracked 
|  53|0x0000000607200000, 0x0000000607200000, 0x0000000607400000|  0%| F|  |TAMS 0x0000000607200000, 0x0000000607200000| Untracked 
|  54|0x0000000607400000, 0x0000000607400000, 0x0000000607600000|  0%| F|  |TAMS 0x0000000607400000, 0x0000000607400000| Untracked 
|  55|0x0000000607600000, 0x0000000607600000, 0x0000000607800000|  0%| F|  |TAMS 0x0000000607600000, 0x0000000607600000| Untracked 
|  56|0x0000000607800000, 0x0000000607800000, 0x0000000607a00000|  0%| F|  |TAMS 0x0000000607800000, 0x0000000607800000| Untracked 
|  57|0x0000000607a00000, 0x0000000607a00000, 0x0000000607c00000|  0%| F|  |TAMS 0x0000000607a00000, 0x0000000607a00000| Untracked 
|  58|0x0000000607c00000, 0x0000000607c00000, 0x0000000607e00000|  0%| F|  |TAMS 0x0000000607c00000, 0x0000000607c00000| Untracked 
|  59|0x0000000607e00000, 0x0000000607e00000, 0x0000000608000000|  0%| F|  |TAMS 0x0000000607e00000, 0x0000000607e00000| Untracked 
|  60|0x0000000608000000, 0x0000000608000000, 0x0000000608200000|  0%| F|  |TAMS 0x0000000608000000, 0x0000000608000000| Untracked 
|  61|0x0000000608200000, 0x0000000608200000, 0x0000000608400000|  0%| F|  |TAMS 0x0000000608200000, 0x0000000608200000| Untracked 
|  62|0x0000000608400000, 0x0000000608400000, 0x0000000608600000|  0%| F|  |TAMS 0x0000000608400000, 0x0000000608400000| Untracked 
|  63|0x0000000608600000, 0x0000000608600000, 0x0000000608800000|  0%| F|  |TAMS 0x0000000608600000, 0x0000000608600000| Untracked 
|  64|0x0000000608800000, 0x0000000608800000, 0x0000000608a00000|  0%| F|  |TAMS 0x0000000608800000, 0x0000000608800000| Untracked 
|  65|0x0000000608a00000, 0x0000000608a00000, 0x0000000608c00000|  0%| F|  |TAMS 0x0000000608a00000, 0x0000000608a00000| Untracked 
|  66|0x0000000608c00000, 0x0000000608c00000, 0x0000000608e00000|  0%| F|  |TAMS 0x0000000608c00000, 0x0000000608c00000| Untracked 
|  67|0x0000000608e00000, 0x0000000608e00000, 0x0000000609000000|  0%| F|  |TAMS 0x0000000608e00000, 0x0000000608e00000| Untracked 
|  68|0x0000000609000000, 0x0000000609000000, 0x0000000609200000|  0%| F|  |TAMS 0x0000000609000000, 0x0000000609000000| Untracked 
|  69|0x0000000609200000, 0x0000000609200000, 0x0000000609400000|  0%| F|  |TAMS 0x0000000609200000, 0x0000000609200000| Untracked 
|  70|0x0000000609400000, 0x0000000609400000, 0x0000000609600000|  0%| F|  |TAMS 0x0000000609400000, 0x0000000609400000| Untracked 
|  71|0x0000000609600000, 0x0000000609600000, 0x0000000609800000|  0%| F|  |TAMS 0x0000000609600000, 0x0000000609600000| Untracked 
|  72|0x0000000609800000, 0x0000000609800000, 0x0000000609a00000|  0%| F|  |TAMS 0x0000000609800000, 0x0000000609800000| Untracked 
|  73|0x0000000609a00000, 0x0000000609a00000, 0x0000000609c00000|  0%| F|  |TAMS 0x0000000609a00000, 0x0000000609a00000| Untracked 
|  74|0x0000000609c00000, 0x0000000609c00000, 0x0000000609e00000|  0%| F|  |TAMS 0x0000000609c00000, 0x0000000609c00000| Untracked 
|  75|0x0000000609e00000, 0x0000000609e00000, 0x000000060a000000|  0%| F|  |TAMS 0x0000000609e00000, 0x0000000609e00000| Untracked 
|  76|0x000000060a000000, 0x000000060a000000, 0x000000060a200000|  0%| F|  |TAMS 0x000000060a000000, 0x000000060a000000| Untracked 
|  77|0x000000060a200000, 0x000000060a200000, 0x000000060a400000|  0%| F|  |TAMS 0x000000060a200000, 0x000000060a200000| Untracked 
|  78|0x000000060a400000, 0x000000060a400000, 0x000000060a600000|  0%| F|  |TAMS 0x000000060a400000, 0x000000060a400000| Untracked 
|  79|0x000000060a600000, 0x000000060a600000, 0x000000060a800000|  0%| F|  |TAMS 0x000000060a600000, 0x000000060a600000| Untracked 
|  80|0x000000060a800000, 0x000000060a800000, 0x000000060aa00000|  0%| F|  |TAMS 0x000000060a800000, 0x000000060a800000| Untracked 
|  81|0x000000060aa00000, 0x000000060aa00000, 0x000000060ac00000|  0%| F|  |TAMS 0x000000060aa00000, 0x000000060aa00000| Untracked 
|  82|0x000000060ac00000, 0x000000060ac00000, 0x000000060ae00000|  0%| F|  |TAMS 0x000000060ac00000, 0x000000060ac00000| Untracked 
|  83|0x000000060ae00000, 0x000000060ae00000, 0x000000060b000000|  0%| F|  |TAMS 0x000000060ae00000, 0x000000060ae00000| Untracked 
|  84|0x000000060b000000, 0x000000060b000000, 0x000000060b200000|  0%| F|  |TAMS 0x000000060b000000, 0x000000060b000000| Untracked 
|  85|0x000000060b200000, 0x000000060b200000, 0x000000060b400000|  0%| F|  |TAMS 0x000000060b200000, 0x000000060b200000| Untracked 
|  86|0x000000060b400000, 0x000000060b400000, 0x000000060b600000|  0%| F|  |TAMS 0x000000060b400000, 0x000000060b400000| Untracked 
|  87|0x000000060b600000, 0x000000060b600000, 0x000000060b800000|  0%| F|  |TAMS 0x000000060b600000, 0x000000060b600000| Untracked 
|  88|0x000000060b800000, 0x000000060b800000, 0x000000060ba00000|  0%| F|  |TAMS 0x000000060b800000, 0x000000060b800000| Untracked 
|  89|0x000000060ba00000, 0x000000060ba00000, 0x000000060bc00000|  0%| F|  |TAMS 0x000000060ba00000, 0x000000060ba00000| Untracked 
|  90|0x000000060bc00000, 0x000000060bc00000, 0x000000060be00000|  0%| F|  |TAMS 0x000000060bc00000, 0x000000060bc00000| Untracked 
|  91|0x000000060be00000, 0x000000060be00000, 0x000000060c000000|  0%| F|  |TAMS 0x000000060be00000, 0x000000060be00000| Untracked 
|  92|0x000000060c000000, 0x000000060c000000, 0x000000060c200000|  0%| F|  |TAMS 0x000000060c000000, 0x000000060c000000| Untracked 
|  93|0x000000060c200000, 0x000000060c200000, 0x000000060c400000|  0%| F|  |TAMS 0x000000060c200000, 0x000000060c200000| Untracked 
|  94|0x000000060c400000, 0x000000060c400000, 0x000000060c600000|  0%| F|  |TAMS 0x000000060c400000, 0x000000060c400000| Untracked 
|  95|0x000000060c600000, 0x000000060c600000, 0x000000060c800000|  0%| F|  |TAMS 0x000000060c600000, 0x000000060c600000| Untracked 
|  96|0x000000060c800000, 0x000000060c800000, 0x000000060ca00000|  0%| F|  |TAMS 0x000000060c800000, 0x000000060c800000| Untracked 
|  97|0x000000060ca00000, 0x000000060ca00000, 0x000000060cc00000|  0%| F|  |TAMS 0x000000060ca00000, 0x000000060ca00000| Untracked 
|  98|0x000000060cc00000, 0x000000060cc00000, 0x000000060ce00000|  0%| F|  |TAMS 0x000000060cc00000, 0x000000060cc00000| Untracked 
|  99|0x000000060ce00000, 0x000000060ce00000, 0x000000060d000000|  0%| F|  |TAMS 0x000000060ce00000, 0x000000060ce00000| Untracked 
| 100|0x000000060d000000, 0x000000060d000000, 0x000000060d200000|  0%| F|  |TAMS 0x000000060d000000, 0x000000060d000000| Untracked 
| 101|0x000000060d200000, 0x000000060d200000, 0x000000060d400000|  0%| F|  |TAMS 0x000000060d200000, 0x000000060d200000| Untracked 
| 102|0x000000060d400000, 0x000000060d400000, 0x000000060d600000|  0%| F|  |TAMS 0x000000060d400000, 0x000000060d400000| Untracked 
| 103|0x000000060d600000, 0x000000060d6ff1e0, 0x000000060d800000| 49%| S|CS|TAMS 0x000000060d600000, 0x000000060d600000| Complete 
| 104|0x000000060d800000, 0x000000060da00000, 0x000000060da00000|100%| S|CS|TAMS 0x000000060d800000, 0x000000060d800000| Complete 
| 105|0x000000060da00000, 0x000000060da00000, 0x000000060dc00000|  0%| F|  |TAMS 0x000000060da00000, 0x000000060da00000| Untracked 
| 106|0x000000060dc00000, 0x000000060dc00000, 0x000000060de00000|  0%| F|  |TAMS 0x000000060dc00000, 0x000000060dc00000| Untracked 
| 107|0x000000060de00000, 0x000000060de00000, 0x000000060e000000|  0%| F|  |TAMS 0x000000060de00000, 0x000000060de00000| Untracked 
| 108|0x000000060e000000, 0x000000060e000000, 0x000000060e200000|  0%| F|  |TAMS 0x000000060e000000, 0x000000060e000000| Untracked 
| 109|0x000000060e200000, 0x000000060e200000, 0x000000060e400000|  0%| F|  |TAMS 0x000000060e200000, 0x000000060e200000| Untracked 
| 110|0x000000060e400000, 0x000000060e400000, 0x000000060e600000|  0%| F|  |TAMS 0x000000060e400000, 0x000000060e400000| Untracked 
| 111|0x000000060e600000, 0x000000060e600000, 0x000000060e800000|  0%| F|  |TAMS 0x000000060e600000, 0x000000060e600000| Untracked 
| 112|0x000000060e800000, 0x000000060e800000, 0x000000060ea00000|  0%| F|  |TAMS 0x000000060e800000, 0x000000060e800000| Untracked 
| 113|0x000000060ea00000, 0x000000060ea00000, 0x000000060ec00000|  0%| F|  |TAMS 0x000000060ea00000, 0x000000060ea00000| Untracked 
| 114|0x000000060ec00000, 0x000000060ec00000, 0x000000060ee00000|  0%| F|  |TAMS 0x000000060ec00000, 0x000000060ec00000| Untracked 
| 115|0x000000060ee00000, 0x000000060ee00000, 0x000000060f000000|  0%| F|  |TAMS 0x000000060ee00000, 0x000000060ee00000| Untracked 
| 116|0x000000060f000000, 0x000000060f000000, 0x000000060f200000|  0%| F|  |TAMS 0x000000060f000000, 0x000000060f000000| Untracked 
| 117|0x000000060f200000, 0x000000060f200000, 0x000000060f400000|  0%| F|  |TAMS 0x000000060f200000, 0x000000060f200000| Untracked 
| 118|0x000000060f400000, 0x000000060f400000, 0x000000060f600000|  0%| F|  |TAMS 0x000000060f400000, 0x000000060f400000| Untracked 
| 119|0x000000060f600000, 0x000000060f600000, 0x000000060f800000|  0%| F|  |TAMS 0x000000060f600000, 0x000000060f600000| Untracked 
| 120|0x000000060f800000, 0x000000060f800000, 0x000000060fa00000|  0%| F|  |TAMS 0x000000060f800000, 0x000000060f800000| Untracked 
| 121|0x000000060fa00000, 0x000000060fa00000, 0x000000060fc00000|  0%| F|  |TAMS 0x000000060fa00000, 0x000000060fa00000| Untracked 
| 122|0x000000060fc00000, 0x000000060fc00000, 0x000000060fe00000|  0%| F|  |TAMS 0x000000060fc00000, 0x000000060fc00000| Untracked 
| 123|0x000000060fe00000, 0x000000060fe00000, 0x0000000610000000|  0%| F|  |TAMS 0x000000060fe00000, 0x000000060fe00000| Untracked 
| 124|0x0000000610000000, 0x0000000610000000, 0x0000000610200000|  0%| F|  |TAMS 0x0000000610000000, 0x0000000610000000| Untracked 
| 125|0x0000000610200000, 0x0000000610200000, 0x0000000610400000|  0%| F|  |TAMS 0x0000000610200000, 0x0000000610200000| Untracked 
| 126|0x0000000610400000, 0x0000000610400000, 0x0000000610600000|  0%| F|  |TAMS 0x0000000610400000, 0x0000000610400000| Untracked 
| 127|0x0000000610600000, 0x0000000610600000, 0x0000000610800000|  0%| F|  |TAMS 0x0000000610600000, 0x0000000610600000| Untracked 
| 128|0x0000000610800000, 0x0000000610800000, 0x0000000610a00000|  0%| F|  |TAMS 0x0000000610800000, 0x0000000610800000| Untracked 
| 129|0x0000000610a00000, 0x0000000610a00000, 0x0000000610c00000|  0%| F|  |TAMS 0x0000000610a00000, 0x0000000610a00000| Untracked 
| 130|0x0000000610c00000, 0x0000000610c00000, 0x0000000610e00000|  0%| F|  |TAMS 0x0000000610c00000, 0x0000000610c00000| Untracked 
| 131|0x0000000610e00000, 0x0000000610e00000, 0x0000000611000000|  0%| F|  |TAMS 0x0000000610e00000, 0x0000000610e00000| Untracked 
| 132|0x0000000611000000, 0x0000000611000000, 0x0000000611200000|  0%| F|  |TAMS 0x0000000611000000, 0x0000000611000000| Untracked 
| 133|0x0000000611200000, 0x0000000611200000, 0x0000000611400000|  0%| F|  |TAMS 0x0000000611200000, 0x0000000611200000| Untracked 
| 134|0x0000000611400000, 0x0000000611400000, 0x0000000611600000|  0%| F|  |TAMS 0x0000000611400000, 0x0000000611400000| Untracked 
| 135|0x0000000611600000, 0x0000000611600000, 0x0000000611800000|  0%| F|  |TAMS 0x0000000611600000, 0x0000000611600000| Untracked 
| 136|0x0000000611800000, 0x0000000611800000, 0x0000000611a00000|  0%| F|  |TAMS 0x0000000611800000, 0x0000000611800000| Untracked 
| 137|0x0000000611a00000, 0x0000000611a00000, 0x0000000611c00000|  0%| F|  |TAMS 0x0000000611a00000, 0x0000000611a00000| Untracked 
| 138|0x0000000611c00000, 0x0000000611c00000, 0x0000000611e00000|  0%| F|  |TAMS 0x0000000611c00000, 0x0000000611c00000| Untracked 
| 139|0x0000000611e00000, 0x0000000611e00000, 0x0000000612000000|  0%| F|  |TAMS 0x0000000611e00000, 0x0000000611e00000| Untracked 
| 140|0x0000000612000000, 0x0000000612000000, 0x0000000612200000|  0%| F|  |TAMS 0x0000000612000000, 0x0000000612000000| Untracked 
| 141|0x0000000612200000, 0x0000000612200000, 0x0000000612400000|  0%| F|  |TAMS 0x0000000612200000, 0x0000000612200000| Untracked 
| 142|0x0000000612400000, 0x0000000612400000, 0x0000000612600000|  0%| F|  |TAMS 0x0000000612400000, 0x0000000612400000| Untracked 
| 143|0x0000000612600000, 0x0000000612600000, 0x0000000612800000|  0%| F|  |TAMS 0x0000000612600000, 0x0000000612600000| Untracked 
| 144|0x0000000612800000, 0x0000000612800000, 0x0000000612a00000|  0%| F|  |TAMS 0x0000000612800000, 0x0000000612800000| Untracked 
| 145|0x0000000612a00000, 0x0000000612a00000, 0x0000000612c00000|  0%| F|  |TAMS 0x0000000612a00000, 0x0000000612a00000| Untracked 
| 146|0x0000000612c00000, 0x0000000612c00000, 0x0000000612e00000|  0%| F|  |TAMS 0x0000000612c00000, 0x0000000612c00000| Untracked 
| 147|0x0000000612e00000, 0x0000000612e00000, 0x0000000613000000|  0%| F|  |TAMS 0x0000000612e00000, 0x0000000612e00000| Untracked 
| 148|0x0000000613000000, 0x0000000613000000, 0x0000000613200000|  0%| F|  |TAMS 0x0000000613000000, 0x0000000613000000| Untracked 
| 149|0x0000000613200000, 0x0000000613200000, 0x0000000613400000|  0%| F|  |TAMS 0x0000000613200000, 0x0000000613200000| Untracked 
| 150|0x0000000613400000, 0x0000000613400000, 0x0000000613600000|  0%| F|  |TAMS 0x0000000613400000, 0x0000000613400000| Untracked 
| 151|0x0000000613600000, 0x0000000613600000, 0x0000000613800000|  0%| F|  |TAMS 0x0000000613600000, 0x0000000613600000| Untracked 
| 152|0x0000000613800000, 0x0000000613800000, 0x0000000613a00000|  0%| F|  |TAMS 0x0000000613800000, 0x0000000613800000| Untracked 
| 153|0x0000000613a00000, 0x0000000613a00000, 0x0000000613c00000|  0%| F|  |TAMS 0x0000000613a00000, 0x0000000613a00000| Untracked 
| 154|0x0000000613c00000, 0x0000000613c00000, 0x0000000613e00000|  0%| F|  |TAMS 0x0000000613c00000, 0x0000000613c00000| Untracked 
| 155|0x0000000613e00000, 0x0000000613e00000, 0x0000000614000000|  0%| F|  |TAMS 0x0000000613e00000, 0x0000000613e00000| Untracked 
| 156|0x0000000614000000, 0x0000000614000000, 0x0000000614200000|  0%| F|  |TAMS 0x0000000614000000, 0x0000000614000000| Untracked 
| 157|0x0000000614200000, 0x0000000614200000, 0x0000000614400000|  0%| F|  |TAMS 0x0000000614200000, 0x0000000614200000| Untracked 
| 158|0x0000000614400000, 0x0000000614400000, 0x0000000614600000|  0%| F|  |TAMS 0x0000000614400000, 0x0000000614400000| Untracked 
| 159|0x0000000614600000, 0x0000000614600000, 0x0000000614800000|  0%| F|  |TAMS 0x0000000614600000, 0x0000000614600000| Untracked 
| 160|0x0000000614800000, 0x0000000614800000, 0x0000000614a00000|  0%| F|  |TAMS 0x0000000614800000, 0x0000000614800000| Untracked 
| 161|0x0000000614a00000, 0x0000000614a00000, 0x0000000614c00000|  0%| F|  |TAMS 0x0000000614a00000, 0x0000000614a00000| Untracked 
| 162|0x0000000614c00000, 0x0000000614c00000, 0x0000000614e00000|  0%| F|  |TAMS 0x0000000614c00000, 0x0000000614c00000| Untracked 
| 163|0x0000000614e00000, 0x0000000614e00000, 0x0000000615000000|  0%| F|  |TAMS 0x0000000614e00000, 0x0000000614e00000| Untracked 
| 164|0x0000000615000000, 0x0000000615000000, 0x0000000615200000|  0%| F|  |TAMS 0x0000000615000000, 0x0000000615000000| Untracked 
| 165|0x0000000615200000, 0x0000000615200000, 0x0000000615400000|  0%| F|  |TAMS 0x0000000615200000, 0x0000000615200000| Untracked 
| 166|0x0000000615400000, 0x0000000615400000, 0x0000000615600000|  0%| F|  |TAMS 0x0000000615400000, 0x0000000615400000| Untracked 
| 167|0x0000000615600000, 0x0000000615600000, 0x0000000615800000|  0%| F|  |TAMS 0x0000000615600000, 0x0000000615600000| Untracked 
| 168|0x0000000615800000, 0x0000000615800000, 0x0000000615a00000|  0%| F|  |TAMS 0x0000000615800000, 0x0000000615800000| Untracked 
| 169|0x0000000615a00000, 0x0000000615a00000, 0x0000000615c00000|  0%| F|  |TAMS 0x0000000615a00000, 0x0000000615a00000| Untracked 
| 170|0x0000000615c00000, 0x0000000615c00000, 0x0000000615e00000|  0%| F|  |TAMS 0x0000000615c00000, 0x0000000615c00000| Untracked 
| 171|0x0000000615e00000, 0x0000000615e00000, 0x0000000616000000|  0%| F|  |TAMS 0x0000000615e00000, 0x0000000615e00000| Untracked 
| 172|0x0000000616000000, 0x0000000616000000, 0x0000000616200000|  0%| F|  |TAMS 0x0000000616000000, 0x0000000616000000| Untracked 
| 173|0x0000000616200000, 0x0000000616200000, 0x0000000616400000|  0%| F|  |TAMS 0x0000000616200000, 0x0000000616200000| Untracked 
| 174|0x0000000616400000, 0x0000000616400000, 0x0000000616600000|  0%| F|  |TAMS 0x0000000616400000, 0x0000000616400000| Untracked 
| 175|0x0000000616600000, 0x0000000616600000, 0x0000000616800000|  0%| F|  |TAMS 0x0000000616600000, 0x0000000616600000| Untracked 
| 176|0x0000000616800000, 0x0000000616800000, 0x0000000616a00000|  0%| F|  |TAMS 0x0000000616800000, 0x0000000616800000| Untracked 
| 177|0x0000000616a00000, 0x0000000616a00000, 0x0000000616c00000|  0%| F|  |TAMS 0x0000000616a00000, 0x0000000616a00000| Untracked 
| 178|0x0000000616c00000, 0x0000000616c00000, 0x0000000616e00000|  0%| F|  |TAMS 0x0000000616c00000, 0x0000000616c00000| Untracked 
| 179|0x0000000616e00000, 0x0000000616e00000, 0x0000000617000000|  0%| F|  |TAMS 0x0000000616e00000, 0x0000000616e00000| Untracked 
| 180|0x0000000617000000, 0x0000000617000000, 0x0000000617200000|  0%| F|  |TAMS 0x0000000617000000, 0x0000000617000000| Untracked 
| 181|0x0000000617200000, 0x0000000617200000, 0x0000000617400000|  0%| F|  |TAMS 0x0000000617200000, 0x0000000617200000| Untracked 
| 182|0x0000000617400000, 0x0000000617400000, 0x0000000617600000|  0%| F|  |TAMS 0x0000000617400000, 0x0000000617400000| Untracked 
| 183|0x0000000617600000, 0x0000000617600000, 0x0000000617800000|  0%| F|  |TAMS 0x0000000617600000, 0x0000000617600000| Untracked 
| 184|0x0000000617800000, 0x0000000617800000, 0x0000000617a00000|  0%| F|  |TAMS 0x0000000617800000, 0x0000000617800000| Untracked 
| 185|0x0000000617a00000, 0x0000000617a00000, 0x0000000617c00000|  0%| F|  |TAMS 0x0000000617a00000, 0x0000000617a00000| Untracked 
| 186|0x0000000617c00000, 0x0000000617c00000, 0x0000000617e00000|  0%| F|  |TAMS 0x0000000617c00000, 0x0000000617c00000| Untracked 
| 187|0x0000000617e00000, 0x0000000617e00000, 0x0000000618000000|  0%| F|  |TAMS 0x0000000617e00000, 0x0000000617e00000| Untracked 
| 188|0x0000000618000000, 0x0000000618000000, 0x0000000618200000|  0%| F|  |TAMS 0x0000000618000000, 0x0000000618000000| Untracked 
| 189|0x0000000618200000, 0x0000000618200000, 0x0000000618400000|  0%| F|  |TAMS 0x0000000618200000, 0x0000000618200000| Untracked 
| 190|0x0000000618400000, 0x0000000618400000, 0x0000000618600000|  0%| F|  |TAMS 0x0000000618400000, 0x0000000618400000| Untracked 
| 191|0x0000000618600000, 0x0000000618600000, 0x0000000618800000|  0%| F|  |TAMS 0x0000000618600000, 0x0000000618600000| Untracked 
| 192|0x0000000618800000, 0x0000000618800000, 0x0000000618a00000|  0%| F|  |TAMS 0x0000000618800000, 0x0000000618800000| Untracked 
| 193|0x0000000618a00000, 0x0000000618a00000, 0x0000000618c00000|  0%| F|  |TAMS 0x0000000618a00000, 0x0000000618a00000| Untracked 
| 194|0x0000000618c00000, 0x0000000618c00000, 0x0000000618e00000|  0%| F|  |TAMS 0x0000000618c00000, 0x0000000618c00000| Untracked 
| 195|0x0000000618e00000, 0x0000000618e00000, 0x0000000619000000|  0%| F|  |TAMS 0x0000000618e00000, 0x0000000618e00000| Untracked 
| 196|0x0000000619000000, 0x0000000619000000, 0x0000000619200000|  0%| F|  |TAMS 0x0000000619000000, 0x0000000619000000| Untracked 
| 197|0x0000000619200000, 0x0000000619200000, 0x0000000619400000|  0%| F|  |TAMS 0x0000000619200000, 0x0000000619200000| Untracked 
| 198|0x0000000619400000, 0x0000000619400000, 0x0000000619600000|  0%| F|  |TAMS 0x0000000619400000, 0x0000000619400000| Untracked 
| 199|0x0000000619600000, 0x0000000619600000, 0x0000000619800000|  0%| F|  |TAMS 0x0000000619600000, 0x0000000619600000| Untracked 
| 200|0x0000000619800000, 0x0000000619800000, 0x0000000619a00000|  0%| F|  |TAMS 0x0000000619800000, 0x0000000619800000| Untracked 
| 201|0x0000000619a00000, 0x0000000619a00000, 0x0000000619c00000|  0%| F|  |TAMS 0x0000000619a00000, 0x0000000619a00000| Untracked 
| 202|0x0000000619c00000, 0x0000000619c00000, 0x0000000619e00000|  0%| F|  |TAMS 0x0000000619c00000, 0x0000000619c00000| Untracked 
| 203|0x0000000619e00000, 0x0000000619e00000, 0x000000061a000000|  0%| F|  |TAMS 0x0000000619e00000, 0x0000000619e00000| Untracked 
| 204|0x000000061a000000, 0x000000061a000000, 0x000000061a200000|  0%| F|  |TAMS 0x000000061a000000, 0x000000061a000000| Untracked 
| 205|0x000000061a200000, 0x000000061a200000, 0x000000061a400000|  0%| F|  |TAMS 0x000000061a200000, 0x000000061a200000| Untracked 
| 206|0x000000061a400000, 0x000000061a400000, 0x000000061a600000|  0%| F|  |TAMS 0x000000061a400000, 0x000000061a400000| Untracked 
| 207|0x000000061a600000, 0x000000061a600000, 0x000000061a800000|  0%| F|  |TAMS 0x000000061a600000, 0x000000061a600000| Untracked 
| 208|0x000000061a800000, 0x000000061a800000, 0x000000061aa00000|  0%| F|  |TAMS 0x000000061a800000, 0x000000061a800000| Untracked 
| 209|0x000000061aa00000, 0x000000061aa00000, 0x000000061ac00000|  0%| F|  |TAMS 0x000000061aa00000, 0x000000061aa00000| Untracked 
| 210|0x000000061ac00000, 0x000000061ac00000, 0x000000061ae00000|  0%| F|  |TAMS 0x000000061ac00000, 0x000000061ac00000| Untracked 
| 211|0x000000061ae00000, 0x000000061ae00000, 0x000000061b000000|  0%| F|  |TAMS 0x000000061ae00000, 0x000000061ae00000| Untracked 
| 212|0x000000061b000000, 0x000000061b000000, 0x000000061b200000|  0%| F|  |TAMS 0x000000061b000000, 0x000000061b000000| Untracked 
| 213|0x000000061b200000, 0x000000061b200000, 0x000000061b400000|  0%| F|  |TAMS 0x000000061b200000, 0x000000061b200000| Untracked 
| 214|0x000000061b400000, 0x000000061b400000, 0x000000061b600000|  0%| F|  |TAMS 0x000000061b400000, 0x000000061b400000| Untracked 
| 215|0x000000061b600000, 0x000000061b600000, 0x000000061b800000|  0%| F|  |TAMS 0x000000061b600000, 0x000000061b600000| Untracked 
| 216|0x000000061b800000, 0x000000061b800000, 0x000000061ba00000|  0%| F|  |TAMS 0x000000061b800000, 0x000000061b800000| Untracked 
| 217|0x000000061ba00000, 0x000000061ba00000, 0x000000061bc00000|  0%| F|  |TAMS 0x000000061ba00000, 0x000000061ba00000| Untracked 
| 218|0x000000061bc00000, 0x000000061bc00000, 0x000000061be00000|  0%| F|  |TAMS 0x000000061bc00000, 0x000000061bc00000| Untracked 
| 219|0x000000061be00000, 0x000000061be00000, 0x000000061c000000|  0%| F|  |TAMS 0x000000061be00000, 0x000000061be00000| Untracked 
| 220|0x000000061c000000, 0x000000061c000000, 0x000000061c200000|  0%| F|  |TAMS 0x000000061c000000, 0x000000061c000000| Untracked 
| 221|0x000000061c200000, 0x000000061c200000, 0x000000061c400000|  0%| F|  |TAMS 0x000000061c200000, 0x000000061c200000| Untracked 
| 222|0x000000061c400000, 0x000000061c400000, 0x000000061c600000|  0%| F|  |TAMS 0x000000061c400000, 0x000000061c400000| Untracked 
| 223|0x000000061c600000, 0x000000061c600000, 0x000000061c800000|  0%| F|  |TAMS 0x000000061c600000, 0x000000061c600000| Untracked 
| 224|0x000000061c800000, 0x000000061c800000, 0x000000061ca00000|  0%| F|  |TAMS 0x000000061c800000, 0x000000061c800000| Untracked 
| 225|0x000000061ca00000, 0x000000061ca00000, 0x000000061cc00000|  0%| F|  |TAMS 0x000000061ca00000, 0x000000061ca00000| Untracked 
| 226|0x000000061cc00000, 0x000000061cc00000, 0x000000061ce00000|  0%| F|  |TAMS 0x000000061cc00000, 0x000000061cc00000| Untracked 
| 227|0x000000061ce00000, 0x000000061ce00000, 0x000000061d000000|  0%| F|  |TAMS 0x000000061ce00000, 0x000000061ce00000| Untracked 
| 228|0x000000061d000000, 0x000000061d000000, 0x000000061d200000|  0%| F|  |TAMS 0x000000061d000000, 0x000000061d000000| Untracked 
| 229|0x000000061d200000, 0x000000061d200000, 0x000000061d400000|  0%| F|  |TAMS 0x000000061d200000, 0x000000061d200000| Untracked 
| 230|0x000000061d400000, 0x000000061d400000, 0x000000061d600000|  0%| F|  |TAMS 0x000000061d400000, 0x000000061d400000| Untracked 
| 231|0x000000061d600000, 0x000000061d600000, 0x000000061d800000|  0%| F|  |TAMS 0x000000061d600000, 0x000000061d600000| Untracked 
| 232|0x000000061d800000, 0x000000061d800000, 0x000000061da00000|  0%| F|  |TAMS 0x000000061d800000, 0x000000061d800000| Untracked 
| 233|0x000000061da00000, 0x000000061da00000, 0x000000061dc00000|  0%| F|  |TAMS 0x000000061da00000, 0x000000061da00000| Untracked 
| 234|0x000000061dc00000, 0x000000061dc00000, 0x000000061de00000|  0%| F|  |TAMS 0x000000061dc00000, 0x000000061dc00000| Untracked 
| 235|0x000000061de00000, 0x000000061de00000, 0x000000061e000000|  0%| F|  |TAMS 0x000000061de00000, 0x000000061de00000| Untracked 
| 236|0x000000061e000000, 0x000000061e000000, 0x000000061e200000|  0%| F|  |TAMS 0x000000061e000000, 0x000000061e000000| Untracked 
| 237|0x000000061e200000, 0x000000061e200000, 0x000000061e400000|  0%| F|  |TAMS 0x000000061e200000, 0x000000061e200000| Untracked 
| 238|0x000000061e400000, 0x000000061e400000, 0x000000061e600000|  0%| F|  |TAMS 0x000000061e400000, 0x000000061e400000| Untracked 
| 239|0x000000061e600000, 0x000000061e600000, 0x000000061e800000|  0%| F|  |TAMS 0x000000061e600000, 0x000000061e600000| Untracked 
| 240|0x000000061e800000, 0x000000061e800000, 0x000000061ea00000|  0%| F|  |TAMS 0x000000061e800000, 0x000000061e800000| Untracked 
| 241|0x000000061ea00000, 0x000000061ea00000, 0x000000061ec00000|  0%| F|  |TAMS 0x000000061ea00000, 0x000000061ea00000| Untracked 
| 242|0x000000061ec00000, 0x000000061ec00000, 0x000000061ee00000|  0%| F|  |TAMS 0x000000061ec00000, 0x000000061ec00000| Untracked 
| 243|0x000000061ee00000, 0x000000061ee00000, 0x000000061f000000|  0%| F|  |TAMS 0x000000061ee00000, 0x000000061ee00000| Untracked 
| 244|0x000000061f000000, 0x000000061f000000, 0x000000061f200000|  0%| F|  |TAMS 0x000000061f000000, 0x000000061f000000| Untracked 
| 245|0x000000061f200000, 0x000000061f200000, 0x000000061f400000|  0%| F|  |TAMS 0x000000061f200000, 0x000000061f200000| Untracked 
| 246|0x000000061f400000, 0x000000061f400000, 0x000000061f600000|  0%| F|  |TAMS 0x000000061f400000, 0x000000061f400000| Untracked 
| 247|0x000000061f600000, 0x000000061f600000, 0x000000061f800000|  0%| F|  |TAMS 0x000000061f600000, 0x000000061f600000| Untracked 
| 248|0x000000061f800000, 0x000000061f800000, 0x000000061fa00000|  0%| F|  |TAMS 0x000000061f800000, 0x000000061f800000| Untracked 
| 249|0x000000061fa00000, 0x000000061fa00000, 0x000000061fc00000|  0%| F|  |TAMS 0x000000061fa00000, 0x000000061fa00000| Untracked 
| 250|0x000000061fc00000, 0x000000061fc00000, 0x000000061fe00000|  0%| F|  |TAMS 0x000000061fc00000, 0x000000061fc00000| Untracked 
| 251|0x000000061fe00000, 0x000000061fe00000, 0x0000000620000000|  0%| F|  |TAMS 0x000000061fe00000, 0x000000061fe00000| Untracked 
| 252|0x0000000620000000, 0x00000006200abf18, 0x0000000620200000| 33%| E|  |TAMS 0x0000000620000000, 0x0000000620000000| Complete 
| 253|0x0000000620200000, 0x0000000620400000, 0x0000000620400000|100%| E|CS|TAMS 0x0000000620200000, 0x0000000620200000| Complete 
| 254|0x0000000620400000, 0x0000000620600000, 0x0000000620600000|100%| E|CS|TAMS 0x0000000620400000, 0x0000000620400000| Complete 
| 255|0x0000000620600000, 0x0000000620800000, 0x0000000620800000|100%| E|CS|TAMS 0x0000000620600000, 0x0000000620600000| Complete 

Card table byte_map: [0x00000249f6d30000,0x00000249f7d30000] _byte_map_base: 0x00000249f3d2c000

Marking Bits (Prev, Next): (CMBitMap*) 0x00000249ed4cba88, (CMBitMap*) 0x00000249ed4cbac0
 Prev Bits: [0x000002498f000000, 0x0000024996fe0000)
 Next Bits: [0x0000024996fe0000, 0x000002499efc0000)

Polling page: 0x00000249eb1b0000

Metaspace:

Usage:
  Non-class:     43.20 MB capacity,    42.46 MB ( 98%) used,   597.65 KB (  1%) free+waste,   165.88 KB ( <1%) overhead. 
      Class:      6.40 MB capacity,     5.81 MB ( 91%) used,   520.57 KB (  8%) free+waste,    83.50 KB (  1%) overhead. 
       Both:     49.61 MB capacity,    48.27 MB ( 97%) used,     1.09 MB (  2%) free+waste,   249.38 KB ( <1%) overhead. 

Virtual space:
  Non-class space:       44.00 MB reserved,      43.25 MB ( 98%) committed 
      Class space:        1.00 GB reserved,       6.50 MB ( <1%) committed 
             Both:        1.04 GB reserved,      49.75 MB (  5%) committed 

Chunk freelists:
   Non-Class:  48.00 KB
       Class:  0 bytes
        Both:  48.00 KB

CodeHeap 'non-profiled nmethods': size=120000Kb used=3128Kb max_used=3128Kb free=116871Kb
 bounds [0x0000024987ad0000, 0x0000024987de0000, 0x000002498f000000]
CodeHeap 'profiled nmethods': size=120000Kb used=9960Kb max_used=9960Kb free=110039Kb
 bounds [0x00000249805a0000, 0x0000024980f60000, 0x0000024987ad0000]
CodeHeap 'non-nmethods': size=5760Kb used=1819Kb max_used=1852Kb free=3940Kb
 bounds [0x0000024980000000, 0x0000024980270000, 0x00000249805a0000]
 total_blobs=7475 nmethods=4541 adapters=1304
 compilation: enabled
              stopped_count=0, restarted_count=0
 full_count=0

Compilation events (10 events):
Event: 63.334 Thread 0x00000249fc2c3000 4745   !   3       java.lang.ref.Finalizer::runFinalizer (117 bytes)
Event: 63.335 Thread 0x00000249fc2c3000 nmethod 4745 0x0000024980f59310 code [0x0000024980f59540, 0x0000024980f5a050]
Event: 63.335 Thread 0x00000249fc2c3000 4746       3       java.lang.System$2::invokeFinalize (5 bytes)
Event: 63.335 Thread 0x00000249fc2c3000 nmethod 4746 0x0000024980f5a310 code [0x0000024980f5a4e0, 0x0000024980f5a710]
Event: 63.335 Thread 0x00000249fc2c3000 4747   !   3       javax.imageio.stream.ImageInputStreamImpl::finalize (20 bytes)
Event: 63.335 Thread 0x00000249fc2c3000 nmethod 4747 0x0000024980f5a810 code [0x0000024980f5a9e0, 0x0000024980f5acf0]
Event: 63.347 Thread 0x00000249fc2c3000 4748       3       scala.concurrent.impl.Promise$DefaultPromise::$anonfun$zipWith$3 (53 bytes)
Event: 63.349 Thread 0x00000249fc2c3000 nmethod 4748 0x0000024980f5ae10 code [0x0000024980f5b160, 0x0000024980f5c760]
Event: 63.407 Thread 0x00000249fc2b7000 nmethod 4743 0x0000024987dda490 code [0x0000024987dda760, 0x0000024987ddc2b0]
Event: 63.407 Thread 0x00000249fc2b7000 4744   !   4       java.lang.ref.ReferenceQueue::enqueue (119 bytes)

GC Heap History (10 events):
Event: 10.137 GC heap before
{Heap before GC invocations=17 (full 0):
 garbage-first heap   total 524288K, used 331361K [0x0000000600800000, 0x0000000800000000)
  region size 2048K, 153 young (313344K), 2 survivors (4096K)
 Metaspace       used 44697K, capacity 45841K, committed 46208K, reserved 1089536K
  class space    used 5404K, capacity 5923K, committed 6016K, reserved 1048576K
}
Event: 10.139 GC heap after
{Heap after GC invocations=18 (full 0):
 garbage-first heap   total 524288K, used 22100K [0x0000000600800000, 0x0000000800000000)
  region size 2048K, 2 young (4096K), 2 survivors (4096K)
 Metaspace       used 44697K, capacity 45841K, committed 46208K, reserved 1089536K
  class space    used 5404K, capacity 5923K, committed 6016K, reserved 1048576K
}
Event: 10.574 GC heap before
{Heap before GC invocations=18 (full 0):
 garbage-first heap   total 524288K, used 331348K [0x0000000600800000, 0x0000000800000000)
  region size 2048K, 153 young (313344K), 2 survivors (4096K)
 Metaspace       used 44704K, capacity 45841K, committed 46208K, reserved 1089536K
  class space    used 5404K, capacity 5923K, committed 6016K, reserved 1048576K
}
Event: 10.577 GC heap after
{Heap after GC invocations=19 (full 0):
 garbage-first heap   total 524288K, used 22139K [0x0000000600800000, 0x0000000800000000)
  region size 2048K, 2 young (4096K), 2 survivors (4096K)
 Metaspace       used 44704K, capacity 45841K, committed 46208K, reserved 1089536K
  class space    used 5404K, capacity 5923K, committed 6016K, reserved 1048576K
}
Event: 12.015 GC heap before
{Heap before GC invocations=19 (full 0):
 garbage-first heap   total 524288K, used 331387K [0x0000000600800000, 0x0000000800000000)
  region size 2048K, 153 young (313344K), 2 survivors (4096K)
 Metaspace       used 46599K, capacity 47729K, committed 48000K, reserved 1091584K
  class space    used 5643K, capacity 6147K, committed 6272K, reserved 1048576K
}
Event: 12.017 GC heap after
{Heap after GC invocations=20 (full 0):
 garbage-first heap   total 524288K, used 22415K [0x0000000600800000, 0x0000000800000000)
  region size 2048K, 2 young (4096K), 2 survivors (4096K)
 Metaspace       used 46599K, capacity 47729K, committed 48000K, reserved 1091584K
  class space    used 5643K, capacity 6147K, committed 6272K, reserved 1048576K
}
Event: 38.213 GC heap before
{Heap before GC invocations=20 (full 0):
 garbage-first heap   total 524288K, used 329615K [0x0000000600800000, 0x0000000800000000)
  region size 2048K, 153 young (313344K), 2 survivors (4096K)
 Metaspace       used 49244K, capacity 50555K, committed 50688K, reserved 1093632K
  class space    used 5948K, capacity 6550K, committed 6656K, reserved 1048576K
}
Event: 38.218 GC heap after
{Heap after GC invocations=21 (full 0):
 garbage-first heap   total 524288K, used 25321K [0x0000000600800000, 0x0000000800000000)
  region size 2048K, 2 young (4096K), 2 survivors (4096K)
 Metaspace       used 49244K, capacity 50555K, committed 50688K, reserved 1093632K
  class space    used 5948K, capacity 6550K, committed 6656K, reserved 1048576K
}
Event: 63.328 GC heap before
{Heap before GC invocations=21 (full 0):
 garbage-first heap   total 524288K, used 332521K [0x0000000600800000, 0x0000000800000000)
  region size 2048K, 153 young (313344K), 2 survivors (4096K)
 Metaspace       used 49425K, capacity 50732K, committed 50944K, reserved 1093632K
  class space    used 5951K, capacity 6556K, committed 6656K, reserved 1048576K
}
Event: 63.331 GC heap after
{Heap after GC invocations=22 (full 0):
 garbage-first heap   total 524288K, used 24865K [0x0000000600800000, 0x0000000800000000)
  region size 2048K, 2 young (4096K), 2 survivors (4096K)
 Metaspace       used 49425K, capacity 50732K, committed 50944K, reserved 1093632K
  class space    used 5951K, capacity 6556K, committed 6656K, reserved 1048576K
}

Deoptimization events (10 events):
Event: 6.940 Thread 0x00000249a0afd800 Uncommon trap: reason=unstable_if action=reinterpret pc=0x0000024987cb9dbc method=java.lang.String.indexOf([BBILjava/lang/String;I)I @ 21 c2
Event: 10.980 Thread 0x00000249a0afd800 Uncommon trap: reason=range_check action=make_not_entrant pc=0x0000024987b2ef3c method=java.util.zip.ZipUtils.get16([BI)I @ 11 c2
Event: 13.115 Thread 0x00000249a0af4800 Uncommon trap: reason=unstable_if action=reinterpret pc=0x0000024987c04e7c method=jdk.internal.org.objectweb.asm.Type.getArgumentsAndReturnSizes(Ljava/lang/String;)I @ 47 c2
Event: 14.236 Thread 0x00000249a0af4800 Uncommon trap: reason=unstable_if action=reinterpret pc=0x0000024987c65ea0 method=com.sun.prism.Image.getPixelAccessor()Lcom/sun/prism/Image$Accessor; @ 4 c2
Event: 14.243 Thread 0x00000249a0afc800 Uncommon trap: reason=unstable_if action=reinterpret pc=0x0000024987c69b74 method=com.sun.javafx.image.impl.ByteBgra$ToIntArgbSameConv.doConvert([BII[IIIII)V @ 29 c2
Event: 14.246 Thread 0x00000249a0af4800 Uncommon trap: reason=unstable_if action=reinterpret pc=0x0000024987c4280c method=java.util.concurrent.ConcurrentHashMap.putVal(Ljava/lang/Object;Ljava/lang/Object;Z)Ljava/lang/Object; @ 148 c2
Event: 14.851 Thread 0x00000249a0af4800 Uncommon trap: reason=unstable_if action=reinterpret pc=0x0000024987c6789c method=com.sun.prism.Image.getPixelAccessor()Lcom/sun/prism/Image$Accessor; @ 4 c2
Event: 16.719 Thread 0x00000249ff81d000 Uncommon trap: reason=speculate_null_assert action=make_not_entrant pc=0x0000024987c3758c method=java.lang.invoke.MethodType$ConcurrentWeakInternSet.add(Ljava/lang/Object;)Ljava/lang/Object; @ 47 c2
Event: 24.613 Thread 0x00000249fcc07800 Uncommon trap: reason=unstable_if action=reinterpret pc=0x0000024987c44150 method=akka.dispatch.AbstractNodeQueue.pollNode()Lakka/dispatch/AbstractNodeQueue$Node; @ 28 c2
Event: 25.202 Thread 0x00000249fcc07800 Uncommon trap: reason=unstable_if action=reinterpret pc=0x0000024987bda4c4 method=akka.dispatch.AbstractNodeQueue.pollNode()Lakka/dispatch/AbstractNodeQueue$Node; @ 28 c2

Classes redefined (0 events):
No events

Internal exceptions (10 events):
Event: 13.115 Thread 0x00000249a0af4800 Exception <a 'java/lang/NoSuchMethodError'{0x0000000620492208}: java.lang.invoke.DirectMethodHandle$Holder.invokeStaticInit(Ljava/lang/Object;Ljava/lang/Object;Ljava/lang/Object;)J> (0x0000000620492208) thrown at [c:/tools/cygwin/home/Administrator/develo
Event: 13.118 Thread 0x00000249a0af4800 Exception <a 'java/lang/NoSuchMethodError'{0x00000006204aa708}: java.lang.invoke.DirectMethodHandle$Holder.invokeStatic(Ljava/lang/Object;Ljava/lang/Object;J)Ljava/lang/Object;> (0x00000006204aa708) thrown at [c:/tools/cygwin/home/Administrator/developmen
Event: 13.118 Thread 0x00000249a0af4800 Exception <a 'java/lang/NoSuchMethodError'{0x00000006204b0880}: java.lang.invoke.Invokers$Holder.linkToTargetMethod(Ljava/lang/Object;JLjava/lang/Object;)Ljava/lang/Object;> (0x00000006204b0880) thrown at [c:/tools/cygwin/home/Administrator/development/Co
Event: 14.236 Thread 0x00000249a0af4800 Implicit null exception at 0x0000024987c65db7 to 0x0000024987c65e8a
Event: 14.851 Thread 0x00000249a0af4800 Implicit null exception at 0x0000024987c66ea2 to 0x0000024987c6787e
Event: 14.961 Thread 0x00000249a0af4800 Exception <a 'java/lang/NoSuchMethodError'{0x000000061d7c00c8}: java.lang.invoke.DirectMethodHandle$Holder.invokeStatic(Ljava/lang/Object;Ljava/lang/Object;IIIIILjava/lang/Object;)Ljava/lang/Object;> (0x000000061d7c00c8) thrown at [c:/tools/cygwin/home/Ad
Event: 14.962 Thread 0x00000249a0af4800 Exception <a 'java/lang/NoSuchMethodError'{0x000000061d7d0a78}: java.lang.invoke.DirectMethodHandle$Holder.invokeStatic(Ljava/lang/Object;Ljava/lang/Object;Ljava/lang/Object;IIIII)Ljava/lang/Object;> (0x000000061d7d0a78) thrown at [c:/tools/cygwin/home/Ad
Event: 14.962 Thread 0x00000249a0af4800 Exception <a 'java/lang/NoSuchMethodError'{0x000000061d7d72d8}: java.lang.invoke.Invokers$Holder.linkToTargetMethod(Ljava/lang/Object;Ljava/lang/Object;IIIIILjava/lang/Object;)Ljava/lang/Object;> (0x000000061d7d72d8) thrown at [c:/tools/cygwin/home/Admini
Event: 30.551 Thread 0x00000249ff86b000 Exception <a 'java/lang/NoSuchMethodError'{0x000000061b4bfd58}: java.lang.invoke.DirectMethodHandle$Holder.invokeStatic(Ljava/lang/Object;Ljava/lang/Object;IILjava/lang/Object;)Ljava/lang/Object;> (0x000000061b4bfd58) thrown at [c:/tools/cygwin/home/Admin
Event: 30.552 Thread 0x00000249ff86b000 Exception <a 'java/lang/NoSuchMethodError'{0x000000061b4c7c80}: java.lang.invoke.Invokers$Holder.linkToTargetMethod(Ljava/lang/Object;IILjava/lang/Object;)Ljava/lang/Object;> (0x000000061b4c7c80) thrown at [c:/tools/cygwin/home/Administrator/development/C

Events (10 events):
Event: 61.382 Thread 0x00000249febb3800 Thread added: 0x00000249febb3800
Event: 62.382 Executing VM operation: RevokeBias
Event: 62.382 Executing VM operation: RevokeBias done
Event: 62.382 Thread 0x00000249febb8800 Thread exited: 0x00000249febb8800
Event: 62.382 Thread 0x00000249febb3800 Thread exited: 0x00000249febb3800
Event: 62.644 Executing VM operation: RevokeBias
Event: 62.644 Executing VM operation: RevokeBias done
Event: 62.644 Thread 0x00000249fea73000 Thread exited: 0x00000249fea73000
Event: 63.328 Executing VM operation: G1CollectForAllocation
Event: 63.331 Executing VM operation: G1CollectForAllocation done


Dynamic libraries:
0x00007ff684ed0000 - 0x00007ff684f16000 	E:\x64\java\amazon-corretto-11.0.3.7.1-windows-x64\jdk11.0.3_7\bin\java.exe
0x00007ffc223d0000 - 0x00007ffc225c5000 	C:\Windows\SYSTEM32\ntdll.dll
0x00007ffc214a0000 - 0x00007ffc2155e000 	C:\Windows\System32\KERNEL32.DLL
0x00007ffc20040000 - 0x00007ffc20308000 	C:\Windows\System32\KERNELBASE.dll
0x00007ffc21560000 - 0x00007ffc21701000 	C:\Windows\System32\USER32.dll
0x00007ffc1fef0000 - 0x00007ffc1ff12000 	C:\Windows\System32\win32u.dll
0x00007ffc222f0000 - 0x00007ffc2231b000 	C:\Windows\System32\GDI32.dll
0x00007ffc20310000 - 0x00007ffc2041b000 	C:\Windows\System32\gdi32full.dll
0x00007ffc1fe50000 - 0x00007ffc1feed000 	C:\Windows\System32\msvcp_win.dll
0x00007ffc1faf0000 - 0x00007ffc1fbf0000 	C:\Windows\System32\ucrtbase.dll
0x00007ffc091f0000 - 0x00007ffc0948a000 	C:\Windows\WinSxS\amd64_microsoft.windows.common-controls_6595b64144ccf1df_6.0.19041.1110_none_60b5254171f9507e\COMCTL32.dll
0x00007ffc21350000 - 0x00007ffc213ee000 	C:\Windows\System32\msvcrt.dll
0x00007ffc20520000 - 0x00007ffc20550000 	C:\Windows\System32\IMM32.DLL
0x00007ffc12eb0000 - 0x00007ffc12ec5000 	E:\x64\java\amazon-corretto-11.0.3.7.1-windows-x64\jdk11.0.3_7\bin\vcruntime140.dll
0x00007ffbf4440000 - 0x00007ffbf44db000 	E:\x64\java\amazon-corretto-11.0.3.7.1-windows-x64\jdk11.0.3_7\bin\msvcp140.dll
0x00007ffbe75e0000 - 0x00007ffbe8093000 	E:\x64\java\amazon-corretto-11.0.3.7.1-windows-x64\jdk11.0.3_7\bin\server\jvm.dll
0x00007ffc20670000 - 0x00007ffc2071c000 	C:\Windows\System32\ADVAPI32.dll
0x00007ffc20480000 - 0x00007ffc2051b000 	C:\Windows\System32\sechost.dll
0x00007ffc221c0000 - 0x00007ffc222ea000 	C:\Windows\System32\RPCRT4.dll
0x00007ffc20660000 - 0x00007ffc20668000 	C:\Windows\System32\PSAPI.DLL
0x00007ffc1b560000 - 0x00007ffc1b569000 	C:\Windows\SYSTEM32\WSOCK32.dll
0x00007ffc1f520000 - 0x00007ffc1f52a000 	C:\Windows\SYSTEM32\VERSION.dll
0x00007ffc18bf0000 - 0x00007ffc18c17000 	C:\Windows\SYSTEM32\WINMM.dll
0x00007ffc217e0000 - 0x00007ffc2184b000 	C:\Windows\System32\WS2_32.dll
0x00007ffc1d960000 - 0x00007ffc1d972000 	C:\Windows\SYSTEM32\kernel.appcore.dll
0x00007ffc16370000 - 0x00007ffc16380000 	E:\x64\java\amazon-corretto-11.0.3.7.1-windows-x64\jdk11.0.3_7\bin\verify.dll
0x00007ffc10b60000 - 0x00007ffc10d44000 	C:\Windows\SYSTEM32\DBGHELP.DLL
0x00007ffc10b30000 - 0x00007ffc10b5c000 	C:\Windows\SYSTEM32\dbgcore.DLL
0x00007ffc1ff50000 - 0x00007ffc1ffd3000 	C:\Windows\System32\bcryptPrimitives.dll
0x00007ffc0f470000 - 0x00007ffc0f498000 	E:\x64\java\amazon-corretto-11.0.3.7.1-windows-x64\jdk11.0.3_7\bin\java.dll
0x00007ffc0df50000 - 0x00007ffc0df66000 	E:\x64\java\amazon-corretto-11.0.3.7.1-windows-x64\jdk11.0.3_7\bin\zip.dll
0x00007ffc10d50000 - 0x00007ffc10d5a000 	E:\x64\java\amazon-corretto-11.0.3.7.1-windows-x64\jdk11.0.3_7\bin\jimage.dll
0x00007ffc20b80000 - 0x00007ffc212bf000 	C:\Windows\System32\SHELL32.dll
0x00007ffc1db60000 - 0x00007ffc1e2f0000 	C:\Windows\SYSTEM32\windows.storage.dll
0x00007ffc21850000 - 0x00007ffc21ba5000 	C:\Windows\System32\combase.dll
0x00007ffc1f380000 - 0x00007ffc1f3ae000 	C:\Windows\SYSTEM32\Wldp.dll
0x00007ffc205b0000 - 0x00007ffc2065d000 	C:\Windows\System32\SHCORE.dll
0x00007ffc20550000 - 0x00007ffc205a5000 	C:\Windows\System32\shlwapi.dll
0x00007ffc1fa30000 - 0x00007ffc1fa4f000 	C:\Windows\SYSTEM32\profapi.dll
0x00007ffc09a00000 - 0x00007ffc09a19000 	E:\x64\java\amazon-corretto-11.0.3.7.1-windows-x64\jdk11.0.3_7\bin\net.dll
0x00007ffc16600000 - 0x00007ffc1670c000 	C:\Windows\SYSTEM32\WINHTTP.dll
0x00007ffc13be0000 - 0x00007ffc13dcb000 	C:\Windows\SYSTEM32\urlmon.dll
0x00007ffc13f10000 - 0x00007ffc141c0000 	C:\Windows\SYSTEM32\iertutil.dll
0x00007ffc13bb0000 - 0x00007ffc13bd8000 	C:\Windows\SYSTEM32\srvcli.dll
0x00007ffc1ef80000 - 0x00007ffc1ef8c000 	C:\Windows\SYSTEM32\netutils.dll
0x00007ffc1f160000 - 0x00007ffc1f1ca000 	C:\Windows\system32\mswsock.dll
0x00007ffc099e0000 - 0x00007ffc099f2000 	E:\x64\java\amazon-corretto-11.0.3.7.1-windows-x64\jdk11.0.3_7\bin\nio.dll
0x00007ffbfe2a0000 - 0x00007ffbfe2ca000 	C:\Users\Administrator\AppData\Local\jintellitype\1.4.0\JIntellitype64.dll
0x00007ffc0b2d0000 - 0x00007ffc0b2dc000 	C:\Windows\SYSTEM32\VCRUNTIME140_1.dll
0x00007ffc1d400000 - 0x00007ffc1d49e000 	C:\Windows\system32\uxtheme.dll
0x00007ffc21bc0000 - 0x00007ffc21cd5000 	C:\Windows\System32\MSCTF.dll
0x00007ffc21710000 - 0x00007ffc217dd000 	C:\Windows\System32\OLEAUT32.dll
0x000002499f7e0000 - 0x000002499f7e3000 	C:\Users\Administrator\.openjfx\cache\16\api-ms-win-core-console-l1-1-0.dll
0x000002499f7f0000 - 0x000002499f7f3000 	C:\Users\Administrator\.openjfx\cache\16\api-ms-win-core-console-l1-2-0.dll
0x000002499f800000 - 0x000002499f803000 	C:\Users\Administrator\.openjfx\cache\16\api-ms-win-core-datetime-l1-1-0.dll
0x000002499f810000 - 0x000002499f813000 	C:\Users\Administrator\.openjfx\cache\16\api-ms-win-core-debug-l1-1-0.dll
0x000002499f820000 - 0x000002499f823000 	C:\Users\Administrator\.openjfx\cache\16\api-ms-win-core-errorhandling-l1-1-0.dll
0x000002499f830000 - 0x000002499f834000 	C:\Users\Administrator\.openjfx\cache\16\api-ms-win-core-file-l1-1-0.dll
0x000002499f840000 - 0x000002499f843000 	C:\Users\Administrator\.openjfx\cache\16\api-ms-win-core-file-l1-2-0.dll
0x000002499f850000 - 0x000002499f853000 	C:\Users\Administrator\.openjfx\cache\16\api-ms-win-core-file-l2-1-0.dll
0x000002499f960000 - 0x000002499f963000 	C:\Users\Administrator\.openjfx\cache\16\api-ms-win-core-handle-l1-1-0.dll
0x000002499f970000 - 0x000002499f973000 	C:\Users\Administrator\.openjfx\cache\16\api-ms-win-core-heap-l1-1-0.dll
0x000002499f980000 - 0x000002499f983000 	C:\Users\Administrator\.openjfx\cache\16\api-ms-win-core-interlocked-l1-1-0.dll
0x000002499f990000 - 0x000002499f993000 	C:\Users\Administrator\.openjfx\cache\16\api-ms-win-core-libraryloader-l1-1-0.dll
0x000002499f9a0000 - 0x000002499f9a3000 	C:\Users\Administrator\.openjfx\cache\16\api-ms-win-core-localization-l1-2-0.dll
0x000002499f9b0000 - 0x000002499f9b3000 	C:\Users\Administrator\.openjfx\cache\16\api-ms-win-core-memory-l1-1-0.dll
0x000002499f9c0000 - 0x000002499f9c3000 	C:\Users\Administrator\.openjfx\cache\16\api-ms-win-core-namedpipe-l1-1-0.dll
0x000002499f9d0000 - 0x000002499f9d3000 	C:\Users\Administrator\.openjfx\cache\16\api-ms-win-core-processenvironment-l1-1-0.dll
0x000002499f9e0000 - 0x000002499f9e3000 	C:\Users\Administrator\.openjfx\cache\16\api-ms-win-core-processthreads-l1-1-0.dll
0x000002499f9f0000 - 0x000002499f9f3000 	C:\Users\Administrator\.openjfx\cache\16\api-ms-win-core-processthreads-l1-1-1.dll
0x000002499fa00000 - 0x000002499fa03000 	C:\Users\Administrator\.openjfx\cache\16\api-ms-win-core-profile-l1-1-0.dll
0x000002499fa10000 - 0x000002499fa13000 	C:\Users\Administrator\.openjfx\cache\16\api-ms-win-core-rtlsupport-l1-1-0.dll
0x000002499fa20000 - 0x000002499fa23000 	C:\Users\Administrator\.openjfx\cache\16\api-ms-win-core-string-l1-1-0.dll
0x000002499fa30000 - 0x000002499fa33000 	C:\Users\Administrator\.openjfx\cache\16\api-ms-win-core-synch-l1-1-0.dll
0x000002499fa40000 - 0x000002499fa43000 	C:\Users\Administrator\.openjfx\cache\16\api-ms-win-core-synch-l1-2-0.dll
0x000002499fa50000 - 0x000002499fa53000 	C:\Users\Administrator\.openjfx\cache\16\api-ms-win-core-sysinfo-l1-1-0.dll
0x000002499fa60000 - 0x000002499fa63000 	C:\Users\Administrator\.openjfx\cache\16\api-ms-win-core-timezone-l1-1-0.dll
0x000002499fa70000 - 0x000002499fa73000 	C:\Users\Administrator\.openjfx\cache\16\api-ms-win-core-util-l1-1-0.dll
0x000002499fa80000 - 0x000002499fa83000 	C:\Users\Administrator\.openjfx\cache\16\api-ms-win-crt-conio-l1-1-0.dll
0x000002499fa90000 - 0x000002499fa94000 	C:\Users\Administrator\.openjfx\cache\16\api-ms-win-crt-convert-l1-1-0.dll
0x000002499faa0000 - 0x000002499faa3000 	C:\Users\Administrator\.openjfx\cache\16\api-ms-win-crt-environment-l1-1-0.dll
0x000002499fab0000 - 0x000002499fab3000 	C:\Users\Administrator\.openjfx\cache\16\api-ms-win-crt-filesystem-l1-1-0.dll
0x000002499fac0000 - 0x000002499fac3000 	C:\Users\Administrator\.openjfx\cache\16\api-ms-win-crt-heap-l1-1-0.dll
0x000002499fad0000 - 0x000002499fad3000 	C:\Users\Administrator\.openjfx\cache\16\api-ms-win-crt-locale-l1-1-0.dll
0x000002499fae0000 - 0x000002499fae5000 	C:\Users\Administrator\.openjfx\cache\16\api-ms-win-crt-math-l1-1-0.dll
0x000002499faf0000 - 0x000002499faf5000 	C:\Users\Administrator\.openjfx\cache\16\api-ms-win-crt-multibyte-l1-1-0.dll
0x000002499fb00000 - 0x000002499fb10000 	C:\Users\Administrator\.openjfx\cache\16\api-ms-win-crt-private-l1-1-0.dll
0x000002499fb10000 - 0x000002499fb13000 	C:\Users\Administrator\.openjfx\cache\16\api-ms-win-crt-process-l1-1-0.dll
0x000002499fb30000 - 0x000002499fb34000 	C:\Users\Administrator\.openjfx\cache\16\api-ms-win-crt-runtime-l1-1-0.dll
0x000002499fb40000 - 0x000002499fb44000 	C:\Users\Administrator\.openjfx\cache\16\api-ms-win-crt-stdio-l1-1-0.dll
0x000002499fb50000 - 0x000002499fb54000 	C:\Users\Administrator\.openjfx\cache\16\api-ms-win-crt-string-l1-1-0.dll
0x000002499fb60000 - 0x000002499fb63000 	C:\Users\Administrator\.openjfx\cache\16\api-ms-win-crt-time-l1-1-0.dll
0x000002499fb70000 - 0x000002499fb73000 	C:\Users\Administrator\.openjfx\cache\16\api-ms-win-crt-utility-l1-1-0.dll
0x00007ffbf4340000 - 0x00007ffbf443c000 	C:\Users\Administrator\.openjfx\cache\16\ucrtbase.dll
0x00007ffc099c0000 - 0x00007ffc099d9000 	C:\Users\Administrator\.openjfx\cache\16\vcruntime140.dll
0x00007ffc08520000 - 0x00007ffc0852c000 	C:\Users\Administrator\.openjfx\cache\16\vcruntime140_1.dll
0x00007ffbf2300000 - 0x00007ffbf2391000 	C:\Users\Administrator\.openjfx\cache\16\msvcp140.dll
0x00007ffbfcb80000 - 0x00007ffbfcba7000 	C:\Users\Administrator\.openjfx\cache\16\prism_d3d.dll
0x00007ffbf1f90000 - 0x00007ffbf215e000 	C:\Windows\system32\d3d9.dll
0x00007ffc1d590000 - 0x00007ffc1d5bf000 	C:\Windows\SYSTEM32\dwmapi.dll
0x00007ffc18c20000 - 0x00007ffc18d87000 	C:\Windows\SYSTEM32\aticfx64.dll
0x00007ffbfbf40000 - 0x00007ffbfbf61000 	C:\Windows\SYSTEM32\atiu9p64.dll
0x00007ffbe6d80000 - 0x00007ffbe75d9000 	C:\Windows\SYSTEM32\atiumd64.dll
0x0000000055510000 - 0x0000000055d98000 	C:\Windows\SYSTEM32\atiumd6a.dll
0x00007ffc1f860000 - 0x00007ffc1f8ab000 	C:\Windows\SYSTEM32\POWRPROF.dll
0x00007ffc1f840000 - 0x00007ffc1f852000 	C:\Windows\SYSTEM32\UMPDC.dll
0x00007ffbf44e0000 - 0x00007ffbf4522000 	C:\Users\Administrator\.openjfx\cache\16\glass.dll
0x00007ffc20720000 - 0x00007ffc207fa000 	C:\Windows\System32\COMDLG32.dll
0x00007ffc20a50000 - 0x00007ffc20b7a000 	C:\Windows\System32\ole32.dll
0x00007ffbff820000 - 0x00007ffbff834000 	C:\Users\Administrator\.openjfx\cache\16\javafx_font.dll
0x00007ffc13920000 - 0x00007ffc13ba3000 	C:\Windows\SYSTEM32\dwrite.dll
0x00007ffc213f0000 - 0x00007ffc21499000 	C:\Windows\System32\clbcatq.dll
0x00007ffc1a360000 - 0x00007ffc1a514000 	C:\Windows\SYSTEM32\WindowsCodecs.dll
0x00007ffc1ff20000 - 0x00007ffc1ff47000 	C:\Windows\System32\bcrypt.dll
0x00007ffc089f0000 - 0x00007ffc08a2e000 	C:\Windows\system32\dataexchange.dll
0x00007ffc1bf60000 - 0x00007ffc1c1c4000 	C:\Windows\system32\d3d11.dll
0x00007ffc1c790000 - 0x00007ffc1c975000 	C:\Windows\system32\dcomp.dll
0x00007ffc1e330000 - 0x00007ffc1e424000 	C:\Windows\system32\dxgi.dll
0x00007ffc1a070000 - 0x00007ffc1a271000 	C:\Windows\system32\twinapi.appcore.dll
0x00007ffbfb350000 - 0x00007ffbfb384000 	C:\Program Files\Common Files\Microsoft Shared\Ink\rtscom.dll
0x00007ffc15420000 - 0x00007ffc15519000 	C:\Windows\SYSTEM32\textinputframework.dll
0x00007ffc1c980000 - 0x00007ffc1ccde000 	C:\Windows\System32\CoreUIComponents.dll
0x00007ffc1d060000 - 0x00007ffc1d152000 	C:\Windows\System32\CoreMessaging.dll
0x00007ffc1e730000 - 0x00007ffc1e763000 	C:\Windows\SYSTEM32\ntmarta.dll
0x00007ffc1b9a0000 - 0x00007ffc1baf4000 	C:\Windows\SYSTEM32\wintypes.dll
0x00007ffc04b60000 - 0x00007ffc04d6a000 	C:\Windows\system32\SogouTSF.ime
0x00007ffc08750000 - 0x00007ffc08757000 	C:\Windows\system32\MSIMG32.dll
0x00007ffc04230000 - 0x00007ffc04b5f000 	C:\Windows\system32\SogouPy.ime

dbghelp: loaded successfully - version: 4.0.5 - missing functions: none
symbol engine: initialized successfully - sym options: 0x614 - pdb path: .;E:\x64\java\amazon-corretto-11.0.3.7.1-windows-x64\jdk11.0.3_7\bin;C:\Windows\SYSTEM32;C:\Windows\WinSxS\amd64_microsoft.windows.common-controls_6595b64144ccf1df_6.0.19041.1110_none_60b5254171f9507e;E:\x64\java\amazon-corretto-11.0.3.7.1-windows-x64\jdk11.0.3_7\bin\server;C:\Users\Administrator\AppData\Local\jintellitype\1.4.0;C:\Users\Administrator\.openjfx\cache\16;C:\Program Files\Common Files\Microsoft Shared\Ink;d:\Program Files (x86)\sogoupinyin\Components\PicFace\1.1.0.1881;d:\Program Files (x86)\sogoupinyin\11.2.0.5099;C:\Users\Administrator\.javacpp\cache\javacpp-1.5.6-windows-x86_64.jar\org\bytedeco\javacpp\windows-x86_64;C:\Users\Administrator\.javacpp\cache\openblas-0.3.17-1.5.6-windows-x86_64.jar\org\bytedeco\openblas\windows-x86_64;C:\Users\Administrator\.javacpp\cache\opencv-4.5.3-1.5.6-windows-x86_64.jar\org\bytedeco\opencv\windows-x86_64

VM Arguments:
java_command: gd.robot.akka.ui.HelloStageDemo
java_class_path (initial): E:\pro\workspace\desu-video\target\bg-jobs\sbt_b1358d9c\job-12\target\bfbe8166\38bd6576\grim-dawn_2.13-0.1.0-SNAPSHOT.jar;E:\pro\workspace\desu-video\target\bg-jobs\sbt_b1358d9c\target\f32e0569\78a1f733\desu-video-common_2.13-0.1.0-SNAPSHOT.jar;E:\pro\workspace\desu-video\target\bg-jobs\sbt_b1358d9c\target\4eaae888\aab5ff11\scala-library-2.13.7.jar;E:\pro\workspace\desu-video\target\bg-jobs\sbt_b1358d9c\target\147109f1\d8926a4e\twirl-api_2.13-1.5.1.jar;E:\pro\workspace\desu-video\target\bg-jobs\sbt_b1358d9c\target\4a1e8167\49f89a5e\akka-actor-typed_2.13-2.6.16.jar;E:\pro\workspace\desu-video\target\bg-jobs\sbt_b1358d9c\target\a66889c5\d37fb9e7\akka-stream_2.13-2.6.16.jar;E:\pro\workspace\desu-video\target\bg-jobs\sbt_b1358d9c\target\6e256a11\af41931e\akka-http_2.13-10.2.6.jar;E:\pro\workspace\desu-video\target\bg-jobs\sbt_b1358d9c\target\d746975a\12088939\akka-http-circe_2.13-1.37.0.jar;E:\pro\workspace\desu-video\target\bg-jobs\sbt_b1358d9c\target\018107f1\d8960a85\akka-stream-testkit_2.13-2.6.16.jar;E:\pro\workspace\desu-video\target\bg-jobs\sbt_b1358d9c\target\9d4d7e7c\63929f05\akka-http-testkit_2.13-10.2.6.jar;E:\pro\workspace\desu-video\target\bg-jobs\sbt_b1358d9c\target\9a74f7c6\45707c1a\util_2.13-2.4.1.jar;E:\pro\workspace\desu-video\target\bg-jobs\sbt_b1358d9c\target\06dad933\6020002f\proxy_2.13-2.4.1.jar;E:\pro\workspace\desu-video\target\bg-jobs\sbt_b1358d9c\target\a992377a\0328e0d7\scalactic_2.13-3.2.9.jar;E:\pro\workspace\desu-video\target\bg-jobs\sbt_b1358d9c\target\c23a2942\ab106e36\slf4j-simple-1.7.31.jar;E:\pro\workspace\desu-video\target\bg-jobs\sbt_b1358d9c\target\86881ae4\19cd3d48\jintellitype-1.4.0.jar;E:\pro\workspace\desu-video\target\bg-jobs\sbt_b1358d9c\target\fa94a9cb\3276937f\thumbnailator-0.4.14.jar;E:\pro\workspace\desu-video\target\bg-jobs\sbt_b1358d9c\target\b1d7dacd\58fa9571\javacv-platform-1.5.6.jar;E:\pro\workspace\desu-video\target\bg-jobs\sbt_b1358d9c\target\289e28e7\dc654dd1\scalafx_2.13-16.0.0-R25.jar
Launcher Type: SUN_STANDARD

[Global flags]
     intx CICompilerCount                          = 4                                         {product} {ergonomic}
     uint ConcGCThreads                            = 2                                         {product} {ergonomic}
     uint G1ConcRefinementThreads                  = 8                                         {product} {ergonomic}
   size_t G1HeapRegionSize                         = 2097152                                   {product} {ergonomic}
    uintx GCDrainStackTargetSize                   = 64                                        {product} {ergonomic}
   size_t InitialHeapSize                          = 536870912                                 {product} {ergonomic}
   size_t MarkStackSize                            = 4194304                                   {product} {ergonomic}
   size_t MaxHeapSize                              = 8581545984                                {product} {ergonomic}
   size_t MaxNewSize                               = 5148508160                                {product} {ergonomic}
   size_t MinHeapDeltaBytes                        = 2097152                                   {product} {ergonomic}
    uintx NonNMethodCodeHeapSize                   = 5835340                                {pd product} {ergonomic}
    uintx NonProfiledCodeHeapSize                  = 122911450                              {pd product} {ergonomic}
    uintx ProfiledCodeHeapSize                     = 122911450                              {pd product} {ergonomic}
    uintx ReservedCodeCacheSize                    = 251658240                              {pd product} {ergonomic}
     bool SegmentedCodeCache                       = true                                      {product} {ergonomic}
     bool UseCompressedClassPointers               = true                                 {lp64_product} {ergonomic}
     bool UseCompressedOops                        = true                                 {lp64_product} {ergonomic}
     bool UseG1GC                                  = true                                      {product} {ergonomic}
     bool UseLargePagesIndividualAllocation        = false                                  {pd product} {ergonomic}

Logging:
Log output configuration:
 #0: stdout all=warning uptime,level,tags
 #1: stderr all=off uptime,level,tags

Environment Variables:
JAVA_HOME=E:\x64\java\amazon-corretto-11.0.3.7.1-windows-x64\jdk11.0.3_7
CLASSPATH=E:\pro\workspace\desu-video\target\bg-jobs\sbt_b1358d9c\job-12\target\bfbe8166\38bd6576\grim-dawn_2.13-0.1.0-SNAPSHOT.jar;E:\pro\workspace\desu-video\target\bg-jobs\sbt_b1358d9c\target\f32e0569\78a1f733\desu-video-common_2.13-0.1.0-SNAPSHOT.jar;E:\pro\workspace\desu-video\target\bg-jobs\sbt_b1358d9c\target\4eaae888\aab5ff11\scala-library-2.13.7.jar;E:\pro\workspace\desu-video\target\bg-jobs\sbt_b1358d9c\target\147109f1\d8926a4e\twirl-api_2.13-1.5.1.jar;E:\pro\workspace\desu-video\target\bg-jobs\sbt_b1358d9c\target\4a1e8167\49f89a5e\akka-actor-typed_2.13-2.6.16.jar;E:\pro\workspace\desu-video\target\bg-jobs\sbt_b1358d9c\target\a66889c5\d37fb9e7\akka-stream_2.13-2.6.16.jar;E:\pro\workspace\desu-video\target\bg-jobs\sbt_b1358d9c\target\6e256a11\af41931e\akka-http_2.13-10.2.6.jar;E:\pro\workspace\desu-video\target\bg-jobs\sbt_b1358d9c\target\d746975a\12088939\akka-http-circe_2.13-1.37.0.jar;E:\pro\workspace\desu-video\target\bg-jobs\sbt_b1358d9c\target\018107f1\d8960a85\akka-stream-testkit_2.13-2.6.16.jar;E:\pro\workspace\desu-video\target\bg-jobs\sbt_b1358d9c\target\9d4d7e7c\63929f05\akka-http-testkit_2.13-10.2.6.jar;E:\pro\workspace\desu-video\target\bg-jobs\sbt_b1358d9c\target\9a74f7c6\45707c1a\util_2.13-2.4.1.jar;E:\pro\workspace\desu-video\target\bg-jobs\sbt_b1358d9c\target\06dad933\6020002f\proxy_2.13-2.4.1.jar;E:\pro\workspace\desu-video\target\bg-jobs\sbt_b1358d9c\target\a992377a\0328e0d7\scalactic_2.13-3.2.9.jar;E:\pro\workspace\desu-video\target\bg-jobs\sbt_b1358d9c\target\c23a2942\ab106e36\slf4j-simple-1.7.31.jar;E:\pro\workspace\desu-video\target\bg-jobs\sbt_b1358d9c\target\86881ae4\19cd3d48\jintellitype-1.4.0.jar;E:\pro\workspace\desu-video\target\bg-jobs\sbt_b1358d9c\target\fa94a9cb\3276937f\thumbnailator-0.4.14.jar;E:\pro\workspace\desu-video\target\bg-jobs\sbt_b1358d9c\target\b1d7dacd\58fa9571\javacv-platform-1.5.6.jar;E:\pro\workspace\desu-video\target\bg-jobs\sbt_b1358d9c\target\289e28e7\dc654dd1\scalafx_2.13-16.0.0-R25.jar;E:\pro\workspace\desu-vide
PATH=C:\Python27\Scripts\;C:\Python27\;C:\Windows\system32;C:\Windows;C:\Windows\System32\Wbem;C:\Windows\System32\WindowsPowerShell\v1.0\;C:\Program Files\Git\cmd;C:\Program Files\nodejs\;C:\ProgramData\chocolatey\bin;E:\x64\Microsoft VS Code\bin;C:\Program Files\Git\usr\bin;C:\HashiCorp\Vagrant\bin;C:\Users\Administrator\AppData\Local\Microsoft\WindowsApps;E:\x64\java\amazon-corretto-11.0.3.7.1-windows-x64\jdk11.0.3_7\bin;C:\Users\Administrator\AppData\Roaming\npm
USERNAME=Administrator
OS=Windows_NT
PROCESSOR_IDENTIFIER=AMD64 Family 21 Model 2 Stepping 0, AuthenticAMD



---------------  S Y S T E M  ---------------

OS: Windows 10 , 64 bit Build 19041 (10.0.19041.1348)

CPU:total 8 (initial active 8) (8 cores per cpu, 1 threads per core) family 21 model 2 stepping 0, cmov, cx8, fxsr, mmx, sse, sse2, sse3, ssse3, sse4.1, sse4.2, popcnt, avx, aes, clmul, mmxext, 3dnowpref, lzcnt, sse4a, tsc, tscinvbit, tscinv, bmi1, fma

Memory: 4k page, system-wide physical 32732M (21055M free)
TotalPageFile size 34780M (AvailPageFile size 19044M)
current process WorkingSet (physical memory assigned to process): 550M, peak: 640M
current process commit charge ("private bytes"): 2575M, peak: 2660M

vm_info: OpenJDK 64-Bit Server VM (11.0.3+7-LTS) for windows-amd64 JRE (11.0.3+7-LTS), built on Apr  6 2019 05:21:17 by "Administrator" with unknown MS VC++:1916

END.
